#
# A fatal error has been detected by the Java Runtime Environment:
#
#  SIGSEGV (0xb) at pc=0x00007f69d676ac27, pid=28663, tid=28668
#
# JRE version: OpenJDK Runtime Environment Temurin-17.0.5+8 (17.0.5+8) (build 17.0.5+8)
# Java VM: OpenJDK 64-Bit Server VM Temurin-17.0.5+8 (17.0.5+8, mixed mode, tiered, compressed oops, compressed class ptrs, g1 gc, linux-amd64)
# Problematic frame:
# C  [libtesseract.so.4.0.0+0xa1c27]  tesseract::Tesseract::recog_all_words(PAGE_RES*, ETEXT_DESC*, TBOX const*, char const*, int)+0x437
#
# Core dump will be written. Default location: Core dumps may be processed with "/usr/share/apport/apport -p%p -s%s -c%c -d%d -P%P -u%u -g%g -- %E" (or dumping to /home/user/eclipse-workspace/RDKV_Peacock/core.28663)
#
# If you would like to submit a bug report, please visit:
#   https://github.com/adoptium/adoptium-support/issues
# The crash happened outside the Java Virtual Machine in native code.
# See problematic frame for where to report the bug.
#

---------------  S U M M A R Y ------------

Command Line: -Dfile.encoding=UTF-8 -XX:+ShowCodeDetailsInExceptionMessages com.automatics.rdkv.STBhomescreen.ReadTextInImage

Host: Intel(R) Core(TM) i5-8500 CPU @ 3.00GHz, 6 cores, 15G, Ubuntu 18.04.6 LTS
Time: Thu Feb  9 18:06:22 2023 IST elapsed time: 0.789314 seconds (0d 0h 0m 0s)

---------------  T H R E A D  ---------------

Current thread (0x00007f6a5002b8f0):  JavaThread "main" [_thread_in_native, id=28668, stack(0x00007f6a5866b000,0x00007f6a5876c000)]

Stack: [0x00007f6a5866b000,0x00007f6a5876c000],  sp=0x00007f6a587695f0,  free space=1017k
Native frames: (J=compiled Java code, j=interpreted, Vv=VM code, C=native code)
C  [libtesseract.so.4.0.0+0xa1c27]  tesseract::Tesseract::recog_all_words(PAGE_RES*, ETEXT_DESC*, TBOX const*, char const*, int)+0x437

Java frames: (J=compiled Java code, j=interpreted, Vv=VM code)
j  com.sun.jna.Native.invokePointer(Lcom/sun/jna/Function;JI[Ljava/lang/Object;)J+0
j  com.sun.jna.Function.invokePointer(I[Ljava/lang/Object;)Lcom/sun/jna/Pointer;+7
j  com.sun.jna.Function.invoke([Ljava/lang/Object;Ljava/lang/Class;ZI)Ljava/lang/Object;+385
j  com.sun.jna.Function.invoke(Ljava/lang/reflect/Method;[Ljava/lang/Class;Ljava/lang/Class;[Ljava/lang/Object;Ljava/util/Map;)Ljava/lang/Object;+271
j  com.sun.jna.Library$Handler.invoke(Ljava/lang/Object;Ljava/lang/reflect/Method;[Ljava/lang/Object;)Ljava/lang/Object;+344
j  jdk.proxy2.$Proxy2.TessBaseAPIGetUTF8Text(Lnet/sourceforge/tess4j/ITessAPI$TessBaseAPI;)Lcom/sun/jna/Pointer;+16 jdk.proxy2
j  net.sourceforge.tess4j.Tesseract.getOCRText(Ljava/lang/String;I)Ljava/lang/String;+62
j  net.sourceforge.tess4j.Tesseract.doOCR(Ljavax/imageio/IIOImage;Ljava/lang/String;Ljava/awt/Rectangle;I)Ljava/lang/String;+17
j  net.sourceforge.tess4j.Tesseract.doOCR(Ljava/io/File;Ljava/awt/Rectangle;)Ljava/lang/String;+126
j  net.sourceforge.tess4j.Tesseract.doOCR(Ljava/io/File;)Ljava/lang/String;+3
j  com.automatics.rdkv.STBhomescreen.ReadTextInImage.crackImage(Ljava/lang/String;)Ljava/lang/String;+35
j  com.automatics.rdkv.STBhomescreen.ReadTextInImage.main([Ljava/lang/String;)V+7
v  ~StubRoutines::call_stub

siginfo: si_signo: 11 (SIGSEGV), si_code: 1 (SEGV_MAPERR), si_addr: 0x000000000000000c

Register to memory mapping:

RAX=0x0 is NULL
RBX=0x00007f6a50f87930 points into unknown readable memory: 0x00007f69d6bd6b88 | 88 6b bd d6 69 7f 00 00
RCX=0x0 is NULL
RDX=0x00007f6a50fa9528 points into unknown readable memory: 0x0000000000000000 | 00 00 00 00 00 00 00 00
RSP=0x00007f6a587695f0 is pointing into the stack for thread: 0x00007f6a5002b8f0
RBP=0x00007f6a58769640 is pointing into the stack for thread: 0x00007f6a5002b8f0
RSI=0x0000000000000001 is an unknown value
RDI=0x00007f6a58769690 is pointing into the stack for thread: 0x00007f6a5002b8f0
R8 =0x0 is NULL
R9 =0x0 is NULL
R10=0x00007f6a500008d0 points into unknown readable memory: 0x0100020200000002 | 02 00 00 00 02 02 00 01
R11=0x0 is NULL
R12=0x00007f6a50fe0380 points into unknown readable memory: 0x0000000000000000 | 00 00 00 00 00 00 00 00
R13=0x0 is NULL
R14=0x0 is NULL
R15=0x00007f6a50fe0380 points into unknown readable memory: 0x0000000000000000 | 00 00 00 00 00 00 00 00


Registers:
RAX=0x0000000000000000, RBX=0x00007f6a50f87930, RCX=0x0000000000000000, RDX=0x00007f6a50fa9528
RSP=0x00007f6a587695f0, RBP=0x00007f6a58769640, RSI=0x0000000000000001, RDI=0x00007f6a58769690
R8 =0x0000000000000000, R9 =0x0000000000000000, R10=0x00007f6a500008d0, R11=0x0000000000000000
R12=0x00007f6a50fe0380, R13=0x0000000000000000, R14=0x0000000000000000, R15=0x00007f6a50fe0380
RIP=0x00007f69d676ac27, EFLAGS=0x0000000000010246, CSGSFS=0x002b000000000033, ERR=0x0000000000000004
  TRAPNO=0x000000000000000e

Top of Stack: (sp=0x00007f6a587695f0)
0x00007f6a587695f0:   0000000000000000 0000000000000000
0x00007f6a58769600:   0000000000000000 00007f6a50ff2690
0x00007f6a58769610:   00007f6a50f83260 00007f6a50ff8ea0
0x00007f6a58769620:   0000000000000001 00007f6a58769650 

Instructions: (pc=0x00007f69d676ac27)
0x00007f69d676ab27:   89 e6 48 89 df e8 af 87 ff ff 4c 89 e6 48 89 df
0x00007f69d676ab37:   e8 b4 8b ff ff 4c 89 e6 48 89 df e8 f9 72 ff ff
0x00007f69d676ab47:   4c 89 e6 48 89 df e8 7e 74 ff ff e9 a9 fd ff ff
0x00007f69d676ab57:   66 0f 1f 84 00 00 00 00 00 48 8b 40 10 7e 2a 8b
0x00007f69d676ab67:   38 85 ff 75 4c 48 83 c0 04 83 ea 01 48 8d 14 90
0x00007f69d676ab77:   eb 12 0f 1f 80 00 00 00 00 48 83 c0 04 8b 70 fc
0x00007f69d676ab87:   85 f6 75 2d 48 39 c2 75 f0 48 85 c9 74 1b 8b 41
0x00007f69d676ab97:   10 8d 50 ff 83 fa 02 76 10 83 e8 05 83 f8 03 77
0x00007f69d676aba7:   10 0f 1f 84 00 00 00 00 00 48 89 ef e8 e8 2d 19
0x00007f69d676abb7:   00 31 d2 31 f6 48 89 ef e8 2c f6 18 00 48 8b 44
0x00007f69d676abc7:   24 70 48 85 c0 0f 84 8e fd ff ff 48 8b 94 24 80
0x00007f69d676abd7:   00 00 00 31 c9 48 8b 52 08 48 85 d2 74 04 48 8b
0x00007f69d676abe7:   4a 08 48 8b 80 e8 00 00 00 48 85 c0 74 bb 8b 50
0x00007f69d676abf7:   34 83 fa 00 74 b3 e9 5e ff ff ff 66 0f 1f 44 00
0x00007f69d676ac07:   00 31 f6 48 89 ef e8 ce f9 18 00 8b 83 a0 15 00
0x00007f69d676ac17:   00 85 c0 0f 8f c0 00 00 00 48 8b 83 40 0a 00 00
0x00007f69d676ac27:   80 78 0c 00 0f 85 a7 02 00 00 8b 83 58 47 02 00
0x00007f69d676ac37:   85 c0 0f 8e b1 00 00 00 31 d2 45 31 ff eb 2c 66
0x00007f69d676ac47:   2e 0f 1f 84 00 00 00 00 00 48 8b 8f 40 0a 00 00
0x00007f69d676ac57:   80 79 0c 00 0f 85 ff 01 00 00 41 83 c7 01 48 83
0x00007f69d676ac67:   c2 08 44 3b bb 58 47 02 00 7d 7e 48 8b 8b 60 47
0x00007f69d676ac77:   02 00 48 8b 3c 11 8b 87 a0 15 00 00 85 c0 7e c9
0x00007f69d676ac87:   48 89 54 24 10 e8 8f 46 0f 00 48 8b 54 24 10 eb
0x00007f69d676ac97:   c9 0f 1f 84 00 00 00 00 00 80 bb 72 30 02 00 00
0x00007f69d676aca7:   0f 85 73 fc ff ff 8b b3 04 1d 02 00 4c 89 e2 4c
0x00007f69d676acb7:   89 ff e8 32 d4 0b 00 31 f6 48 89 ef e8 18 f9 18
0x00007f69d676acc7:   00 48 8b 44 24 70 48 85 c0 0f 85 fc fe ff ff e9
0x00007f69d676acd7:   94 fc ff ff 0f 1f 44 00 00 48 89 df e8 38 46 0f
0x00007f69d676ace7:   00 e9 44 ff ff ff 0f 1f 00 4c 8d 7c 24 30 be 04
0x00007f69d676acf7:   00 00 00 48 c7 44 24 30 00 00 00 00 48 c7 44 24
0x00007f69d676ad07:   38 00 00 00 00 48 c7 44 24 40 00 00 00 00 4c 89
0x00007f69d676ad17:   ff 48 c7 44 24 48 00 00 00 00 e8 3a 19 00 00 48 


Stack slot to memory mapping:
stack at sp + 0 slots: 0x0 is NULL
stack at sp + 1 slots: 0x0 is NULL
stack at sp + 2 slots: 0x0 is NULL
stack at sp + 3 slots: 0x00007f6a50ff2690 points into unknown readable memory: 0x00007f6a50ff2690 | 90 26 ff 50 6a 7f 00 00
stack at sp + 4 slots: 0x00007f6a50f83260 points into unknown readable memory: 0x00007f6a50f83260 | 60 32 f8 50 6a 7f 00 00
stack at sp + 5 slots: 0x00007f6a50ff8ea0 points into unknown readable memory: 0x00007f6a50ff8ea0 | a0 8e ff 50 6a 7f 00 00
stack at sp + 6 slots: 0x0000000000000001 is an unknown value
stack at sp + 7 slots: 0x00007f6a58769650 is pointing into the stack for thread: 0x00007f6a5002b8f0


---------------  P R O C E S S  ---------------

Threads class SMR info:
_java_thread_list=0x00007f69f84f1d60, length=14, elements={
0x00007f6a5002b8f0, 0x00007f6a501e88d0, 0x00007f6a501e9f20, 0x00007f6a5020ec30,
0x00007f6a5020ffe0, 0x00007f6a502113f0, 0x00007f6a50212a70, 0x00007f6a50213f50,
0x00007f6a502153c0, 0x00007f6a5029ef70, 0x00007f6a502aab00, 0x00007f6a50cef770,
0x00007f6a50d63e00, 0x00007f69f84f0ed0
}

Java Threads: ( => current thread )
=>0x00007f6a5002b8f0 JavaThread "main" [_thread_in_native, id=28668, stack(0x00007f6a5866b000,0x00007f6a5876c000)]
  0x00007f6a501e88d0 JavaThread "Reference Handler" daemon [_thread_blocked, id=28678, stack(0x00007f6a341fd000,0x00007f6a342fe000)]
  0x00007f6a501e9f20 JavaThread "Finalizer" daemon [_thread_blocked, id=28679, stack(0x00007f6a340fc000,0x00007f6a341fd000)]
  0x00007f6a5020ec30 JavaThread "Signal Dispatcher" daemon [_thread_blocked, id=28680, stack(0x00007f6a25c21000,0x00007f6a25d22000)]
  0x00007f6a5020ffe0 JavaThread "Service Thread" daemon [_thread_blocked, id=28681, stack(0x00007f6a25b20000,0x00007f6a25c21000)]
  0x00007f6a502113f0 JavaThread "Monitor Deflation Thread" daemon [_thread_blocked, id=28682, stack(0x00007f6a25a1f000,0x00007f6a25b20000)]
  0x00007f6a50212a70 JavaThread "C2 CompilerThread0" daemon [_thread_blocked, id=28683, stack(0x00007f6a2591e000,0x00007f6a25a1f000)]
  0x00007f6a50213f50 JavaThread "C1 CompilerThread0" daemon [_thread_blocked, id=28684, stack(0x00007f6a2581d000,0x00007f6a2591e000)]
  0x00007f6a502153c0 JavaThread "Sweeper thread" daemon [_thread_blocked, id=28685, stack(0x00007f6a2571c000,0x00007f6a2581d000)]
  0x00007f6a5029ef70 JavaThread "Notification Thread" daemon [_thread_blocked, id=28686, stack(0x00007f6a2561b000,0x00007f6a2571c000)]
  0x00007f6a502aab00 JavaThread "Common-Cleaner" daemon [_thread_blocked, id=28688, stack(0x00007f6a25418000,0x00007f6a25519000)]
  0x00007f6a50cef770 JavaThread "Java2D Disposer" daemon [_thread_blocked, id=28695, stack(0x00007f69d7098000,0x00007f69d7199000)]
  0x00007f6a50d63e00 JavaThread "process reaper" daemon [_thread_blocked, id=28697, stack(0x00007f6a245da000,0x00007f6a245fc000)]
  0x00007f69f84f0ed0 JavaThread "C2 CompilerThread1" daemon [_thread_blocked, id=28698, stack(0x00007f6a25317000,0x00007f6a25418000)]

Other Threads:
  0x00007f6a50199600 VMThread "VM Thread" [stack: 0x00007f6a34300000,0x00007f6a34400000] [id=28677]
  0x00007f6a5022ad90 WatcherThread [stack: 0x00007f6a2551b000,0x00007f6a2561b000] [id=28687]
  0x00007f6a50094f90 GCTaskThread "GC Thread#0" [stack: 0x00007f6a541da000,0x00007f6a542da000] [id=28672]
  0x00007f6a1c005750 GCTaskThread "GC Thread#1" [stack: 0x00007f6a25217000,0x00007f6a25317000] [id=28690]
  0x00007f6a1c006180 GCTaskThread "GC Thread#2" [stack: 0x00007f6a25115000,0x00007f6a25215000] [id=28691]
  0x00007f6a1c006bb0 GCTaskThread "GC Thread#3" [stack: 0x00007f6a25013000,0x00007f6a25113000] [id=28692]
  0x00007f6a1c0079d0 GCTaskThread "GC Thread#4" [stack: 0x00007f6a24700000,0x00007f6a24800000] [id=28693]
  0x00007f6a1c00de90 GCTaskThread "GC Thread#5" [stack: 0x00007f6a245fe000,0x00007f6a246fe000] [id=28694]
  0x00007f6a500a5cc0 ConcurrentGCThread "G1 Main Marker" [stack: 0x00007f6a540d8000,0x00007f6a541d8000] [id=28673]
  0x00007f6a500a6c20 ConcurrentGCThread "G1 Conc#0" [stack: 0x00007f6a35547000,0x00007f6a35647000] [id=28674]
  0x00007f6a50151c60 ConcurrentGCThread "G1 Refine#0" [stack: 0x00007f6a34e3f000,0x00007f6a34f3f000] [id=28675]
  0x00007f6a50152b50 ConcurrentGCThread "G1 Service" [stack: 0x00007f6a34d3d000,0x00007f6a34e3d000] [id=28676]

Threads with active compile tasks:

VM state: not at safepoint (normal execution)

VM Mutex/Monitor currently owned by a thread: None

Heap address: 0x0000000708c00000, size: 3956 MB, Compressed Oops mode: Zero based, Oop shift amount: 3

CDS archive(s) not mapped
Compressed class space mapped at: 0x0000000800000000-0x0000000840000000, reserved size: 1073741824
Narrow klass base: 0x0000000800000000, Narrow klass shift: 0, Narrow klass range: 0x40000000

GC Precious Log:
 CPUs: 6 total, 6 available
 Memory: 15822M
 Large Page Support: Disabled
 NUMA Support: Disabled
 Compressed Oops: Enabled (Zero based)
 Heap Region Size: 2M
 Heap Min Capacity: 8M
 Heap Initial Capacity: 248M
 Heap Max Capacity: 3956M
 Pre-touch: Disabled
 Parallel Workers: 6
 Concurrent Workers: 2
 Concurrent Refinement Workers: 6
 Periodic GC: Disabled

Heap:
 garbage-first heap   total 253952K, used 15686K [0x0000000708c00000, 0x0000000800000000)
  region size 2048K, 6 young (12288K), 2 survivors (4096K)
 Metaspace       used 15622K, committed 15744K, reserved 1064960K
  class space    used 1540K, committed 1600K, reserved 1048576K

Heap Regions: E=young(eden), S=young(survivor), O=old, HS=humongous(starts), HC=humongous(continues), CS=collection set, F=free, OA=open archive, CA=closed archive, TAMS=top-at-mark-start (previous, next)
|   0|0x0000000708c00000, 0x0000000708e00000, 0x0000000708e00000|100%| O|  |TAMS 0x0000000708c00000, 0x0000000708c00000| Untracked 
|   1|0x0000000708e00000, 0x0000000709000000, 0x0000000709000000|100%| O|  |TAMS 0x0000000708e00000, 0x0000000708e00000| Untracked 
|   2|0x0000000709000000, 0x0000000709151800, 0x0000000709200000| 65%| O|  |TAMS 0x0000000709000000, 0x0000000709000000| Untracked 
|   3|0x0000000709200000, 0x0000000709200000, 0x0000000709400000|  0%| F|  |TAMS 0x0000000709200000, 0x0000000709200000| Untracked 
|   4|0x0000000709400000, 0x0000000709400000, 0x0000000709600000|  0%| F|  |TAMS 0x0000000709400000, 0x0000000709400000| Untracked 
|   5|0x0000000709600000, 0x0000000709600000, 0x0000000709800000|  0%| F|  |TAMS 0x0000000709600000, 0x0000000709600000| Untracked 
|   6|0x0000000709800000, 0x0000000709800000, 0x0000000709a00000|  0%| F|  |TAMS 0x0000000709800000, 0x0000000709800000| Untracked 
|   7|0x0000000709a00000, 0x0000000709a00000, 0x0000000709c00000|  0%| F|  |TAMS 0x0000000709a00000, 0x0000000709a00000| Untracked 
|   8|0x0000000709c00000, 0x0000000709c00000, 0x0000000709e00000|  0%| F|  |TAMS 0x0000000709c00000, 0x0000000709c00000| Untracked 
|   9|0x0000000709e00000, 0x0000000709e00000, 0x000000070a000000|  0%| F|  |TAMS 0x0000000709e00000, 0x0000000709e00000| Untracked 
|  10|0x000000070a000000, 0x000000070a000000, 0x000000070a200000|  0%| F|  |TAMS 0x000000070a000000, 0x000000070a000000| Untracked 
|  11|0x000000070a200000, 0x000000070a200000, 0x000000070a400000|  0%| F|  |TAMS 0x000000070a200000, 0x000000070a200000| Untracked 
|  12|0x000000070a400000, 0x000000070a400000, 0x000000070a600000|  0%| F|  |TAMS 0x000000070a400000, 0x000000070a400000| Untracked 
|  13|0x000000070a600000, 0x000000070a600000, 0x000000070a800000|  0%| F|  |TAMS 0x000000070a600000, 0x000000070a600000| Untracked 
|  14|0x000000070a800000, 0x000000070a800000, 0x000000070aa00000|  0%| F|  |TAMS 0x000000070a800000, 0x000000070a800000| Untracked 
|  15|0x000000070aa00000, 0x000000070aa00000, 0x000000070ac00000|  0%| F|  |TAMS 0x000000070aa00000, 0x000000070aa00000| Untracked 
|  16|0x000000070ac00000, 0x000000070ac00000, 0x000000070ae00000|  0%| F|  |TAMS 0x000000070ac00000, 0x000000070ac00000| Untracked 
|  17|0x000000070ae00000, 0x000000070ae00000, 0x000000070b000000|  0%| F|  |TAMS 0x000000070ae00000, 0x000000070ae00000| Untracked 
|  18|0x000000070b000000, 0x000000070b000000, 0x000000070b200000|  0%| F|  |TAMS 0x000000070b000000, 0x000000070b000000| Untracked 
|  19|0x000000070b200000, 0x000000070b200000, 0x000000070b400000|  0%| F|  |TAMS 0x000000070b200000, 0x000000070b200000| Untracked 
|  20|0x000000070b400000, 0x000000070b400000, 0x000000070b600000|  0%| F|  |TAMS 0x000000070b400000, 0x000000070b400000| Untracked 
|  21|0x000000070b600000, 0x000000070b600000, 0x000000070b800000|  0%| F|  |TAMS 0x000000070b600000, 0x000000070b600000| Untracked 
|  22|0x000000070b800000, 0x000000070b800000, 0x000000070ba00000|  0%| F|  |TAMS 0x000000070b800000, 0x000000070b800000| Untracked 
|  23|0x000000070ba00000, 0x000000070ba00000, 0x000000070bc00000|  0%| F|  |TAMS 0x000000070ba00000, 0x000000070ba00000| Untracked 
|  24|0x000000070bc00000, 0x000000070bc00000, 0x000000070be00000|  0%| F|  |TAMS 0x000000070bc00000, 0x000000070bc00000| Untracked 
|  25|0x000000070be00000, 0x000000070be00000, 0x000000070c000000|  0%| F|  |TAMS 0x000000070be00000, 0x000000070be00000| Untracked 
|  26|0x000000070c000000, 0x000000070c000000, 0x000000070c200000|  0%| F|  |TAMS 0x000000070c000000, 0x000000070c000000| Untracked 
|  27|0x000000070c200000, 0x000000070c200000, 0x000000070c400000|  0%| F|  |TAMS 0x000000070c200000, 0x000000070c200000| Untracked 
|  28|0x000000070c400000, 0x000000070c400000, 0x000000070c600000|  0%| F|  |TAMS 0x000000070c400000, 0x000000070c400000| Untracked 
|  29|0x000000070c600000, 0x000000070c600000, 0x000000070c800000|  0%| F|  |TAMS 0x000000070c600000, 0x000000070c600000| Untracked 
|  30|0x000000070c800000, 0x000000070c800000, 0x000000070ca00000|  0%| F|  |TAMS 0x000000070c800000, 0x000000070c800000| Untracked 
|  31|0x000000070ca00000, 0x000000070ca00000, 0x000000070cc00000|  0%| F|  |TAMS 0x000000070ca00000, 0x000000070ca00000| Untracked 
|  32|0x000000070cc00000, 0x000000070cc00000, 0x000000070ce00000|  0%| F|  |TAMS 0x000000070cc00000, 0x000000070cc00000| Untracked 
|  33|0x000000070ce00000, 0x000000070ce00000, 0x000000070d000000|  0%| F|  |TAMS 0x000000070ce00000, 0x000000070ce00000| Untracked 
|  34|0x000000070d000000, 0x000000070d000000, 0x000000070d200000|  0%| F|  |TAMS 0x000000070d000000, 0x000000070d000000| Untracked 
|  35|0x000000070d200000, 0x000000070d200000, 0x000000070d400000|  0%| F|  |TAMS 0x000000070d200000, 0x000000070d200000| Untracked 
|  36|0x000000070d400000, 0x000000070d400000, 0x000000070d600000|  0%| F|  |TAMS 0x000000070d400000, 0x000000070d400000| Untracked 
|  37|0x000000070d600000, 0x000000070d600000, 0x000000070d800000|  0%| F|  |TAMS 0x000000070d600000, 0x000000070d600000| Untracked 
|  38|0x000000070d800000, 0x000000070d800000, 0x000000070da00000|  0%| F|  |TAMS 0x000000070d800000, 0x000000070d800000| Untracked 
|  39|0x000000070da00000, 0x000000070da00000, 0x000000070dc00000|  0%| F|  |TAMS 0x000000070da00000, 0x000000070da00000| Untracked 
|  40|0x000000070dc00000, 0x000000070dc00000, 0x000000070de00000|  0%| F|  |TAMS 0x000000070dc00000, 0x000000070dc00000| Untracked 
|  41|0x000000070de00000, 0x000000070de00000, 0x000000070e000000|  0%| F|  |TAMS 0x000000070de00000, 0x000000070de00000| Untracked 
|  42|0x000000070e000000, 0x000000070e000000, 0x000000070e200000|  0%| F|  |TAMS 0x000000070e000000, 0x000000070e000000| Untracked 
|  43|0x000000070e200000, 0x000000070e200000, 0x000000070e400000|  0%| F|  |TAMS 0x000000070e200000, 0x000000070e200000| Untracked 
|  44|0x000000070e400000, 0x000000070e400000, 0x000000070e600000|  0%| F|  |TAMS 0x000000070e400000, 0x000000070e400000| Untracked 
|  45|0x000000070e600000, 0x000000070e600000, 0x000000070e800000|  0%| F|  |TAMS 0x000000070e600000, 0x000000070e600000| Untracked 
|  46|0x000000070e800000, 0x000000070e800000, 0x000000070ea00000|  0%| F|  |TAMS 0x000000070e800000, 0x000000070e800000| Untracked 
|  47|0x000000070ea00000, 0x000000070ea00000, 0x000000070ec00000|  0%| F|  |TAMS 0x000000070ea00000, 0x000000070ea00000| Untracked 
|  48|0x000000070ec00000, 0x000000070ec00000, 0x000000070ee00000|  0%| F|  |TAMS 0x000000070ec00000, 0x000000070ec00000| Untracked 
|  49|0x000000070ee00000, 0x000000070ee00000, 0x000000070f000000|  0%| F|  |TAMS 0x000000070ee00000, 0x000000070ee00000| Untracked 
|  50|0x000000070f000000, 0x000000070f000000, 0x000000070f200000|  0%| F|  |TAMS 0x000000070f000000, 0x000000070f000000| Untracked 
|  51|0x000000070f200000, 0x000000070f200000, 0x000000070f400000|  0%| F|  |TAMS 0x000000070f200000, 0x000000070f200000| Untracked 
|  52|0x000000070f400000, 0x000000070f400000, 0x000000070f600000|  0%| F|  |TAMS 0x000000070f400000, 0x000000070f400000| Untracked 
|  53|0x000000070f600000, 0x000000070f600000, 0x000000070f800000|  0%| F|  |TAMS 0x000000070f600000, 0x000000070f600000| Untracked 
|  54|0x000000070f800000, 0x000000070f800000, 0x000000070fa00000|  0%| F|  |TAMS 0x000000070f800000, 0x000000070f800000| Untracked 
|  55|0x000000070fa00000, 0x000000070fa00000, 0x000000070fc00000|  0%| F|  |TAMS 0x000000070fa00000, 0x000000070fa00000| Untracked 
|  56|0x000000070fc00000, 0x000000070fc00000, 0x000000070fe00000|  0%| F|  |TAMS 0x000000070fc00000, 0x000000070fc00000| Untracked 
|  57|0x000000070fe00000, 0x000000070fe00000, 0x0000000710000000|  0%| F|  |TAMS 0x000000070fe00000, 0x000000070fe00000| Untracked 
|  58|0x0000000710000000, 0x0000000710000000, 0x0000000710200000|  0%| F|  |TAMS 0x0000000710000000, 0x0000000710000000| Untracked 
|  59|0x0000000710200000, 0x0000000710200000, 0x0000000710400000|  0%| F|  |TAMS 0x0000000710200000, 0x0000000710200000| Untracked 
|  60|0x0000000710400000, 0x0000000710400000, 0x0000000710600000|  0%| F|  |TAMS 0x0000000710400000, 0x0000000710400000| Untracked 
|  61|0x0000000710600000, 0x0000000710600000, 0x0000000710800000|  0%| F|  |TAMS 0x0000000710600000, 0x0000000710600000| Untracked 
|  62|0x0000000710800000, 0x0000000710800000, 0x0000000710a00000|  0%| F|  |TAMS 0x0000000710800000, 0x0000000710800000| Untracked 
|  63|0x0000000710a00000, 0x0000000710a00000, 0x0000000710c00000|  0%| F|  |TAMS 0x0000000710a00000, 0x0000000710a00000| Untracked 
|  64|0x0000000710c00000, 0x0000000710c00000, 0x0000000710e00000|  0%| F|  |TAMS 0x0000000710c00000, 0x0000000710c00000| Untracked 
|  65|0x0000000710e00000, 0x0000000710e00000, 0x0000000711000000|  0%| F|  |TAMS 0x0000000710e00000, 0x0000000710e00000| Untracked 
|  66|0x0000000711000000, 0x0000000711000000, 0x0000000711200000|  0%| F|  |TAMS 0x0000000711000000, 0x0000000711000000| Untracked 
|  67|0x0000000711200000, 0x0000000711200000, 0x0000000711400000|  0%| F|  |TAMS 0x0000000711200000, 0x0000000711200000| Untracked 
|  68|0x0000000711400000, 0x0000000711400000, 0x0000000711600000|  0%| F|  |TAMS 0x0000000711400000, 0x0000000711400000| Untracked 
|  69|0x0000000711600000, 0x0000000711600000, 0x0000000711800000|  0%| F|  |TAMS 0x0000000711600000, 0x0000000711600000| Untracked 
|  70|0x0000000711800000, 0x0000000711800000, 0x0000000711a00000|  0%| F|  |TAMS 0x0000000711800000, 0x0000000711800000| Untracked 
|  71|0x0000000711a00000, 0x0000000711a00000, 0x0000000711c00000|  0%| F|  |TAMS 0x0000000711a00000, 0x0000000711a00000| Untracked 
|  72|0x0000000711c00000, 0x0000000711c00000, 0x0000000711e00000|  0%| F|  |TAMS 0x0000000711c00000, 0x0000000711c00000| Untracked 
|  73|0x0000000711e00000, 0x0000000711e00000, 0x0000000712000000|  0%| F|  |TAMS 0x0000000711e00000, 0x0000000711e00000| Untracked 
|  74|0x0000000712000000, 0x0000000712000000, 0x0000000712200000|  0%| F|  |TAMS 0x0000000712000000, 0x0000000712000000| Untracked 
|  75|0x0000000712200000, 0x0000000712200000, 0x0000000712400000|  0%| F|  |TAMS 0x0000000712200000, 0x0000000712200000| Untracked 
|  76|0x0000000712400000, 0x0000000712400000, 0x0000000712600000|  0%| F|  |TAMS 0x0000000712400000, 0x0000000712400000| Untracked 
|  77|0x0000000712600000, 0x0000000712600000, 0x0000000712800000|  0%| F|  |TAMS 0x0000000712600000, 0x0000000712600000| Untracked 
|  78|0x0000000712800000, 0x0000000712800000, 0x0000000712a00000|  0%| F|  |TAMS 0x0000000712800000, 0x0000000712800000| Untracked 
|  79|0x0000000712a00000, 0x0000000712a00000, 0x0000000712c00000|  0%| F|  |TAMS 0x0000000712a00000, 0x0000000712a00000| Untracked 
|  80|0x0000000712c00000, 0x0000000712c00000, 0x0000000712e00000|  0%| F|  |TAMS 0x0000000712c00000, 0x0000000712c00000| Untracked 
|  81|0x0000000712e00000, 0x0000000712e00000, 0x0000000713000000|  0%| F|  |TAMS 0x0000000712e00000, 0x0000000712e00000| Untracked 
|  82|0x0000000713000000, 0x0000000713000000, 0x0000000713200000|  0%| F|  |TAMS 0x0000000713000000, 0x0000000713000000| Untracked 
|  83|0x0000000713200000, 0x0000000713200000, 0x0000000713400000|  0%| F|  |TAMS 0x0000000713200000, 0x0000000713200000| Untracked 
|  84|0x0000000713400000, 0x0000000713400000, 0x0000000713600000|  0%| F|  |TAMS 0x0000000713400000, 0x0000000713400000| Untracked 
|  85|0x0000000713600000, 0x0000000713600000, 0x0000000713800000|  0%| F|  |TAMS 0x0000000713600000, 0x0000000713600000| Untracked 
|  86|0x0000000713800000, 0x0000000713800000, 0x0000000713a00000|  0%| F|  |TAMS 0x0000000713800000, 0x0000000713800000| Untracked 
|  87|0x0000000713a00000, 0x0000000713a00000, 0x0000000713c00000|  0%| F|  |TAMS 0x0000000713a00000, 0x0000000713a00000| Untracked 
|  88|0x0000000713c00000, 0x0000000713c00000, 0x0000000713e00000|  0%| F|  |TAMS 0x0000000713c00000, 0x0000000713c00000| Untracked 
|  89|0x0000000713e00000, 0x0000000713e00000, 0x0000000714000000|  0%| F|  |TAMS 0x0000000713e00000, 0x0000000713e00000| Untracked 
|  90|0x0000000714000000, 0x0000000714000000, 0x0000000714200000|  0%| F|  |TAMS 0x0000000714000000, 0x0000000714000000| Untracked 
|  91|0x0000000714200000, 0x0000000714200000, 0x0000000714400000|  0%| F|  |TAMS 0x0000000714200000, 0x0000000714200000| Untracked 
|  92|0x0000000714400000, 0x0000000714400000, 0x0000000714600000|  0%| F|  |TAMS 0x0000000714400000, 0x0000000714400000| Untracked 
|  93|0x0000000714600000, 0x0000000714600000, 0x0000000714800000|  0%| F|  |TAMS 0x0000000714600000, 0x0000000714600000| Untracked 
|  94|0x0000000714800000, 0x0000000714800000, 0x0000000714a00000|  0%| F|  |TAMS 0x0000000714800000, 0x0000000714800000| Untracked 
|  95|0x0000000714a00000, 0x0000000714a00000, 0x0000000714c00000|  0%| F|  |TAMS 0x0000000714a00000, 0x0000000714a00000| Untracked 
|  96|0x0000000714c00000, 0x0000000714c00000, 0x0000000714e00000|  0%| F|  |TAMS 0x0000000714c00000, 0x0000000714c00000| Untracked 
|  97|0x0000000714e00000, 0x0000000714e00000, 0x0000000715000000|  0%| F|  |TAMS 0x0000000714e00000, 0x0000000714e00000| Untracked 
|  98|0x0000000715000000, 0x0000000715000000, 0x0000000715200000|  0%| F|  |TAMS 0x0000000715000000, 0x0000000715000000| Untracked 
|  99|0x0000000715200000, 0x0000000715200000, 0x0000000715400000|  0%| F|  |TAMS 0x0000000715200000, 0x0000000715200000| Untracked 
| 100|0x0000000715400000, 0x0000000715400000, 0x0000000715600000|  0%| F|  |TAMS 0x0000000715400000, 0x0000000715400000| Untracked 
| 101|0x0000000715600000, 0x0000000715600000, 0x0000000715800000|  0%| F|  |TAMS 0x0000000715600000, 0x0000000715600000| Untracked 
| 102|0x0000000715800000, 0x0000000715800000, 0x0000000715a00000|  0%| F|  |TAMS 0x0000000715800000, 0x0000000715800000| Untracked 
| 103|0x0000000715a00000, 0x0000000715a00000, 0x0000000715c00000|  0%| F|  |TAMS 0x0000000715a00000, 0x0000000715a00000| Untracked 
| 104|0x0000000715c00000, 0x0000000715c00000, 0x0000000715e00000|  0%| F|  |TAMS 0x0000000715c00000, 0x0000000715c00000| Untracked 
| 105|0x0000000715e00000, 0x0000000715e00000, 0x0000000716000000|  0%| F|  |TAMS 0x0000000715e00000, 0x0000000715e00000| Untracked 
| 106|0x0000000716000000, 0x0000000716000000, 0x0000000716200000|  0%| F|  |TAMS 0x0000000716000000, 0x0000000716000000| Untracked 
| 107|0x0000000716200000, 0x0000000716200000, 0x0000000716400000|  0%| F|  |TAMS 0x0000000716200000, 0x0000000716200000| Untracked 
| 108|0x0000000716400000, 0x0000000716400000, 0x0000000716600000|  0%| F|  |TAMS 0x0000000716400000, 0x0000000716400000| Untracked 
| 109|0x0000000716600000, 0x0000000716600000, 0x0000000716800000|  0%| F|  |TAMS 0x0000000716600000, 0x0000000716600000| Untracked 
| 110|0x0000000716800000, 0x0000000716800000, 0x0000000716a00000|  0%| F|  |TAMS 0x0000000716800000, 0x0000000716800000| Untracked 
| 111|0x0000000716a00000, 0x0000000716a00000, 0x0000000716c00000|  0%| F|  |TAMS 0x0000000716a00000, 0x0000000716a00000| Untracked 
| 112|0x0000000716c00000, 0x0000000716e00000, 0x0000000716e00000|100%| S|CS|TAMS 0x0000000716c00000, 0x0000000716c00000| Complete 
| 113|0x0000000716e00000, 0x0000000717000000, 0x0000000717000000|100%| S|CS|TAMS 0x0000000716e00000, 0x0000000716e00000| Complete 
| 114|0x0000000717000000, 0x0000000717000000, 0x0000000717200000|  0%| F|  |TAMS 0x0000000717000000, 0x0000000717000000| Untracked 
| 115|0x0000000717200000, 0x0000000717200000, 0x0000000717400000|  0%| F|  |TAMS 0x0000000717200000, 0x0000000717200000| Untracked 
| 116|0x0000000717400000, 0x0000000717400000, 0x0000000717600000|  0%| F|  |TAMS 0x0000000717400000, 0x0000000717400000| Untracked 
| 117|0x0000000717600000, 0x0000000717600000, 0x0000000717800000|  0%| F|  |TAMS 0x0000000717600000, 0x0000000717600000| Untracked 
| 118|0x0000000717800000, 0x0000000717800000, 0x0000000717a00000|  0%| F|  |TAMS 0x0000000717800000, 0x0000000717800000| Untracked 
| 119|0x0000000717a00000, 0x0000000717a00000, 0x0000000717c00000|  0%| F|  |TAMS 0x0000000717a00000, 0x0000000717a00000| Untracked 
| 120|0x0000000717c00000, 0x0000000717dea1e8, 0x0000000717e00000| 95%| E|  |TAMS 0x0000000717c00000, 0x0000000717c00000| Complete 
| 121|0x0000000717e00000, 0x0000000718000000, 0x0000000718000000|100%| E|CS|TAMS 0x0000000717e00000, 0x0000000717e00000| Complete 
| 122|0x0000000718000000, 0x0000000718200000, 0x0000000718200000|100%| E|CS|TAMS 0x0000000718000000, 0x0000000718000000| Complete 
| 123|0x0000000718200000, 0x0000000718400000, 0x0000000718400000|100%| E|CS|TAMS 0x0000000718200000, 0x0000000718200000| Complete 

Card table byte_map: [0x00007f6a542da000,0x00007f6a54a94000] _byte_map_base: 0x00007f6a50a94000

Marking Bits (Prev, Next): (CMBitMap*) 0x00007f6a50095a10, (CMBitMap*) 0x00007f6a50095a50
 Prev Bits: [0x00007f6a39417000, 0x00007f6a3d1e7000)
 Next Bits: [0x00007f6a35647000, 0x00007f6a39417000)

Polling page: 0x00007f6a58781000

Metaspace:

Usage:
  Non-class:     13.75 MB used.
      Class:      1.50 MB used.
       Both:     15.26 MB used.

Virtual space:
  Non-class space:       16.00 MB reserved,      13.81 MB ( 86%) committed,  2 nodes.
      Class space:        1.00 GB reserved,       1.56 MB ( <1%) committed,  1 nodes.
             Both:        1.02 GB reserved,      15.38 MB (  1%) committed. 

Chunk freelists:
   Non-Class:  2.02 MB
       Class:  2.25 MB
        Both:  4.27 MB

MaxMetaspaceSize: unlimited
CompressedClassSpaceSize: 1.00 GB
Initial GC threshold: 21.00 MB
Current GC threshold: 21.00 MB
CDS: off
MetaspaceReclaimPolicy: balanced
 - commit_granule_bytes: 65536.
 - commit_granule_words: 8192.
 - virtual_space_node_default_size: 1048576.
 - enlarge_chunks_in_place: 1.
 - new_chunks_are_fully_committed: 0.
 - uncommit_free_chunks: 1.
 - use_allocation_guard: 0.
 - handle_deallocations: 1.


Internal statistics:

num_allocs_failed_limit: 0.
num_arena_births: 76.
num_arena_deaths: 0.
num_vsnodes_births: 3.
num_vsnodes_deaths: 0.
num_space_committed: 246.
num_space_uncommitted: 0.
num_chunks_returned_to_freelist: 0.
num_chunks_taken_from_freelist: 227.
num_chunk_merges: 0.
num_chunk_splits: 153.
num_chunks_enlarged: 119.
num_purges: 0.
num_inconsistent_stats: 0.

CodeHeap 'non-profiled nmethods': size=120032Kb used=442Kb max_used=442Kb free=119589Kb
 bounds [0x00007f6a45469000, 0x00007f6a456d9000, 0x00007f6a4c9a1000]
CodeHeap 'profiled nmethods': size=120028Kb used=2070Kb max_used=2070Kb free=117957Kb
 bounds [0x00007f6a3df32000, 0x00007f6a3e1a2000, 0x00007f6a45469000]
CodeHeap 'non-nmethods': size=5700Kb used=1180Kb max_used=1191Kb free=4519Kb
 bounds [0x00007f6a3d9a1000, 0x00007f6a3dc11000, 0x00007f6a3df32000]
 total_blobs=1589 nmethods=1107 adapters=396
 compilation: enabled
              stopped_count=0, restarted_count=0
 full_count=0

Compilation events (20 events):
Event: 0.754 Thread 0x00007f6a50212a70 1105       4       java.lang.PublicMethods$Key::matches (31 bytes)
Event: 0.755 Thread 0x00007f6a50212a70 nmethod 1105 0x00007f6a454d4810 code [0x00007f6a454d49a0, 0x00007f6a454d4c28]
Event: 0.755 Thread 0x00007f6a50213f50 nmethod 1104 0x00007f6a3e12b510 code [0x00007f6a3e12b760, 0x00007f6a3e12bc70]
Event: 0.755 Thread 0x00007f6a50213f50 1106       3       java.lang.reflect.Method::<init> (68 bytes)
Event: 0.755 Thread 0x00007f6a50213f50 nmethod 1106 0x00007f6a3e12bf10 code [0x00007f6a3e12c0e0, 0x00007f6a3e12c6b0]
Event: 0.755 Thread 0x00007f6a50213f50 1102       3       jdk.internal.org.objectweb.asm.MethodWriter::visitLdcInsn (215 bytes)
Event: 0.756 Thread 0x00007f6a50213f50 nmethod 1102 0x00007f6a3e12c810 code [0x00007f6a3e12ca80, 0x00007f6a3e12d500]
Event: 0.756 Thread 0x00007f6a50213f50 1103       3       jdk.internal.org.objectweb.asm.SymbolTable::addConstant (330 bytes)
Event: 0.757 Thread 0x00007f6a50213f50 nmethod 1103 0x00007f6a3e12d910 code [0x00007f6a3e12de80, 0x00007f6a3e131030]
Event: 0.757 Thread 0x00007f6a50213f50 1090       3       jdk.internal.org.objectweb.asm.Edge::<init> (20 bytes)
Event: 0.757 Thread 0x00007f6a50213f50 nmethod 1090 0x00007f6a3e131990 code [0x00007f6a3e131b40, 0x00007f6a3e131d70]
Event: 0.757 Thread 0x00007f6a50213f50 1097       1       jdk.internal.org.objectweb.asm.SymbolTable::getClassName (5 bytes)
Event: 0.757 Thread 0x00007f6a50213f50 nmethod 1097 0x00007f6a454d4e10 code [0x00007f6a454d4fa0, 0x00007f6a454d5070]
Event: 0.757 Thread 0x00007f6a50213f50 1092       3       jdk.internal.org.objectweb.asm.Type::getDescriptor (93 bytes)
Event: 0.757 Thread 0x00007f6a50213f50 nmethod 1092 0x00007f6a3e131e10 code [0x00007f6a3e132080, 0x00007f6a3e132800]
Event: 0.768 Thread 0x00007f69f84f0ed0 nmethod 1061% 0x00007f6a454d5110 code [0x00007f6a454d5340, 0x00007f6a454d6f88]
Event: 0.785 Thread 0x00007f6a50213f50 1108       3       sun.awt.image.ByteInterleavedRaster::getByteData (851 bytes)
Event: 0.786 Thread 0x00007f6a50213f50 nmethod 1108 0x00007f6a3e132a90 code [0x00007f6a3e132da0, 0x00007f6a3e134720]
Event: 0.786 Thread 0x00007f6a50213f50 1109       3       sun.awt.image.ByteInterleavedRaster::putByteData (834 bytes)
Event: 0.787 Thread 0x00007f6a50213f50 nmethod 1109 0x00007f6a3e135290 code [0x00007f6a3e1355a0, 0x00007f6a3e136ca0]

GC Heap History (2 events):
Event: 0.428 GC heap before
{Heap before GC invocations=0 (full 0):
 garbage-first heap   total 253952K, used 18432K [0x0000000708c00000, 0x0000000800000000)
  region size 2048K, 10 young (20480K), 0 survivors (0K)
 Metaspace       used 11770K, committed 11904K, reserved 1064960K
  class space    used 1168K, committed 1216K, reserved 1048576K
}
Event: 0.432 GC heap after
{Heap after GC invocations=1 (full 0):
 garbage-first heap   total 253952K, used 9542K [0x0000000708c00000, 0x0000000800000000)
  region size 2048K, 2 young (4096K), 2 survivors (4096K)
 Metaspace       used 11770K, committed 11904K, reserved 1064960K
  class space    used 1168K, committed 1216K, reserved 1048576K
}

Dll operation events (10 events):
Event: 0.001 Loaded shared library /snap/eclipse/66/plugins/org.eclipse.justj.openjdk.hotspot.jre.full.linux.x86_64_17.0.5.v20221102-0933/jre/lib/libjava.so
Event: 0.083 Loaded shared library /snap/eclipse/66/plugins/org.eclipse.justj.openjdk.hotspot.jre.full.linux.x86_64_17.0.5.v20221102-0933/jre/lib/libnio.so
Event: 0.089 Loaded shared library /snap/eclipse/66/plugins/org.eclipse.justj.openjdk.hotspot.jre.full.linux.x86_64_17.0.5.v20221102-0933/jre/lib/libzip.so
Event: 0.138 Loaded shared library /snap/eclipse/66/plugins/org.eclipse.justj.openjdk.hotspot.jre.full.linux.x86_64_17.0.5.v20221102-0933/jre/lib/libverify.so
Event: 0.167 Loaded shared library /snap/eclipse/66/plugins/org.eclipse.justj.openjdk.hotspot.jre.full.linux.x86_64_17.0.5.v20221102-0933/jre/lib/libjimage.so
Event: 0.230 Loaded shared library /snap/eclipse/66/plugins/org.eclipse.justj.openjdk.hotspot.jre.full.linux.x86_64_17.0.5.v20221102-0933/jre/lib/libnet.so
Event: 0.488 Loaded shared library /snap/eclipse/66/plugins/org.eclipse.justj.openjdk.hotspot.jre.full.linux.x86_64_17.0.5.v20221102-0933/jre/lib/libawt.so
Event: 0.505 Loaded shared library /snap/eclipse/66/plugins/org.eclipse.justj.openjdk.hotspot.jre.full.linux.x86_64_17.0.5.v20221102-0933/jre/lib/libawt_xawt.so
Event: 0.568 Loaded shared library /snap/eclipse/66/plugins/org.eclipse.justj.openjdk.hotspot.jre.full.linux.x86_64_17.0.5.v20221102-0933/jre/lib/libjavajpeg.so
Event: 0.704 Loaded shared library /home/user/.cache/JNA/temp/jna11062034359960527190.tmp

Deoptimization events (20 events):
Event: 0.411 Thread 0x00007f6a5002b8f0 DEOPT PACKING pc=0x00007f6a3df3ddf5 sp=0x00007f6a58768410
Event: 0.411 Thread 0x00007f6a5002b8f0 DEOPT UNPACKING pc=0x00007f6a3d9f382f sp=0x00007f6a58767918 mode 0
Event: 0.415 Thread 0x00007f6a5002b8f0 DEOPT PACKING pc=0x00007f6a3df3ddf5 sp=0x00007f6a58768770
Event: 0.415 Thread 0x00007f6a5002b8f0 DEOPT UNPACKING pc=0x00007f6a3d9f382f sp=0x00007f6a58767c78 mode 0
Event: 0.432 Thread 0x00007f6a5002b8f0 Uncommon trap: trap_request=0xffffff45 fr.pc=0x00007f6a454b2930 relative=0x0000000000000290
Event: 0.432 Thread 0x00007f6a5002b8f0 Uncommon trap: reason=unstable_if action=reinterpret pc=0x00007f6a454b2930 method=java.util.concurrent.ConcurrentHashMap.get(Ljava/lang/Object;)Ljava/lang/Object; @ 76 c2
Event: 0.432 Thread 0x00007f6a5002b8f0 DEOPT PACKING pc=0x00007f6a454b2930 sp=0x00007f6a58767330
Event: 0.432 Thread 0x00007f6a5002b8f0 DEOPT UNPACKING pc=0x00007f6a3d9f3099 sp=0x00007f6a587672b8 mode 2
Event: 0.575 Thread 0x00007f6a5002b8f0 Uncommon trap: trap_request=0xffffff45 fr.pc=0x00007f6a4549ec54 relative=0x0000000000001374
Event: 0.575 Thread 0x00007f6a5002b8f0 Uncommon trap: reason=unstable_if action=reinterpret pc=0x00007f6a4549ec54 method=java.util.zip.ZipFile$Source.getEntryPos(Ljava/lang/String;Z)I @ 104 c2
Event: 0.575 Thread 0x00007f6a5002b8f0 DEOPT PACKING pc=0x00007f6a4549ec54 sp=0x00007f6a58769400
Event: 0.575 Thread 0x00007f6a5002b8f0 DEOPT UNPACKING pc=0x00007f6a3d9f3099 sp=0x00007f6a58769320 mode 2
Event: 0.575 Thread 0x00007f6a5002b8f0 Uncommon trap: trap_request=0xffffff45 fr.pc=0x00007f6a454a1180 relative=0x00000000000007a0
Event: 0.575 Thread 0x00007f6a5002b8f0 Uncommon trap: reason=unstable_if action=reinterpret pc=0x00007f6a454a1180 method=java.util.zip.ZipFile$Source.getEntryPos(Ljava/lang/String;Z)I @ 104 c2
Event: 0.575 Thread 0x00007f6a5002b8f0 DEOPT PACKING pc=0x00007f6a454a1180 sp=0x00007f6a58769350
Event: 0.575 Thread 0x00007f6a5002b8f0 DEOPT UNPACKING pc=0x00007f6a3d9f3099 sp=0x00007f6a58769310 mode 2
Event: 0.725 Thread 0x00007f6a5002b8f0 Uncommon trap: trap_request=0xffffff45 fr.pc=0x00007f6a454aff04 relative=0x00000000000002e4
Event: 0.725 Thread 0x00007f6a5002b8f0 Uncommon trap: reason=unstable_if action=reinterpret pc=0x00007f6a454aff04 method=java.util.StringTokenizer.scanToken(I)I @ 42 c2
Event: 0.725 Thread 0x00007f6a5002b8f0 DEOPT PACKING pc=0x00007f6a454aff04 sp=0x00007f6a58769540
Event: 0.725 Thread 0x00007f6a5002b8f0 DEOPT UNPACKING pc=0x00007f6a3d9f3099 sp=0x00007f6a587694f0 mode 2

Classes unloaded (0 events):
No events

Classes redefined (0 events):
No events

Internal exceptions (14 events):
Event: 0.236 Thread 0x00007f6a5002b8f0 Exception <a 'java/lang/ClassNotFoundException'{0x00000007179773e0}: javax/smartcardio/CardPermission> (0x00000007179773e0) 
thrown [src/hotspot/share/classfile/systemDictionary.cpp, line 256]
Event: 0.237 Thread 0x00007f6a5002b8f0 Exception <a 'java/io/FileNotFoundException'{0x00000007179853e0}> (0x00000007179853e0) 
thrown [src/hotspot/share/prims/jni.cpp, line 516]
Event: 0.450 Thread 0x00007f6a5002b8f0 Exception <a 'java/lang/ClassNotFoundException'{0x00000007182aca98}: sun/awt/resources/spi/awtProvider> (0x00000007182aca98) 
thrown [src/hotspot/share/classfile/systemDictionary.cpp, line 256]
Event: 0.512 Thread 0x00007f6a5002b8f0 Exception <a 'java/io/FileNotFoundException'{0x00000007182dc6d0}> (0x00000007182dc6d0) 
thrown [src/hotspot/share/prims/jni.cpp, line 516]
Event: 0.513 Thread 0x00007f6a5002b8f0 Exception <a 'java/io/FileNotFoundException'{0x00000007182ddb88}> (0x00000007182ddb88) 
thrown [src/hotspot/share/prims/jni.cpp, line 516]
Event: 0.573 Thread 0x00007f6a5002b8f0 Exception <a 'java/lang/NoSuchMethodError'{0x00000007180d7488}: 'java.lang.Object java.lang.invoke.DirectMethodHandle$Holder.invokeStaticInit(java.lang.Object)'> (0x00000007180d7488) 
thrown [src/hotspot/share/interpreter/linkResolver.cpp, line 758]
Event: 0.716 Thread 0x00007f6a5002b8f0 Exception <a 'java/lang/NoSuchMethodError'{0x0000000717eae308}: 'java.lang.Object java.lang.invoke.DirectMethodHandle$Holder.invokeStaticInit(java.lang.Object, java.lang.Object, long, java.lang.Object)'> (0x0000000717eae308) 
thrown [src/hotspot/share/interpreter/linkResolver.cpp, line 758]
Event: 0.716 Thread 0x00007f6a5002b8f0 Exception <a 'java/lang/NoSuchMethodError'{0x0000000717eb4a78}: 'java.lang.Object java.lang.invoke.DirectMethodHandle$Holder.newInvokeSpecial(java.lang.Object, java.lang.Object, long)'> (0x0000000717eb4a78) 
thrown [src/hotspot/share/interpreter/linkResolver.cpp, line 758]
Event: 0.716 Thread 0x00007f6a5002b8f0 Exception <a 'java/lang/NoSuchMethodError'{0x0000000717eb85e8}: 'java.lang.Object java.lang.invoke.Invokers$Holder.linkToTargetMethod(java.lang.Object, long, java.lang.Object)'> (0x0000000717eb85e8) 
thrown [src/hotspot/share/interpreter/linkResolver.cpp, line 758]
Event: 0.718 Thread 0x00007f6a5002b8f0 Exception <a 'java/lang/NoSuchMethodError'{0x0000000717ec0968}: 'java.lang.Object java.lang.invoke.DirectMethodHandle$Holder.newInvokeSpecial(java.lang.Object, java.lang.Object, java.lang.Object, int)'> (0x0000000717ec0968) 
thrown [src/hotspot/share/interpreter/linkResolver.cpp, line 758]
Event: 0.718 Thread 0x00007f6a5002b8f0 Exception <a 'java/lang/NoSuchMethodError'{0x0000000717ec4d48}: 'java.lang.Object java.lang.invoke.DirectMethodHandle$Holder.invokeSpecial(java.lang.Object, java.lang.Object, java.lang.Object, java.lang.Object, int)'> (0x0000000717ec4d48) 
thrown [src/hotspot/share/interpreter/linkResolver.cpp, line 758]
Event: 0.719 Thread 0x00007f6a5002b8f0 Exception <a 'java/lang/NoSuchMethodError'{0x0000000717ec8910}: 'java.lang.Object java.lang.invoke.Invokers$Holder.linkToTargetMethod(java.lang.Object, java.lang.Object, int, java.lang.Object)'> (0x0000000717ec8910) 
thrown [src/hotspot/share/interpreter/linkResolver.cpp, line 758]
Event: 0.725 Thread 0x00007f6a5002b8f0 Exception <a 'java/lang/UnsatisfiedLinkError'{0x0000000717f25058}: libtesseract.so: cannot open shared object file: No such file or directory> (0x0000000717f25058) 
thrown [src/hotspot/share/prims/jni.cpp, line 535]
Event: 0.725 Thread 0x00007f6a5002b8f0 Exception <a 'java/lang/UnsatisfiedLinkError'{0x0000000717f25c60}: libtesseract.so: cannot open shared object file: No such file or directory> (0x0000000717f25c60) 
thrown [src/hotspot/share/prims/jni.cpp, line 535]

VM Operations (18 events):
Event: 0.103 Executing VM operation: HandshakeAllThreads
Event: 0.103 Executing VM operation: HandshakeAllThreads done
Event: 0.134 Executing VM operation: HandshakeAllThreads
Event: 0.134 Executing VM operation: HandshakeAllThreads done
Event: 0.237 Executing VM operation: HandshakeAllThreads
Event: 0.237 Executing VM operation: HandshakeAllThreads done
Event: 0.264 Executing VM operation: HandshakeAllThreads
Event: 0.264 Executing VM operation: HandshakeAllThreads done
Event: 0.316 Executing VM operation: HandshakeAllThreads
Event: 0.316 Executing VM operation: HandshakeAllThreads done
Event: 0.361 Executing VM operation: HandshakeAllThreads
Event: 0.361 Executing VM operation: HandshakeAllThreads done
Event: 0.428 Executing VM operation: G1CollectForAllocation
Event: 0.432 Executing VM operation: G1CollectForAllocation done
Event: 0.709 Executing VM operation: HandshakeAllThreads
Event: 0.709 Executing VM operation: HandshakeAllThreads done
Event: 0.719 Executing VM operation: HandshakeAllThreads
Event: 0.719 Executing VM operation: HandshakeAllThreads done

Events (20 events):
Event: 0.783 loading class com/sun/imageio/plugins/jpeg/DQTMarkerSegment$Qtable
Event: 0.783 loading class com/sun/imageio/plugins/jpeg/DQTMarkerSegment$Qtable done
Event: 0.783 loading class com/sun/imageio/plugins/jpeg/SOFMarkerSegment
Event: 0.783 loading class com/sun/imageio/plugins/jpeg/SOFMarkerSegment done
Event: 0.783 loading class com/sun/imageio/plugins/jpeg/SOFMarkerSegment$ComponentSpec
Event: 0.783 loading class com/sun/imageio/plugins/jpeg/SOFMarkerSegment$ComponentSpec done
Event: 0.783 loading class com/sun/imageio/plugins/jpeg/DHTMarkerSegment
Event: 0.783 loading class com/sun/imageio/plugins/jpeg/DHTMarkerSegment done
Event: 0.783 loading class com/sun/imageio/plugins/jpeg/DHTMarkerSegment$Htable
Event: 0.783 loading class com/sun/imageio/plugins/jpeg/DHTMarkerSegment$Htable done
Event: 0.783 loading class com/sun/imageio/plugins/jpeg/SOSMarkerSegment
Event: 0.784 loading class com/sun/imageio/plugins/jpeg/SOSMarkerSegment done
Event: 0.784 loading class com/sun/imageio/plugins/jpeg/SOSMarkerSegment$ScanComponentSpec
Event: 0.784 loading class com/sun/imageio/plugins/jpeg/SOSMarkerSegment$ScanComponentSpec done
Event: 0.784 loading class com/sun/imageio/plugins/jpeg/AdobeMarkerSegment
Event: 0.784 loading class com/sun/imageio/plugins/jpeg/AdobeMarkerSegment done
Event: 0.784 loading class javax/imageio/IIOImage
Event: 0.784 loading class javax/imageio/IIOImage done
Event: 0.787 loading class java/lang/StrictMath
Event: 0.787 loading class java/lang/StrictMath done


Dynamic libraries:
708c00000-718400000 rw-p 00000000 00:00 0 
718400000-800000000 ---p 00000000 00:00 0 
800000000-800020000 rw-p 00000000 00:00 0 
800020000-800040000 rw-p 00000000 00:00 0 
800040000-8000c0000 rw-p 00000000 00:00 0 
8000c0000-800140000 rw-p 00000000 00:00 0 
800140000-800190000 rw-p 00000000 00:00 0 
800190000-840000000 ---p 00000000 00:00 0 
559a33e47000-559a33e48000 r--p 00000000 07:15 932                        /snap/eclipse/66/plugins/org.eclipse.justj.openjdk.hotspot.jre.full.linux.x86_64_17.0.5.v20221102-0933/jre/bin/java
559a33e48000-559a33e49000 r-xp 00001000 07:15 932                        /snap/eclipse/66/plugins/org.eclipse.justj.openjdk.hotspot.jre.full.linux.x86_64_17.0.5.v20221102-0933/jre/bin/java
559a33e49000-559a33e4a000 r--p 00002000 07:15 932                        /snap/eclipse/66/plugins/org.eclipse.justj.openjdk.hotspot.jre.full.linux.x86_64_17.0.5.v20221102-0933/jre/bin/java
559a33e4a000-559a33e4b000 r--p 00002000 07:15 932                        /snap/eclipse/66/plugins/org.eclipse.justj.openjdk.hotspot.jre.full.linux.x86_64_17.0.5.v20221102-0933/jre/bin/java
559a33e4b000-559a33e4c000 rw-p 00003000 07:15 932                        /snap/eclipse/66/plugins/org.eclipse.justj.openjdk.hotspot.jre.full.linux.x86_64_17.0.5.v20221102-0933/jre/bin/java
559a346f5000-559a34741000 rw-p 00000000 00:00 0                          [heap]
7f69c4000000-7f69c4156000 rw-p 00000000 00:00 0 
7f69c4156000-7f69c8000000 ---p 00000000 00:00 0 
7f69cc000000-7f69cc021000 rw-p 00000000 00:00 0 
7f69cc021000-7f69d0000000 ---p 00000000 00:00 0 
7f69d0000000-7f69d0021000 rw-p 00000000 00:00 0 
7f69d0021000-7f69d4000000 ---p 00000000 00:00 0 
7f69d4889000-7f69d4894000 r-xp 00000000 08:02 31988859                   /usr/lib/x86_64-linux-gnu/libjbig.so.0
7f69d4894000-7f69d4a93000 ---p 0000b000 08:02 31988859                   /usr/lib/x86_64-linux-gnu/libjbig.so.0
7f69d4a93000-7f69d4a94000 r--p 0000a000 08:02 31988859                   /usr/lib/x86_64-linux-gnu/libjbig.so.0
7f69d4a94000-7f69d4a97000 rw-p 0000b000 08:02 31988859                   /usr/lib/x86_64-linux-gnu/libjbig.so.0
7f69d4a97000-7f69d4abb000 r-xp 00000000 08:02 52958237                   /lib/x86_64-linux-gnu/liblzma.so.5.2.2
7f69d4abb000-7f69d4cbb000 ---p 00024000 08:02 52958237                   /lib/x86_64-linux-gnu/liblzma.so.5.2.2
7f69d4cbb000-7f69d4cbc000 r--p 00024000 08:02 52958237                   /lib/x86_64-linux-gnu/liblzma.so.5.2.2
7f69d4cbc000-7f69d4cbd000 rw-p 00025000 08:02 52958237                   /lib/x86_64-linux-gnu/liblzma.so.5.2.2
7f69d4cbd000-7f69d4d11000 r-xp 00000000 08:02 31988057                   /usr/lib/x86_64-linux-gnu/libopenjp2.so.2.3.0
7f69d4d11000-7f69d4f11000 ---p 00054000 08:02 31988057                   /usr/lib/x86_64-linux-gnu/libopenjp2.so.2.3.0
7f69d4f11000-7f69d4f12000 r--p 00054000 08:02 31988057                   /usr/lib/x86_64-linux-gnu/libopenjp2.so.2.3.0
7f69d4f12000-7f69d4f13000 rw-p 00055000 08:02 31988057                   /usr/lib/x86_64-linux-gnu/libopenjp2.so.2.3.0
7f69d4f13000-7f69d4f79000 r-xp 00000000 08:02 31988556                   /usr/lib/x86_64-linux-gnu/libwebp.so.6.0.2
7f69d4f79000-7f69d5178000 ---p 00066000 08:02 31988556                   /usr/lib/x86_64-linux-gnu/libwebp.so.6.0.2
7f69d5178000-7f69d5179000 r--p 00065000 08:02 31988556                   /usr/lib/x86_64-linux-gnu/libwebp.so.6.0.2
7f69d5179000-7f69d517a000 rw-p 00066000 08:02 31988556                   /usr/lib/x86_64-linux-gnu/libwebp.so.6.0.2
7f69d517a000-7f69d517c000 rw-p 00000000 00:00 0 
7f69d517c000-7f69d51f0000 r-xp 00000000 08:02 31988868                   /usr/lib/x86_64-linux-gnu/libtiff.so.5.3.0
7f69d51f0000-7f69d53ef000 ---p 00074000 08:02 31988868                   /usr/lib/x86_64-linux-gnu/libtiff.so.5.3.0
7f69d53ef000-7f69d53f3000 r--p 00073000 08:02 31988868                   /usr/lib/x86_64-linux-gnu/libtiff.so.5.3.0
7f69d53f3000-7f69d53f4000 rw-p 00077000 08:02 31988868                   /usr/lib/x86_64-linux-gnu/libtiff.so.5.3.0
7f69d53f4000-7f69d53fc000 r-xp 00000000 08:02 31985878                   /usr/lib/x86_64-linux-gnu/libgif.so.7.0.0
7f69d53fc000-7f69d55fb000 ---p 00008000 08:02 31985878                   /usr/lib/x86_64-linux-gnu/libgif.so.7.0.0
7f69d55fb000-7f69d55fc000 r--p 00007000 08:02 31985878                   /usr/lib/x86_64-linux-gnu/libgif.so.7.0.0
7f69d55fc000-7f69d55fd000 rw-p 00008000 08:02 31985878                   /usr/lib/x86_64-linux-gnu/libgif.so.7.0.0
7f69d55fd000-7f69d5664000 r-xp 00000000 08:02 31983676                   /usr/lib/x86_64-linux-gnu/libjpeg.so.8.1.2
7f69d5664000-7f69d5863000 ---p 00067000 08:02 31983676                   /usr/lib/x86_64-linux-gnu/libjpeg.so.8.1.2
7f69d5863000-7f69d5864000 r--p 00066000 08:02 31983676                   /usr/lib/x86_64-linux-gnu/libjpeg.so.8.1.2
7f69d5864000-7f69d5865000 rw-p 00067000 08:02 31983676                   /usr/lib/x86_64-linux-gnu/libjpeg.so.8.1.2
7f69d5865000-7f69d5896000 r-xp 00000000 08:02 31990235                   /usr/lib/x86_64-linux-gnu/libpng16.so.16.34.0
7f69d5896000-7f69d5a95000 ---p 00031000 08:02 31990235                   /usr/lib/x86_64-linux-gnu/libpng16.so.16.34.0
7f69d5a95000-7f69d5a96000 r--p 00030000 08:02 31990235                   /usr/lib/x86_64-linux-gnu/libpng16.so.16.34.0
7f69d5a96000-7f69d5a97000 rw-p 00031000 08:02 31990235                   /usr/lib/x86_64-linux-gnu/libpng16.so.16.34.0
7f69d5a97000-7f69d5ac5000 r-xp 00000000 08:02 31989838                   /usr/lib/x86_64-linux-gnu/libgomp.so.1.0.0
7f69d5ac5000-7f69d5cc4000 ---p 0002e000 08:02 31989838                   /usr/lib/x86_64-linux-gnu/libgomp.so.1.0.0
7f69d5cc4000-7f69d5cc5000 r--p 0002d000 08:02 31989838                   /usr/lib/x86_64-linux-gnu/libgomp.so.1.0.0
7f69d5cc5000-7f69d5cc6000 rw-p 0002e000 08:02 31989838                   /usr/lib/x86_64-linux-gnu/libgomp.so.1.0.0
7f69d5cc6000-7f69d5cdd000 r-xp 00000000 08:02 52958266                   /lib/x86_64-linux-gnu/libgcc_s.so.1
7f69d5cdd000-7f69d5edc000 ---p 00017000 08:02 52958266                   /lib/x86_64-linux-gnu/libgcc_s.so.1
7f69d5edc000-7f69d5edd000 r--p 00016000 08:02 52958266                   /lib/x86_64-linux-gnu/libgcc_s.so.1
7f69d5edd000-7f69d5ede000 rw-p 00017000 08:02 52958266                   /lib/x86_64-linux-gnu/libgcc_s.so.1
7f69d5ede000-7f69d6057000 r-xp 00000000 08:02 31990392                   /usr/lib/x86_64-linux-gnu/libstdc++.so.6.0.25
7f69d6057000-7f69d6257000 ---p 00179000 08:02 31990392                   /usr/lib/x86_64-linux-gnu/libstdc++.so.6.0.25
7f69d6257000-7f69d6261000 r--p 00179000 08:02 31990392                   /usr/lib/x86_64-linux-gnu/libstdc++.so.6.0.25
7f69d6261000-7f69d6263000 rw-p 00183000 08:02 31990392                   /usr/lib/x86_64-linux-gnu/libstdc++.so.6.0.25
7f69d6263000-7f69d6267000 rw-p 00000000 00:00 0 
7f69d6267000-7f69d64c3000 r-xp 00000000 08:02 31988301                   /usr/lib/x86_64-linux-gnu/liblept.so.5.0.2
7f69d64c3000-7f69d66c2000 ---p 0025c000 08:02 31988301                   /usr/lib/x86_64-linux-gnu/liblept.so.5.0.2
7f69d66c2000-7f69d66c3000 r--p 0025b000 08:02 31988301                   /usr/lib/x86_64-linux-gnu/liblept.so.5.0.2
7f69d66c3000-7f69d66c9000 rw-p 0025c000 08:02 31988301                   /usr/lib/x86_64-linux-gnu/liblept.so.5.0.2
7f69d66c9000-7f69d69d6000 r-xp 00000000 08:02 31994343                   /usr/lib/x86_64-linux-gnu/libtesseract.so.4.0.0
7f69d69d6000-7f69d6bd5000 ---p 0030d000 08:02 31994343                   /usr/lib/x86_64-linux-gnu/libtesseract.so.4.0.0
7f69d6bd5000-7f69d6bda000 r--p 0030c000 08:02 31994343                   /usr/lib/x86_64-linux-gnu/libtesseract.so.4.0.0
7f69d6bda000-7f69d6bdb000 rw-p 00311000 08:02 31994343                   /usr/lib/x86_64-linux-gnu/libtesseract.so.4.0.0
7f69d6bdb000-7f69d6e7f000 rw-p 00000000 00:00 0 
7f69d6e7f000-7f69d6e97000 r-xp 00000000 08:02 22283914                   /home/user/.cache/JNA/temp/jna11062034359960527190.tmp (deleted)
7f69d6e97000-7f69d7097000 ---p 00018000 08:02 22283914                   /home/user/.cache/JNA/temp/jna11062034359960527190.tmp (deleted)
7f69d7097000-7f69d7098000 rw-p 00018000 08:02 22283914                   /home/user/.cache/JNA/temp/jna11062034359960527190.tmp (deleted)
7f69d7098000-7f69d709c000 ---p 00000000 00:00 0 
7f69d709c000-7f69d7199000 rw-p 00000000 00:00 0 
7f69d7199000-7f69d71ac000 r-xp 00000000 08:02 52958225                   /lib/x86_64-linux-gnu/libbsd.so.0.8.7
7f69d71ac000-7f69d73ab000 ---p 00013000 08:02 52958225                   /lib/x86_64-linux-gnu/libbsd.so.0.8.7
7f69d73ab000-7f69d73ac000 r--p 00012000 08:02 52958225                   /lib/x86_64-linux-gnu/libbsd.so.0.8.7
7f69d73ac000-7f69d73ad000 rw-p 00013000 08:02 52958225                   /lib/x86_64-linux-gnu/libbsd.so.0.8.7
7f69d73ad000-7f69d73ae000 rw-p 00000000 00:00 0 
7f69d73ae000-7f69d73b3000 r-xp 00000000 08:02 31989375                   /usr/lib/x86_64-linux-gnu/libXdmcp.so.6.0.0
7f69d73b3000-7f69d75b2000 ---p 00005000 08:02 31989375                   /usr/lib/x86_64-linux-gnu/libXdmcp.so.6.0.0
7f69d75b2000-7f69d75b3000 r--p 00004000 08:02 31989375                   /usr/lib/x86_64-linux-gnu/libXdmcp.so.6.0.0
7f69d75b3000-7f69d75b4000 rw-p 00005000 08:02 31989375                   /usr/lib/x86_64-linux-gnu/libXdmcp.so.6.0.0
7f69d75b4000-7f69d75b6000 r-xp 00000000 08:02 31989364                   /usr/lib/x86_64-linux-gnu/libXau.so.6.0.0
7f69d75b6000-7f69d77b6000 ---p 00002000 08:02 31989364                   /usr/lib/x86_64-linux-gnu/libXau.so.6.0.0
7f69d77b6000-7f69d77b7000 r--p 00002000 08:02 31989364                   /usr/lib/x86_64-linux-gnu/libXau.so.6.0.0
7f69d77b7000-7f69d77b8000 rw-p 00003000 08:02 31989364                   /usr/lib/x86_64-linux-gnu/libXau.so.6.0.0
7f69d77b8000-7f69d77de000 r-xp 00000000 08:02 31990578                   /usr/lib/x86_64-linux-gnu/libxcb.so.1.1.0
7f69d77de000-7f69d79de000 ---p 00026000 08:02 31990578                   /usr/lib/x86_64-linux-gnu/libxcb.so.1.1.0
7f69d79de000-7f69d79df000 r--p 00026000 08:02 31990578                   /usr/lib/x86_64-linux-gnu/libxcb.so.1.1.0
7f69d79df000-7f69d79e0000 rw-p 00027000 08:02 31990578                   /usr/lib/x86_64-linux-gnu/libxcb.so.1.1.0
7f69d79e0000-7f69d79ef000 r-xp 00000000 08:02 31989385                   /usr/lib/x86_64-linux-gnu/libXi.so.6.1.0
7f69d79ef000-7f69d7bee000 ---p 0000f000 08:02 31989385                   /usr/lib/x86_64-linux-gnu/libXi.so.6.1.0
7f69d7bee000-7f69d7bef000 r--p 0000e000 08:02 31989385                   /usr/lib/x86_64-linux-gnu/libXi.so.6.1.0
7f69d7bef000-7f69d7bf0000 rw-p 0000f000 08:02 31989385                   /usr/lib/x86_64-linux-gnu/libXi.so.6.1.0
7f69d7bf0000-7f69d7bf5000 r-xp 00000000 08:02 31989403                   /usr/lib/x86_64-linux-gnu/libXtst.so.6.1.0
7f69d7bf5000-7f69d7df4000 ---p 00005000 08:02 31989403                   /usr/lib/x86_64-linux-gnu/libXtst.so.6.1.0
7f69d7df4000-7f69d7df5000 r--p 00004000 08:02 31989403                   /usr/lib/x86_64-linux-gnu/libXtst.so.6.1.0
7f69d7df5000-7f69d7df6000 rw-p 00005000 08:02 31989403                   /usr/lib/x86_64-linux-gnu/libXtst.so.6.1.0
7f69d7df6000-7f69d7dff000 r-xp 00000000 08:02 31989397                   /usr/lib/x86_64-linux-gnu/libXrender.so.1.3.0
7f69d7dff000-7f69d7ffe000 ---p 00009000 08:02 31989397                   /usr/lib/x86_64-linux-gnu/libXrender.so.1.3.0
7f69d7ffe000-7f69d7fff000 r--p 00008000 08:02 31989397                   /usr/lib/x86_64-linux-gnu/libXrender.so.1.3.0
7f69d7fff000-7f69d8000000 rw-p 00009000 08:02 31989397                   /usr/lib/x86_64-linux-gnu/libXrender.so.1.3.0
7f69d8000000-7f69d8021000 rw-p 00000000 00:00 0 
7f69d8021000-7f69dc000000 ---p 00000000 00:00 0 
7f69dc000000-7f69dc021000 rw-p 00000000 00:00 0 
7f69dc021000-7f69e0000000 ---p 00000000 00:00 0 
7f69e0000000-7f69e0021000 rw-p 00000000 00:00 0 
7f69e0021000-7f69e4000000 ---p 00000000 00:00 0 
7f69e4000000-7f69e4021000 rw-p 00000000 00:00 0 
7f69e4021000-7f69e8000000 ---p 00000000 00:00 0 
7f69e8000000-7f69e8021000 rw-p 00000000 00:00 0 
7f69e8021000-7f69ec000000 ---p 00000000 00:00 0 
7f69ec000000-7f69ec245000 rw-p 00000000 00:00 0 
7f69ec245000-7f69f0000000 ---p 00000000 00:00 0 
7f69f0000000-7f69f0021000 rw-p 00000000 00:00 0 
7f69f0021000-7f69f4000000 ---p 00000000 00:00 0 
7f69f4000000-7f69f4021000 rw-p 00000000 00:00 0 
7f69f4021000-7f69f8000000 ---p 00000000 00:00 0 
7f69f8000000-7f69f84f7000 rw-p 00000000 00:00 0 
7f69f84f7000-7f69fc000000 ---p 00000000 00:00 0 
7f69fc000000-7f69fc021000 rw-p 00000000 00:00 0 
7f69fc021000-7f6a00000000 ---p 00000000 00:00 0 
7f6a00000000-7f6a00021000 rw-p 00000000 00:00 0 
7f6a00021000-7f6a04000000 ---p 00000000 00:00 0 
7f6a04000000-7f6a046dc000 rw-p 00000000 00:00 0 
7f6a046dc000-7f6a08000000 ---p 00000000 00:00 0 
7f6a08000000-7f6a08021000 rw-p 00000000 00:00 0 
7f6a08021000-7f6a0c000000 ---p 00000000 00:00 0 
7f6a0c000000-7f6a0c021000 rw-p 00000000 00:00 0 
7f6a0c021000-7f6a10000000 ---p 00000000 00:00 0 
7f6a10000000-7f6a10021000 rw-p 00000000 00:00 0 
7f6a10021000-7f6a14000000 ---p 00000000 00:00 0 
7f6a14000000-7f6a14021000 rw-p 00000000 00:00 0 
7f6a14021000-7f6a18000000 ---p 00000000 00:00 0 
7f6a18000000-7f6a18021000 rw-p 00000000 00:00 0 
7f6a18021000-7f6a1c000000 ---p 00000000 00:00 0 
7f6a1c000000-7f6a1c021000 rw-p 00000000 00:00 0 
7f6a1c021000-7f6a20000000 ---p 00000000 00:00 0 
7f6a20000000-7f6a20021000 rw-p 00000000 00:00 0 
7f6a20021000-7f6a24000000 ---p 00000000 00:00 0 
7f6a24057000-7f6a24059000 r--p 00000000 07:15 1318                       /snap/eclipse/66/plugins/org.eclipse.justj.openjdk.hotspot.jre.full.linux.x86_64_17.0.5.v20221102-0933/jre/lib/libjavajpeg.so
7f6a24059000-7f6a24086000 r-xp 00002000 07:15 1318                       /snap/eclipse/66/plugins/org.eclipse.justj.openjdk.hotspot.jre.full.linux.x86_64_17.0.5.v20221102-0933/jre/lib/libjavajpeg.so
7f6a24086000-7f6a2408d000 r--p 0002f000 07:15 1318                       /snap/eclipse/66/plugins/org.eclipse.justj.openjdk.hotspot.jre.full.linux.x86_64_17.0.5.v20221102-0933/jre/lib/libjavajpeg.so
7f6a2408d000-7f6a2408e000 r--p 00035000 07:15 1318                       /snap/eclipse/66/plugins/org.eclipse.justj.openjdk.hotspot.jre.full.linux.x86_64_17.0.5.v20221102-0933/jre/lib/libjavajpeg.so
7f6a2408e000-7f6a2408f000 rw-p 00036000 07:15 1318                       /snap/eclipse/66/plugins/org.eclipse.justj.openjdk.hotspot.jre.full.linux.x86_64_17.0.5.v20221102-0933/jre/lib/libjavajpeg.so
7f6a2408f000-7f6a241c2000 r-xp 00000000 08:02 31983883                   /usr/lib/x86_64-linux-gnu/libX11.so.6.3.0
7f6a241c2000-7f6a243c2000 ---p 00133000 08:02 31983883                   /usr/lib/x86_64-linux-gnu/libX11.so.6.3.0
7f6a243c2000-7f6a243c3000 r--p 00133000 08:02 31983883                   /usr/lib/x86_64-linux-gnu/libX11.so.6.3.0
7f6a243c3000-7f6a243c7000 rw-p 00134000 08:02 31983883                   /usr/lib/x86_64-linux-gnu/libX11.so.6.3.0
7f6a243c7000-7f6a243d8000 r-xp 00000000 08:02 31989377                   /usr/lib/x86_64-linux-gnu/libXext.so.6.4.0
7f6a243d8000-7f6a245d7000 ---p 00011000 08:02 31989377                   /usr/lib/x86_64-linux-gnu/libXext.so.6.4.0
7f6a245d7000-7f6a245d8000 r--p 00010000 08:02 31989377                   /usr/lib/x86_64-linux-gnu/libXext.so.6.4.0
7f6a245d8000-7f6a245d9000 rw-p 00011000 08:02 31989377                   /usr/lib/x86_64-linux-gnu/libXext.so.6.4.0
7f6a245da000-7f6a245de000 ---p 00000000 00:00 0 
7f6a245de000-7f6a245fc000 rw-p 00000000 00:00 0 
7f6a245fc000-7f6a245fd000 ---p 00000000 00:00 0 
7f6a245fd000-7f6a246fe000 rw-p 00000000 00:00 0 
7f6a246fe000-7f6a246ff000 ---p 00000000 00:00 0 
7f6a246ff000-7f6a24900000 rw-p 00000000 00:00 0 
7f6a24900000-7f6a24a80000 rw-p 00000000 00:00 0 
7f6a24a80000-7f6a24b00000 rw-p 00000000 00:00 0 
7f6a24b00000-7f6a24cd0000 rw-p 00000000 00:00 0 
7f6a24cd0000-7f6a24d00000 ---p 00000000 00:00 0 
7f6a24d00000-7f6a24e00000 rw-p 00000000 00:00 0 
7f6a24e00000-7f6a25000000 ---p 00000000 00:00 0 
7f6a25011000-7f6a25012000 ---p 00000000 00:00 0 
7f6a25012000-7f6a25113000 rw-p 00000000 00:00 0 
7f6a25113000-7f6a25114000 ---p 00000000 00:00 0 
7f6a25114000-7f6a25215000 rw-p 00000000 00:00 0 
7f6a25215000-7f6a25216000 ---p 00000000 00:00 0 
7f6a25216000-7f6a25317000 rw-p 00000000 00:00 0 
7f6a25317000-7f6a2531b000 ---p 00000000 00:00 0 
7f6a2531b000-7f6a25418000 rw-p 00000000 00:00 0 
7f6a25418000-7f6a2541c000 ---p 00000000 00:00 0 
7f6a2541c000-7f6a25519000 rw-p 00000000 00:00 0 
7f6a25519000-7f6a2551a000 ---p 00000000 00:00 0 
7f6a2551a000-7f6a2561b000 rw-p 00000000 00:00 0 
7f6a2561b000-7f6a2561f000 ---p 00000000 00:00 0 
7f6a2561f000-7f6a2571c000 rw-p 00000000 00:00 0 
7f6a2571c000-7f6a25720000 ---p 00000000 00:00 0 
7f6a25720000-7f6a2581d000 rw-p 00000000 00:00 0 
7f6a2581d000-7f6a25821000 ---p 00000000 00:00 0 
7f6a25821000-7f6a2591e000 rw-p 00000000 00:00 0 
7f6a2591e000-7f6a25922000 ---p 00000000 00:00 0 
7f6a25922000-7f6a25a1f000 rw-p 00000000 00:00 0 
7f6a25a1f000-7f6a25a23000 ---p 00000000 00:00 0 
7f6a25a23000-7f6a25b20000 rw-p 00000000 00:00 0 
7f6a25b20000-7f6a25b24000 ---p 00000000 00:00 0 
7f6a25b24000-7f6a25c21000 rw-p 00000000 00:00 0 
7f6a25c21000-7f6a25c25000 ---p 00000000 00:00 0 
7f6a25c25000-7f6a25d22000 rw-p 00000000 00:00 0 
7f6a25d22000-7f6a26000000 r--p 00000000 08:02 31982907                   /usr/lib/locale/locale-archive
7f6a26000000-7f6a28000000 rw-p 00000000 00:00 0 
7f6a28000000-7f6a28021000 rw-p 00000000 00:00 0 
7f6a28021000-7f6a2c000000 ---p 00000000 00:00 0 
7f6a2c000000-7f6a2c021000 rw-p 00000000 00:00 0 
7f6a2c021000-7f6a30000000 ---p 00000000 00:00 0 
7f6a30000000-7f6a30021000 rw-p 00000000 00:00 0 
7f6a30021000-7f6a34000000 ---p 00000000 00:00 0 
7f6a3400f000-7f6a3403c000 r--p 00000000 07:15 1306                       /snap/eclipse/66/plugins/org.eclipse.justj.openjdk.hotspot.jre.full.linux.x86_64_17.0.5.v20221102-0933/jre/lib/libawt.so
7f6a3403c000-7f6a340be000 r-xp 0002d000 07:15 1306                       /snap/eclipse/66/plugins/org.eclipse.justj.openjdk.hotspot.jre.full.linux.x86_64_17.0.5.v20221102-0933/jre/lib/libawt.so
7f6a340be000-7f6a340cb000 r--p 000af000 07:15 1306                       /snap/eclipse/66/plugins/org.eclipse.justj.openjdk.hotspot.jre.full.linux.x86_64_17.0.5.v20221102-0933/jre/lib/libawt.so
7f6a340cb000-7f6a340cc000 r--p 000bb000 07:15 1306                       /snap/eclipse/66/plugins/org.eclipse.justj.openjdk.hotspot.jre.full.linux.x86_64_17.0.5.v20221102-0933/jre/lib/libawt.so
7f6a340cc000-7f6a340d7000 rw-p 000bc000 07:15 1306                       /snap/eclipse/66/plugins/org.eclipse.justj.openjdk.hotspot.jre.full.linux.x86_64_17.0.5.v20221102-0933/jre/lib/libawt.so
7f6a340d7000-7f6a340fc000 rw-p 00000000 00:00 0 
7f6a340fc000-7f6a34100000 ---p 00000000 00:00 0 
7f6a34100000-7f6a341fd000 rw-p 00000000 00:00 0 
7f6a341fd000-7f6a34201000 ---p 00000000 00:00 0 
7f6a34201000-7f6a342fe000 rw-p 00000000 00:00 0 
7f6a342fe000-7f6a342ff000 ---p 00000000 00:00 0 
7f6a342ff000-7f6a34800000 rw-p 00000000 00:00 0 
7f6a34800000-7f6a34840000 rw-p 00000000 00:00 0 
7f6a34840000-7f6a34880000 rw-p 00000000 00:00 0 
7f6a34880000-7f6a34900000 rw-p 00000000 00:00 0 
7f6a34900000-7f6a34b00000 rw-p 00000000 00:00 0 
7f6a34b00000-7f6a34b80000 rw-p 00000000 00:00 0 
7f6a34b80000-7f6a34c00000 rw-p 00000000 00:00 0 
7f6a34c0e000-7f6a34c15000 r--s 00000000 08:02 32251088                   /usr/lib/x86_64-linux-gnu/gconv/gconv-modules.cache
7f6a34c15000-7f6a34c25000 r--p 00000000 07:15 1308                       /snap/eclipse/66/plugins/org.eclipse.justj.openjdk.hotspot.jre.full.linux.x86_64_17.0.5.v20221102-0933/jre/lib/libawt_xawt.so
7f6a34c25000-7f6a34c62000 r-xp 00010000 07:15 1308                       /snap/eclipse/66/plugins/org.eclipse.justj.openjdk.hotspot.jre.full.linux.x86_64_17.0.5.v20221102-0933/jre/lib/libawt_xawt.so
7f6a34c62000-7f6a34c73000 r--p 0004d000 07:15 1308                       /snap/eclipse/66/plugins/org.eclipse.justj.openjdk.hotspot.jre.full.linux.x86_64_17.0.5.v20221102-0933/jre/lib/libawt_xawt.so
7f6a34c73000-7f6a34c74000 ---p 0005e000 07:15 1308                       /snap/eclipse/66/plugins/org.eclipse.justj.openjdk.hotspot.jre.full.linux.x86_64_17.0.5.v20221102-0933/jre/lib/libawt_xawt.so
7f6a34c74000-7f6a34c75000 r--p 0005e000 07:15 1308                       /snap/eclipse/66/plugins/org.eclipse.justj.openjdk.hotspot.jre.full.linux.x86_64_17.0.5.v20221102-0933/jre/lib/libawt_xawt.so
7f6a34c75000-7f6a34c77000 rw-p 0005f000 07:15 1308                       /snap/eclipse/66/plugins/org.eclipse.justj.openjdk.hotspot.jre.full.linux.x86_64_17.0.5.v20221102-0933/jre/lib/libawt_xawt.so
7f6a34c77000-7f6a34c79000 rw-p 00000000 00:00 0 
7f6a34c79000-7f6a34c7d000 r--p 00000000 07:15 1337                       /snap/eclipse/66/plugins/org.eclipse.justj.openjdk.hotspot.jre.full.linux.x86_64_17.0.5.v20221102-0933/jre/lib/libverify.so
7f6a34c7d000-7f6a34c84000 r-xp 00004000 07:15 1337                       /snap/eclipse/66/plugins/org.eclipse.justj.openjdk.hotspot.jre.full.linux.x86_64_17.0.5.v20221102-0933/jre/lib/libverify.so
7f6a34c84000-7f6a34c86000 r--p 0000b000 07:15 1337                       /snap/eclipse/66/plugins/org.eclipse.justj.openjdk.hotspot.jre.full.linux.x86_64_17.0.5.v20221102-0933/jre/lib/libverify.so
7f6a34c86000-7f6a34c88000 r--p 0000c000 07:15 1337                       /snap/eclipse/66/plugins/org.eclipse.justj.openjdk.hotspot.jre.full.linux.x86_64_17.0.5.v20221102-0933/jre/lib/libverify.so
7f6a34c88000-7f6a34c89000 rw-p 0000e000 07:15 1337                       /snap/eclipse/66/plugins/org.eclipse.justj.openjdk.hotspot.jre.full.linux.x86_64_17.0.5.v20221102-0933/jre/lib/libverify.so
7f6a34c89000-7f6a34d3b000 rw-p 00000000 00:00 0 
7f6a34d3b000-7f6a34d3c000 ---p 00000000 00:00 0 
7f6a34d3c000-7f6a34e3d000 rw-p 00000000 00:00 0 
7f6a34e3d000-7f6a34e3e000 ---p 00000000 00:00 0 
7f6a34e3e000-7f6a35545000 rw-p 00000000 00:00 0 
7f6a35545000-7f6a35546000 ---p 00000000 00:00 0 
7f6a35546000-7f6a35a27000 rw-p 00000000 00:00 0 
7f6a35a27000-7f6a39417000 ---p 00000000 00:00 0 
7f6a39417000-7f6a397f7000 rw-p 00000000 00:00 0 
7f6a397f7000-7f6a3d1e7000 ---p 00000000 00:00 0 
7f6a3d1e7000-7f6a3d263000 rw-p 00000000 00:00 0 
7f6a3d263000-7f6a3d9a1000 ---p 00000000 00:00 0 
7f6a3d9a1000-7f6a3dc11000 rwxp 00000000 00:00 0 
7f6a3dc11000-7f6a3df32000 ---p 00000000 00:00 0 
7f6a3df32000-7f6a3e1a2000 rwxp 00000000 00:00 0 
7f6a3e1a2000-7f6a45469000 ---p 00000000 00:00 0 
7f6a45469000-7f6a456d9000 rwxp 00000000 00:00 0 
7f6a456d9000-7f6a4c9a1000 ---p 00000000 00:00 0 
7f6a4c9a1000-7f6a50000000 r--s 00000000 07:15 1339                       /snap/eclipse/66/plugins/org.eclipse.justj.openjdk.hotspot.jre.full.linux.x86_64_17.0.5.v20221102-0933/jre/lib/modules
7f6a50000000-7f6a51018000 rw-p 00000000 00:00 0 
7f6a51018000-7f6a54000000 ---p 00000000 00:00 0 
7f6a54001000-7f6a54005000 r--p 00000000 07:15 1330                       /snap/eclipse/66/plugins/org.eclipse.justj.openjdk.hotspot.jre.full.linux.x86_64_17.0.5.v20221102-0933/jre/lib/libnet.so
7f6a54005000-7f6a54013000 r-xp 00004000 07:15 1330                       /snap/eclipse/66/plugins/org.eclipse.justj.openjdk.hotspot.jre.full.linux.x86_64_17.0.5.v20221102-0933/jre/lib/libnet.so
7f6a54013000-7f6a54017000 r--p 00012000 07:15 1330                       /snap/eclipse/66/plugins/org.eclipse.justj.openjdk.hotspot.jre.full.linux.x86_64_17.0.5.v20221102-0933/jre/lib/libnet.so
7f6a54017000-7f6a54018000 r--p 00015000 07:15 1330                       /snap/eclipse/66/plugins/org.eclipse.justj.openjdk.hotspot.jre.full.linux.x86_64_17.0.5.v20221102-0933/jre/lib/libnet.so
7f6a54018000-7f6a54019000 rw-p 00016000 07:15 1330                       /snap/eclipse/66/plugins/org.eclipse.justj.openjdk.hotspot.jre.full.linux.x86_64_17.0.5.v20221102-0933/jre/lib/libnet.so
7f6a54019000-7f6a54020000 r--p 00000000 07:15 1331                       /snap/eclipse/66/plugins/org.eclipse.justj.openjdk.hotspot.jre.full.linux.x86_64_17.0.5.v20221102-0933/jre/lib/libnio.so
7f6a54020000-7f6a54029000 r-xp 00007000 07:15 1331                       /snap/eclipse/66/plugins/org.eclipse.justj.openjdk.hotspot.jre.full.linux.x86_64_17.0.5.v20221102-0933/jre/lib/libnio.so
7f6a54029000-7f6a5402d000 r--p 00010000 07:15 1331                       /snap/eclipse/66/plugins/org.eclipse.justj.openjdk.hotspot.jre.full.linux.x86_64_17.0.5.v20221102-0933/jre/lib/libnio.so
7f6a5402d000-7f6a5402e000 ---p 00014000 07:15 1331                       /snap/eclipse/66/plugins/org.eclipse.justj.openjdk.hotspot.jre.full.linux.x86_64_17.0.5.v20221102-0933/jre/lib/libnio.so
7f6a5402e000-7f6a5402f000 r--p 00014000 07:15 1331                       /snap/eclipse/66/plugins/org.eclipse.justj.openjdk.hotspot.jre.full.linux.x86_64_17.0.5.v20221102-0933/jre/lib/libnio.so
7f6a5402f000-7f6a54030000 rw-p 00015000 07:15 1331                       /snap/eclipse/66/plugins/org.eclipse.justj.openjdk.hotspot.jre.full.linux.x86_64_17.0.5.v20221102-0933/jre/lib/libnio.so
7f6a54030000-7f6a54032000 r--p 00000000 07:15 1338                       /snap/eclipse/66/plugins/org.eclipse.justj.openjdk.hotspot.jre.full.linux.x86_64_17.0.5.v20221102-0933/jre/lib/libzip.so
7f6a54032000-7f6a54036000 r-xp 00002000 07:15 1338                       /snap/eclipse/66/plugins/org.eclipse.justj.openjdk.hotspot.jre.full.linux.x86_64_17.0.5.v20221102-0933/jre/lib/libzip.so
7f6a54036000-7f6a54038000 r--p 00006000 07:15 1338                       /snap/eclipse/66/plugins/org.eclipse.justj.openjdk.hotspot.jre.full.linux.x86_64_17.0.5.v20221102-0933/jre/lib/libzip.so
7f6a54038000-7f6a54039000 r--p 00007000 07:15 1338                       /snap/eclipse/66/plugins/org.eclipse.justj.openjdk.hotspot.jre.full.linux.x86_64_17.0.5.v20221102-0933/jre/lib/libzip.so
7f6a54039000-7f6a5403a000 rw-p 00008000 07:15 1338                       /snap/eclipse/66/plugins/org.eclipse.justj.openjdk.hotspot.jre.full.linux.x86_64_17.0.5.v20221102-0933/jre/lib/libzip.so
7f6a5403a000-7f6a540d6000 rw-p 00000000 00:00 0 
7f6a540d6000-7f6a540d7000 ---p 00000000 00:00 0 
7f6a540d7000-7f6a541d8000 rw-p 00000000 00:00 0 
7f6a541d8000-7f6a541d9000 ---p 00000000 00:00 0 
7f6a541d9000-7f6a54356000 rw-p 00000000 00:00 0 
7f6a54356000-7f6a54a94000 ---p 00000000 00:00 0 
7f6a54a94000-7f6a54b10000 rw-p 00000000 00:00 0 
7f6a54b10000-7f6a5524e000 ---p 00000000 00:00 0 
7f6a5524e000-7f6a55859000 rw-p 00000000 00:00 0 
7f6a55859000-7f6a5593f000 ---p 00000000 00:00 0 
7f6a5593f000-7f6a55944000 rw-p 00000000 00:00 0 
7f6a55944000-7f6a55a2a000 ---p 00000000 00:00 0 
7f6a55a2a000-7f6a55a35000 r-xp 00000000 08:02 52958364                   /lib/x86_64-linux-gnu/libnss_files-2.27.so
7f6a55a35000-7f6a55c34000 ---p 0000b000 08:02 52958364                   /lib/x86_64-linux-gnu/libnss_files-2.27.so
7f6a55c34000-7f6a55c35000 r--p 0000a000 08:02 52958364                   /lib/x86_64-linux-gnu/libnss_files-2.27.so
7f6a55c35000-7f6a55c36000 rw-p 0000b000 08:02 52958364                   /lib/x86_64-linux-gnu/libnss_files-2.27.so
7f6a55c36000-7f6a55c3c000 rw-p 00000000 00:00 0 
7f6a55c3c000-7f6a55c53000 r-xp 00000000 08:02 52958272                   /lib/x86_64-linux-gnu/libnsl-2.27.so
7f6a55c53000-7f6a55e52000 ---p 00017000 08:02 52958272                   /lib/x86_64-linux-gnu/libnsl-2.27.so
7f6a55e52000-7f6a55e53000 r--p 00016000 08:02 52958272                   /lib/x86_64-linux-gnu/libnsl-2.27.so
7f6a55e53000-7f6a55e54000 rw-p 00017000 08:02 52958272                   /lib/x86_64-linux-gnu/libnsl-2.27.so
7f6a55e54000-7f6a55e56000 rw-p 00000000 00:00 0 
7f6a55e56000-7f6a55e61000 r-xp 00000000 08:02 52958687                   /lib/x86_64-linux-gnu/libnss_nis-2.27.so
7f6a55e61000-7f6a56060000 ---p 0000b000 08:02 52958687                   /lib/x86_64-linux-gnu/libnss_nis-2.27.so
7f6a56060000-7f6a56061000 r--p 0000a000 08:02 52958687                   /lib/x86_64-linux-gnu/libnss_nis-2.27.so
7f6a56061000-7f6a56062000 rw-p 0000b000 08:02 52958687                   /lib/x86_64-linux-gnu/libnss_nis-2.27.so
7f6a56062000-7f6a5606a000 r-xp 00000000 08:02 52958286                   /lib/x86_64-linux-gnu/libnss_compat-2.27.so
7f6a5606a000-7f6a5626a000 ---p 00008000 08:02 52958286                   /lib/x86_64-linux-gnu/libnss_compat-2.27.so
7f6a5626a000-7f6a5626b000 r--p 00008000 08:02 52958286                   /lib/x86_64-linux-gnu/libnss_compat-2.27.so
7f6a5626b000-7f6a5626c000 rw-p 00009000 08:02 52958286                   /lib/x86_64-linux-gnu/libnss_compat-2.27.so
7f6a5626c000-7f6a56409000 r-xp 00000000 08:02 52958249                   /lib/x86_64-linux-gnu/libm-2.27.so
7f6a56409000-7f6a56608000 ---p 0019d000 08:02 52958249                   /lib/x86_64-linux-gnu/libm-2.27.so
7f6a56608000-7f6a56609000 r--p 0019c000 08:02 52958249                   /lib/x86_64-linux-gnu/libm-2.27.so
7f6a56609000-7f6a5660a000 rw-p 0019d000 08:02 52958249                   /lib/x86_64-linux-gnu/libm-2.27.so
7f6a5660a000-7f6a56611000 r-xp 00000000 08:02 52958694                   /lib/x86_64-linux-gnu/librt-2.27.so
7f6a56611000-7f6a56810000 ---p 00007000 08:02 52958694                   /lib/x86_64-linux-gnu/librt-2.27.so
7f6a56810000-7f6a56811000 r--p 00006000 08:02 52958694                   /lib/x86_64-linux-gnu/librt-2.27.so
7f6a56811000-7f6a56812000 rw-p 00007000 08:02 52958694                   /lib/x86_64-linux-gnu/librt-2.27.so
7f6a56812000-7f6a56a64000 r--p 00000000 07:15 1349                       /snap/eclipse/66/plugins/org.eclipse.justj.openjdk.hotspot.jre.full.linux.x86_64_17.0.5.v20221102-0933/jre/lib/server/libjvm.so
7f6a56a64000-7f6a5777d000 r-xp 00252000 07:15 1349                       /snap/eclipse/66/plugins/org.eclipse.justj.openjdk.hotspot.jre.full.linux.x86_64_17.0.5.v20221102-0933/jre/lib/server/libjvm.so
7f6a5777d000-7f6a57a08000 r--p 00f6b000 07:15 1349                       /snap/eclipse/66/plugins/org.eclipse.justj.openjdk.hotspot.jre.full.linux.x86_64_17.0.5.v20221102-0933/jre/lib/server/libjvm.so
7f6a57a08000-7f6a57a09000 ---p 011f6000 07:15 1349                       /snap/eclipse/66/plugins/org.eclipse.justj.openjdk.hotspot.jre.full.linux.x86_64_17.0.5.v20221102-0933/jre/lib/server/libjvm.so
7f6a57a09000-7f6a57ac2000 r--p 011f6000 07:15 1349                       /snap/eclipse/66/plugins/org.eclipse.justj.openjdk.hotspot.jre.full.linux.x86_64_17.0.5.v20221102-0933/jre/lib/server/libjvm.so
7f6a57ac2000-7f6a57af7000 rw-p 012af000 07:15 1349                       /snap/eclipse/66/plugins/org.eclipse.justj.openjdk.hotspot.jre.full.linux.x86_64_17.0.5.v20221102-0933/jre/lib/server/libjvm.so
7f6a57af7000-7f6a57b51000 rw-p 00000000 00:00 0 
7f6a57b51000-7f6a57d38000 r-xp 00000000 08:02 52958245                   /lib/x86_64-linux-gnu/libc-2.27.so
7f6a57d38000-7f6a57f38000 ---p 001e7000 08:02 52958245                   /lib/x86_64-linux-gnu/libc-2.27.so
7f6a57f38000-7f6a57f3c000 r--p 001e7000 08:02 52958245                   /lib/x86_64-linux-gnu/libc-2.27.so
7f6a57f3c000-7f6a57f3e000 rw-p 001eb000 08:02 52958245                   /lib/x86_64-linux-gnu/libc-2.27.so
7f6a57f3e000-7f6a57f42000 rw-p 00000000 00:00 0 
7f6a57f42000-7f6a57f45000 r-xp 00000000 08:02 52958248                   /lib/x86_64-linux-gnu/libdl-2.27.so
7f6a57f45000-7f6a58144000 ---p 00003000 08:02 52958248                   /lib/x86_64-linux-gnu/libdl-2.27.so
7f6a58144000-7f6a58145000 r--p 00002000 08:02 52958248                   /lib/x86_64-linux-gnu/libdl-2.27.so
7f6a58145000-7f6a58146000 rw-p 00003000 08:02 52958248                   /lib/x86_64-linux-gnu/libdl-2.27.so
7f6a58146000-7f6a58160000 r-xp 00000000 08:02 52958691                   /lib/x86_64-linux-gnu/libpthread-2.27.so
7f6a58160000-7f6a5835f000 ---p 0001a000 08:02 52958691                   /lib/x86_64-linux-gnu/libpthread-2.27.so
7f6a5835f000-7f6a58360000 r--p 00019000 08:02 52958691                   /lib/x86_64-linux-gnu/libpthread-2.27.so
7f6a58360000-7f6a58361000 rw-p 0001a000 08:02 52958691                   /lib/x86_64-linux-gnu/libpthread-2.27.so
7f6a58361000-7f6a58365000 rw-p 00000000 00:00 0 
7f6a58365000-7f6a58381000 r-xp 00000000 08:02 52958314                   /lib/x86_64-linux-gnu/libz.so.1.2.11
7f6a58381000-7f6a58580000 ---p 0001c000 08:02 52958314                   /lib/x86_64-linux-gnu/libz.so.1.2.11
7f6a58580000-7f6a58581000 r--p 0001b000 08:02 52958314                   /lib/x86_64-linux-gnu/libz.so.1.2.11
7f6a58581000-7f6a58582000 rw-p 0001c000 08:02 52958314                   /lib/x86_64-linux-gnu/libz.so.1.2.11
7f6a58582000-7f6a585ab000 r-xp 00000000 08:02 52953182                   /lib/x86_64-linux-gnu/ld-2.27.so
7f6a585ae000-7f6a58633000 rw-p 00000000 00:00 0 
7f6a58633000-7f6a5863a000 ---p 00000000 00:00 0 
7f6a5863a000-7f6a58647000 r--p 00000000 07:15 1317                       /snap/eclipse/66/plugins/org.eclipse.justj.openjdk.hotspot.jre.full.linux.x86_64_17.0.5.v20221102-0933/jre/lib/libjava.so
7f6a58647000-7f6a58659000 r-xp 0000d000 07:15 1317                       /snap/eclipse/66/plugins/org.eclipse.justj.openjdk.hotspot.jre.full.linux.x86_64_17.0.5.v20221102-0933/jre/lib/libjava.so
7f6a58659000-7f6a5865f000 r--p 0001f000 07:15 1317                       /snap/eclipse/66/plugins/org.eclipse.justj.openjdk.hotspot.jre.full.linux.x86_64_17.0.5.v20221102-0933/jre/lib/libjava.so
7f6a5865f000-7f6a58660000 ---p 00025000 07:15 1317                       /snap/eclipse/66/plugins/org.eclipse.justj.openjdk.hotspot.jre.full.linux.x86_64_17.0.5.v20221102-0933/jre/lib/libjava.so
7f6a58660000-7f6a58661000 r--p 00025000 07:15 1317                       /snap/eclipse/66/plugins/org.eclipse.justj.openjdk.hotspot.jre.full.linux.x86_64_17.0.5.v20221102-0933/jre/lib/libjava.so
7f6a58661000-7f6a58662000 rw-p 00026000 07:15 1317                       /snap/eclipse/66/plugins/org.eclipse.justj.openjdk.hotspot.jre.full.linux.x86_64_17.0.5.v20221102-0933/jre/lib/libjava.so
7f6a58662000-7f6a58663000 rw-p 00000000 00:00 0 
7f6a58663000-7f6a5866b000 rw-s 00000000 08:02 50594782                   /tmp/hsperfdata_user/28663
7f6a5866b000-7f6a5866f000 ---p 00000000 00:00 0 
7f6a5866f000-7f6a5876e000 rw-p 00000000 00:00 0 
7f6a5876e000-7f6a58771000 r--p 00000000 07:15 1322                       /snap/eclipse/66/plugins/org.eclipse.justj.openjdk.hotspot.jre.full.linux.x86_64_17.0.5.v20221102-0933/jre/lib/libjli.so
7f6a58771000-7f6a5877b000 r-xp 00003000 07:15 1322                       /snap/eclipse/66/plugins/org.eclipse.justj.openjdk.hotspot.jre.full.linux.x86_64_17.0.5.v20221102-0933/jre/lib/libjli.so
7f6a5877b000-7f6a5877e000 r--p 0000d000 07:15 1322                       /snap/eclipse/66/plugins/org.eclipse.justj.openjdk.hotspot.jre.full.linux.x86_64_17.0.5.v20221102-0933/jre/lib/libjli.so
7f6a5877e000-7f6a5877f000 ---p 00010000 07:15 1322                       /snap/eclipse/66/plugins/org.eclipse.justj.openjdk.hotspot.jre.full.linux.x86_64_17.0.5.v20221102-0933/jre/lib/libjli.so
7f6a5877f000-7f6a58780000 r--p 00010000 07:15 1322                       /snap/eclipse/66/plugins/org.eclipse.justj.openjdk.hotspot.jre.full.linux.x86_64_17.0.5.v20221102-0933/jre/lib/libjli.so
7f6a58780000-7f6a58781000 rw-p 00011000 07:15 1322                       /snap/eclipse/66/plugins/org.eclipse.justj.openjdk.hotspot.jre.full.linux.x86_64_17.0.5.v20221102-0933/jre/lib/libjli.so
7f6a58781000-7f6a58782000 ---p 00000000 00:00 0 
7f6a58782000-7f6a58783000 r--p 00000000 00:00 0 
7f6a58783000-7f6a58784000 ---p 00000000 00:00 0 
7f6a58784000-7f6a58788000 r--p 00000000 07:15 1321                       /snap/eclipse/66/plugins/org.eclipse.justj.openjdk.hotspot.jre.full.linux.x86_64_17.0.5.v20221102-0933/jre/lib/libjimage.so
7f6a58788000-7f6a5879b000 r-xp 00004000 07:15 1321                       /snap/eclipse/66/plugins/org.eclipse.justj.openjdk.hotspot.jre.full.linux.x86_64_17.0.5.v20221102-0933/jre/lib/libjimage.so
7f6a5879b000-7f6a587a1000 r--p 00017000 07:15 1321                       /snap/eclipse/66/plugins/org.eclipse.justj.openjdk.hotspot.jre.full.linux.x86_64_17.0.5.v20221102-0933/jre/lib/libjimage.so
7f6a587a1000-7f6a587a3000 r--p 0001c000 07:15 1321                       /snap/eclipse/66/plugins/org.eclipse.justj.openjdk.hotspot.jre.full.linux.x86_64_17.0.5.v20221102-0933/jre/lib/libjimage.so
7f6a587a3000-7f6a587a4000 rw-p 0001e000 07:15 1321                       /snap/eclipse/66/plugins/org.eclipse.justj.openjdk.hotspot.jre.full.linux.x86_64_17.0.5.v20221102-0933/jre/lib/libjimage.so
7f6a587a4000-7f6a587a6000 rw-p 00000000 00:00 0 
7f6a587a6000-7f6a587a9000 r--p 00000000 00:00 0                          [vvar]
7f6a587a9000-7f6a587ab000 r-xp 00000000 00:00 0                          [vdso]
7f6a587ab000-7f6a587ac000 r--p 00029000 08:02 52953182                   /lib/x86_64-linux-gnu/ld-2.27.so
7f6a587ac000-7f6a587ad000 rw-p 0002a000 08:02 52953182                   /lib/x86_64-linux-gnu/ld-2.27.so
7f6a587ad000-7f6a587ae000 rw-p 00000000 00:00 0 
7ffdd1bd9000-7ffdd1bfe000 rw-p 00000000 00:00 0                          [stack]
ffffffffff600000-ffffffffff601000 r-xp 00000000 00:00 0                  [vsyscall]


VM Arguments:
jvm_args: -Dfile.encoding=UTF-8 -XX:+ShowCodeDetailsInExceptionMessages 
java_command: com.automatics.rdkv.STBhomescreen.ReadTextInImage
java_class_path (initial): /home/user/eclipse-workspace/RDKV_Peacock/target/test-classes:/home/user/eclipse-workspace/RDKV_Peacock/target/classes:/snap/eclipse/66/plugins/org.junit_4.13.2.v20211018-1956.jar:/home/user/Desktop/rdkb-utils-0.0.1-SNAPSHOT.jar:/home/user/Desktop/rpi-provider-impl-0.0.1-SNAPSHOT.jar:/home/user/.m2/repository/org/openpnp/opencv/3.2.0-0/opencv-3.2.0-0.jar:/home/user/.m2/repository/nu/pattern/opencv/2.4.9-4/opencv-2.4.9-4.jar:/home/user/.m2/repository/com/github/romankh3/image-comparison/4.4.0/image-comparison-4.4.0.jar:/home/user/.m2/repository/RDKMAutomationRDKBUtils/rdkb-utils/0.0.1-SNAPSHOT/rdkb-utils-0.0.1-SNAPSHOT.jar:/home/user/.m2/repository/org/glassfish/tyrus/bundles/tyrus-standalone-client/1.9/tyrus-standalone-client-1.9.jar:/home/user/.m2/repository/com/assertthat/selenium-shutterbug/0.9/selenium-shutterbug-0.9.jar:/home/user/.m2/repository/commons-lang/commons-lang/2.6/commons-lang-2.6.jar:/home/user/.m2/repository/org/apache/httpcomponents/httpclient/4.5.5/httpclient-4.5.5.jar:/home/user/.m2/repository/commons-logging/commons-logging/1.2/commons-logging-1.2.jar:/home/user/.m2/repository/commons-codec/commons-codec/1.10/commons-codec-1.10.jar:/home/user/.m2/repository/org/apache/httpcomponents/httpcore/4.4.9/httpcore-4.4.9.jar:/home/user/.m2/repository/junit/junit/4.11/junit-4.11.jar:/home/user/.m2/repository/org/hamcrest/hamcrest-core/1.3/hamcrest-core-1.3.jar:/home/user/.m2/repository/org/codehaus/jackson/jackson-mapper-asl/1.5.0/jackson-mapper-asl-1.5.0.jar:/home/user/.m2/repository/org/codehaus/jackson/jackson-core-asl/1.5.0/jackson-core-asl-1.5.0.jar:/home/user/eclipse-workspace/automatics-core-refs_heads_rdk-next/target/classes:/home/user/.m2/repository/org/seleniumhq/selenium/selenium-server/3.12.0/selenium-server-3.12.0.jar:/home/user/.m2/repository/org/seleniumhq/selenium/selenium-edge-driver/3.12.0/selenium-edge-driver-3.12.0.jar:/home/user/.m2/repository/org/seleniumhq/selenium/selenium-ie-driver/3.12.0/selenium-ie-
Launcher Type: SUN_STANDARD

[Global flags]
     intx CICompilerCount                          = 3                                         {product} {ergonomic}
     uint ConcGCThreads                            = 2                                         {product} {ergonomic}
     uint G1ConcRefinementThreads                  = 6                                         {product} {ergonomic}
   size_t G1HeapRegionSize                         = 2097152                                   {product} {ergonomic}
    uintx GCDrainStackTargetSize                   = 64                                        {product} {ergonomic}
   size_t InitialHeapSize                          = 260046848                                 {product} {ergonomic}
   size_t MarkStackSize                            = 4194304                                   {product} {ergonomic}
   size_t MaxHeapSize                              = 4148166656                                {product} {ergonomic}
   size_t MaxNewSize                               = 2487222272                                {product} {ergonomic}
   size_t MinHeapDeltaBytes                        = 2097152                                   {product} {ergonomic}
   size_t MinHeapSize                              = 8388608                                   {product} {ergonomic}
    uintx NonNMethodCodeHeapSize                   = 5832780                                {pd product} {ergonomic}
    uintx NonProfiledCodeHeapSize                  = 122912730                              {pd product} {ergonomic}
    uintx ProfiledCodeHeapSize                     = 122912730                              {pd product} {ergonomic}
    uintx ReservedCodeCacheSize                    = 251658240                              {pd product} {ergonomic}
     bool SegmentedCodeCache                       = true                                      {product} {ergonomic}
     bool ShowCodeDetailsInExceptionMessages       = true                                   {manageable} {command line}
   size_t SoftMaxHeapSize                          = 4148166656                             {manageable} {ergonomic}
     bool UseCompressedClassPointers               = true                           {product lp64_product} {ergonomic}
     bool UseCompressedOops                        = true                           {product lp64_product} {ergonomic}
     bool UseG1GC                                  = true                                      {product} {ergonomic}

Logging:
Log output configuration:
 #0: stdout all=warning uptime,level,tags
 #1: stderr all=off uptime,level,tags

Environment Variables:
JAVA_HOME=/usr/lib/jvm/java-8-openjdk-amd64/jre/bin/java
PATH=/usr/local/sbin:/usr/local/bin:/usr/sbin:/usr/bin:/sbin:/bin:/usr/games:/usr/local/games:/snap/bin:/home/user/.dotnet/tools
USERNAME=user
SHELL=/bin/bash
DISPLAY=:0
LANG=en_IN

Signal Handlers:
   SIGSEGV: crash_handler in libjvm.so, mask=11100100010111111101111111111110, flags=SA_RESTART|SA_SIGINFO
    SIGBUS: crash_handler in libjvm.so, mask=11100100010111111101111111111110, flags=SA_RESTART|SA_SIGINFO
    SIGFPE: crash_handler in libjvm.so, mask=11100100010111111101111111111110, flags=SA_RESTART|SA_SIGINFO
   SIGPIPE: javaSignalHandler in libjvm.so, mask=11100100010111111101111111111110, flags=SA_RESTART|SA_SIGINFO
   SIGXFSZ: javaSignalHandler in libjvm.so, mask=11100100010111111101111111111110, flags=SA_RESTART|SA_SIGINFO
    SIGILL: crash_handler in libjvm.so, mask=11100100010111111101111111111110, flags=SA_RESTART|SA_SIGINFO
   SIGUSR2: SR_handler in libjvm.so, mask=00100000000000000000000000000000, flags=SA_RESTART|SA_SIGINFO
    SIGHUP: UserHandler in libjvm.so, mask=11100100010111111101111111111110, flags=SA_RESTART|SA_SIGINFO
    SIGINT: UserHandler in libjvm.so, mask=11100100010111111101111111111110, flags=SA_RESTART|SA_SIGINFO
   SIGTERM: UserHandler in libjvm.so, mask=11100100010111111101111111111110, flags=SA_RESTART|SA_SIGINFO
   SIGQUIT: UserHandler in libjvm.so, mask=11100100010111111101111111111110, flags=SA_RESTART|SA_SIGINFO
  *** Handler was modified!
  *** Expected: javaSignalHandler in libjvm.so, mask=11100100110111111111111111111110, flags=SA_RESTART|SA_SIGINFO
   SIGTRAP: crash_handler in libjvm.so, mask=11100100010111111101111111111110, flags=SA_RESTART|SA_SIGINFO


---------------  S Y S T E M  ---------------

OS:
DISTRIB_ID=Ubuntu
DISTRIB_RELEASE=18.04
DISTRIB_CODENAME=bionic
DISTRIB_DESCRIPTION="Ubuntu 18.04.6 LTS"
uname: Linux 4.18.0-25-generic #26~18.04.1-Ubuntu SMP Thu Jun 27 07:28:31 UTC 2019 x86_64
OS uptime: 1 days 22:19 hours
libc: glibc 2.27 NPTL 2.27 
rlimit (soft/hard): STACK 8192k/infinity , CORE 0k/infinity , NPROC 62891/62891 , NOFILE 1048576/1048576 , AS infinity/infinity , CPU infinity/infinity , DATA infinity/infinity , FSIZE infinity/infinity , MEMLOCK 65536k/65536k
load average: 0.93 0.83 0.65

/proc/meminfo:
MemTotal:       16201936 kB
MemFree:         2185556 kB
MemAvailable:    7204160 kB
Buffers:          680928 kB
Cached:          4340856 kB
SwapCached:            0 kB
Active:         10206560 kB
Inactive:        2921888 kB
Active(anon):    8098140 kB
Inactive(anon):   105260 kB
Active(file):    2108420 kB
Inactive(file):  2816628 kB
Unevictable:         272 kB
Mlocked:             272 kB
SwapTotal:       2097148 kB
SwapFree:        2097148 kB
Dirty:              6900 kB
Writeback:             0 kB
AnonPages:       8106992 kB
Mapped:           715176 kB
Shmem:            108724 kB
Slab:             541868 kB
SReclaimable:     430636 kB
SUnreclaim:       111232 kB
KernelStack:       34160 kB
PageTables:       117400 kB
NFS_Unstable:          0 kB
Bounce:                0 kB
WritebackTmp:          0 kB
CommitLimit:    10198116 kB
Committed_AS:   17539436 kB
VmallocTotal:   34359738367 kB
VmallocUsed:           0 kB
VmallocChunk:          0 kB
HardwareCorrupted:     0 kB
AnonHugePages:         0 kB
ShmemHugePages:        0 kB
ShmemPmdMapped:        0 kB
CmaTotal:              0 kB
CmaFree:               0 kB
HugePages_Total:       0
HugePages_Free:        0
HugePages_Rsvd:        0
HugePages_Surp:        0
Hugepagesize:       2048 kB
Hugetlb:               0 kB
DirectMap4k:      399692 kB
DirectMap2M:    13008896 kB
DirectMap1G:     3145728 kB

/sys/kernel/mm/transparent_hugepage/enabled: always [madvise] never
/sys/kernel/mm/transparent_hugepage/defrag (defrag/compaction efforts parameter): always defer defer+madvise [madvise] never

Process Memory:
Virtual Size: 7461872K (peak: 7484496K)
Resident Set Size: 124340K (peak: 124340K) (anon: 86160K, file: 38180K, shmem: 0K)
Swapped out: 0K
C-Heap outstanding allocations: 44572K, retained: 8467K
glibc malloc tunables: (default)

/proc/sys/kernel/threads-max (system-wide limit on the number of threads): 125782
/proc/sys/vm/max_map_count (maximum number of memory map areas a process may have): 65530
/proc/sys/kernel/pid_max (system-wide limit on number of process identifiers): 32768

container (cgroup) information:
container_type: cgroupv1
cpu_cpuset_cpus: 0-5
cpu_memory_nodes: 0
active_processor_count: 6
cpu_quota: no quota
cpu_period: 100000
cpu_shares: no shares
memory_limit_in_bytes: unlimited
memory_and_swap_limit_in_bytes: not supported
memory_soft_limit_in_bytes: unlimited
memory_usage_in_bytes: 13129132 k
memory_max_usage_in_bytes: unlimited
maximum number of tasks: unlimited
current number of tasks: 1617

Steal ticks since vm start: 0
Steal ticks percentage since vm start:  0.000

CPU: total 6 (initial active 6) (6 cores per cpu, 1 threads per core) family 6 model 158 stepping 10 microcode 0xea, cx8, cmov, fxsr, mmx, 3dnowpref, sse, sse2, sse3, ssse3, sse4.1, sse4.2, popcnt, lzcnt, tsc, tscinvbit, avx, avx2, aes, erms, clmul, bmi1, bmi2, rtm, adx, fma, vzeroupper, clflush, clflushopt
CPU Model and flags from /proc/cpuinfo:
model name	: Intel(R) Core(TM) i5-8500 CPU @ 3.00GHz
flags		: fpu vme de pse tsc msr pae mce cx8 apic sep mtrr pge mca cmov pat pse36 clflush dts acpi mmx fxsr sse sse2 ss ht tm pbe syscall nx pdpe1gb rdtscp lm constant_tsc art arch_perfmon pebs bts rep_good nopl xtopology nonstop_tsc cpuid aperfmperf tsc_known_freq pni pclmulqdq dtes64 monitor ds_cpl vmx smx est tm2 ssse3 sdbg fma cx16 xtpr pdcm pcid sse4_1 sse4_2 x2apic movbe popcnt tsc_deadline_timer aes xsave avx f16c rdrand lahf_lm abm 3dnowprefetch cpuid_fault epb invpcid_single pti ssbd ibrs ibpb stibp tpr_shadow vnmi flexpriority ept vpid fsgsbase tsc_adjust bmi1 hle avx2 smep bmi2 erms invpcid rtm mpx rdseed adx smap clflushopt intel_pt xsaveopt xsavec xgetbv1 xsaves dtherm ida arat pln pts hwp hwp_notify hwp_act_window hwp_epp md_clear flush_l1d

Online cpus: 0-5
Offline cpus: 
BIOS frequency limitation: <Not Available>
Frequency switch latency (ns): 0
Available cpu frequencies: <Not Available>
Current governor: powersave
Core performance/turbo boost: <Not Available>

Memory: 4k page, physical 16201936k(2185556k free), swap 2097148k(2097148k free)
Page Sizes: 4k

vm_info: OpenJDK 64-Bit Server VM (17.0.5+8) for linux-amd64 JRE (17.0.5+8), built on Oct 18 2022 00:00:00 by "temurin" with gcc 10.3.0

END.
