#
# A fatal error has been detected by the Java Runtime Environment:
#
#  SIGSEGV (0xb) at pc=0x00007fe26cc12727, pid=12547, tid=12551
#
# JRE version: OpenJDK Runtime Environment Temurin-17.0.5+8 (17.0.5+8) (build 17.0.5+8)
# Java VM: OpenJDK 64-Bit Server VM Temurin-17.0.5+8 (17.0.5+8, mixed mode, tiered, compressed oops, compressed class ptrs, g1 gc, linux-amd64)
# Problematic frame:
# C  [libtesseract.so.4.0.1+0xc9727]  tesseract::Tesseract::recog_all_words(PAGE_RES*, ETEXT_DESC*, TBOX const*, char const*, int)+0x637
#
# Core dump will be written. Default location: Core dumps may be processed with "/usr/libexec/abrt-hook-ccpp %s %c %p %u %g %t e %P %I %h" (or dumping to /home/user/eclipse-workspace/RDKV_Peacock/core.12547)
#
# If you would like to submit a bug report, please visit:
#   https://github.com/adoptium/adoptium-support/issues
# The crash happened outside the Java Virtual Machine in native code.
# See problematic frame for where to report the bug.
#

---------------  S U M M A R Y ------------

Command Line: -Dfile.encoding=UTF-8 -XX:+ShowCodeDetailsInExceptionMessages com.automatics.rdkv.STBhomescreen.ReadTextInImage

Host: Intel(R) Core(TM) i5-8500 CPU @ 3.00GHz, 6 cores, 7G, CentOS Linux release 7.9.2009 (Core)
Time: Thu Jan 19 15:31:19 2023 IST elapsed time: 9.872390 seconds (0d 0h 0m 9s)

---------------  T H R E A D  ---------------

Current thread (0x00007fe2b002a020):  JavaThread "main" [_thread_in_native, id=12551, stack(0x00007fe2b734a000,0x00007fe2b744b000)]

Stack: [0x00007fe2b734a000,0x00007fe2b744b000],  sp=0x00007fe2b7448670,  free space=1017k
Native frames: (J=compiled Java code, j=interpreted, Vv=VM code, C=native code)
C  [libtesseract.so.4.0.1+0xc9727]  tesseract::Tesseract::recog_all_words(PAGE_RES*, ETEXT_DESC*, TBOX const*, char const*, int)+0x637

Java frames: (J=compiled Java code, j=interpreted, Vv=VM code)
j  com.sun.jna.Native.invokePointer(JI[Ljava/lang/Object;)J+0
j  com.sun.jna.Function.invokePointer(I[Ljava/lang/Object;)Lcom/sun/jna/Pointer;+6
j  com.sun.jna.Function.invoke([Ljava/lang/Object;Ljava/lang/Class;Z)Ljava/lang/Object;+426
j  com.sun.jna.Function.invoke(Ljava/lang/Class;[Ljava/lang/Object;Ljava/util/Map;)Ljava/lang/Object;+262
j  com.sun.jna.Library$Handler.invoke(Ljava/lang/Object;Ljava/lang/reflect/Method;[Ljava/lang/Object;)Ljava/lang/Object;+316
j  jdk.proxy2.$Proxy2.TessBaseAPIGetUTF8Text(Lnet/sourceforge/tess4j/ITessAPI$TessBaseAPI;)Lcom/sun/jna/Pointer;+16 jdk.proxy2
j  net.sourceforge.tess4j.Tesseract.getOCRText(Ljava/lang/String;I)Ljava/lang/String;+62
j  net.sourceforge.tess4j.Tesseract.doOCR(Ljava/util/List;Ljava/lang/String;Ljava/awt/Rectangle;)Ljava/lang/String;+69
j  net.sourceforge.tess4j.Tesseract.doOCR(Ljava/io/File;Ljava/awt/Rectangle;)Ljava/lang/String;+10
j  net.sourceforge.tess4j.Tesseract.doOCR(Ljava/io/File;)Ljava/lang/String;+3
j  com.automatics.rdkv.STBhomescreen.ReadTextInImage.crackImage(Ljava/lang/String;)Ljava/lang/String;+19
j  com.automatics.rdkv.STBhomescreen.ReadTextInImage.main([Ljava/lang/String;)V+7
v  ~StubRoutines::call_stub

siginfo: si_signo: 11 (SIGSEGV), si_code: 1 (SEGV_MAPERR), si_addr: 0x000000000000000c

Register to memory mapping:

RAX=0x0 is NULL
RBX=0x00007fe2b74486c0 is pointing into the stack for thread: 0x00007fe2b002a020
RCX=0x00007fe2b0d2a240 points into unknown readable memory: 0x00007fe2b0d2b260 | 60 b2 d2 b0 e2 7f 00 00
RDX=0x0 is NULL
RSP=0x00007fe2b7448670 is pointing into the stack for thread: 0x00007fe2b002a020
RBP=0x00007fe2b0bc5780 points into unknown readable memory: 0x00007fe26d085730 | 30 57 08 6d e2 7f 00 00
RSI=0x0000000000000001 is an unknown value
RDI=0x00007fe2b7448710 is pointing into the stack for thread: 0x00007fe2b002a020
R8 =0x0 is NULL
R9 =0x0 is NULL
R10=0x00007fe2b7448060 is pointing into the stack for thread: 0x00007fe2b002a020
R11=0x00007fe26cd98420: _ZN11PAGE_RES_IT16internal_forwardEbb+0x0000000000000000 in /usr/lib64/libtesseract.so.4.0.1 at 0x00007fe26cb49000
R12=0x00007fe2b0d28e80 points into unknown readable memory: 0x0000000000000000 | 00 00 00 00 00 00 00 00
R13=0x0 is NULL
R14=0x0 is NULL
R15=0x00007fe2b74492f0 is pointing into the stack for thread: 0x00007fe2b002a020


Registers:
RAX=0x0000000000000000, RBX=0x00007fe2b74486c0, RCX=0x00007fe2b0d2a240, RDX=0x0000000000000000
RSP=0x00007fe2b7448670, RBP=0x00007fe2b0bc5780, RSI=0x0000000000000001, RDI=0x00007fe2b7448710
R8 =0x0000000000000000, R9 =0x0000000000000000, R10=0x00007fe2b7448060, R11=0x00007fe26cd98420
R12=0x00007fe2b0d28e80, R13=0x0000000000000000, R14=0x0000000000000000, R15=0x00007fe2b74492f0
RIP=0x00007fe26cc12727, EFLAGS=0x0000000000010246, CSGSFS=0x0000000000000033, ERR=0x0000000000000004
  TRAPNO=0x000000000000000e

Top of Stack: (sp=0x00007fe2b7448670)
0x00007fe2b7448670:   0000000000000000 0000000000000000
0x00007fe2b7448680:   0000000000000002 800000000000000e
0x00007fe2b7448690:   0000000000000000 0000000000000000
0x00007fe2b74486a0:   0000000000000000 0000000000000000 

Instructions: (pc=0x00007fe26cc12727)
0x00007fe26cc12627:   84 84 01 00 00 31 f6 48 89 df e8 5a bd fc ff 49
0x00007fe26cc12637:   8d 44 24 40 4c 8d 7c 24 20 48 89 44 24 18 eb 72
0x00007fe26cc12647:   66 0f 1f 84 00 00 00 00 00 48 8b 90 38 01 00 00
0x00007fe26cc12657:   80 7a 4c 0a 0f 84 7f 00 00 00 48 8b b8 50 01 00
0x00007fe26cc12667:   00 48 85 ff 74 40 48 81 c7 a0 00 00 00 e8 b7 b7
0x00007fe26cc12677:   fc ff 85 c0 7e 30 48 8b 44 24 70 4c 89 ff 48 8b
0x00007fe26cc12687:   b0 50 01 00 00 48 81 c6 a0 00 00 00 e8 38 b3 fc
0x00007fe26cc12697:   ff 48 8b 7c 24 18 4c 89 fe e8 cb d0 fc ff 4c 89
0x00007fe26cc126a7:   ff e8 a3 31 fd ff 31 d2 31 f6 48 89 df e8 c7 04
0x00007fe26cc126b7:   fd ff 48 8b 44 24 70 48 85 c0 74 3e 48 8b 50 08
0x00007fe26cc126c7:   f6 42 13 02 74 83 48 89 de 48 89 ef e8 48 75 fc
0x00007fe26cc126d7:   ff eb d3 66 0f 1f 44 00 00 83 85 c4 44 02 00 01
0x00007fe26cc126e7:   e9 75 ff ff ff 48 8b 7c 24 10 89 04 24 e8 77 be
0x00007fe26cc126f7:   fc ff 8b 04 24 e9 2d fd ff ff 48 8b 7c 24 10 e8
0x00007fe26cc12707:   65 be fc ff 41 83 fe 01 0f 84 14 fd ff ff e9 80
0x00007fe26cc12717:   fa ff ff 66 0f 1f 44 00 00 48 8b 85 b0 09 00 00
0x00007fe26cc12727:   80 78 0c 00 0f 84 cc fd ff ff 48 89 ef e8 e7 bc
0x00007fe26cc12737:   fc ff e9 bf fd ff ff 4c 89 e6 48 89 ef e8 e7 bb
0x00007fe26cc12747:   fc ff e9 ab fb ff ff 4c 89 e6 48 89 ef e8 a7 a0
0x00007fe26cc12757:   fc ff e9 8e fb ff ff 8b b5 d8 44 02 00 85 f6 0f
0x00007fe26cc12767:   8e c5 fb ff ff 48 8b 95 e0 44 02 00 48 8b 02 83
0x00007fe26cc12777:   b8 dc 1a 02 00 01 0f 85 3f fa ff ff 48 83 c2 08
0x00007fe26cc12787:   31 c0 eb 19 0f 1f 44 00 00 48 8b 0a 48 83 c2 08
0x00007fe26cc12797:   83 b9 dc 1a 02 00 01 0f 85 1e fa ff ff 83 c0 01
0x00007fe26cc127a7:   39 f0 75 e5 e9 81 fb ff ff 48 8b 7c 24 10 89 04
0x00007fe26cc127b7:   24 e8 b3 bd fc ff 8b 04 24 e9 69 fc ff ff 80 bd
0x00007fe26cc127c7:   7a 2d 02 00 00 0f 85 b7 fc ff ff e9 6e fb ff ff
0x00007fe26cc127d7:   48 89 c3 48 8b 7c 24 10 e8 8c bd fc ff 48 89 df
0x00007fe26cc127e7:   e8 84 22 fd ff 4c 89 ff 48 89 c3 e8 59 30 fd ff
0x00007fe26cc127f7:   eb e1 48 8b 7c 24 10 48 89 c3 e8 6a bd fc ff 48
0x00007fe26cc12807:   89 df e8 62 22 fd ff e8 bd d6 fc ff 66 2e 0f 1f
0x00007fe26cc12817:   84 00 00 00 00 00 0f 1f 00 55 53 48 83 ec 08 48 


Stack slot to memory mapping:
stack at sp + 0 slots: 0x0 is NULL
stack at sp + 1 slots: 0x0 is NULL
stack at sp + 2 slots: 0x0000000000000002 is an unknown value
stack at sp + 3 slots: 0x800000000000000e is an unknown value
stack at sp + 4 slots: 0x0 is NULL
stack at sp + 5 slots: 0x0 is NULL
stack at sp + 6 slots: 0x0 is NULL
stack at sp + 7 slots: 0x0 is NULL


---------------  P R O C E S S  ---------------

Threads class SMR info:
_java_thread_list=0x00007fe2b0b57270, length=12, elements={
0x00007fe2b002a020, 0x00007fe2b018eb60, 0x00007fe2b0190340, 0x00007fe2b01c6910,
0x00007fe2b01bb770, 0x00007fe2b01bc760, 0x00007fe2b01be250, 0x00007fe2b01bf8a0,
0x00007fe2b01c0e30, 0x00007fe2b0236320, 0x00007fe2b023e250, 0x00007fe2b0b56330
}

Java Threads: ( => current thread )
=>0x00007fe2b002a020 JavaThread "main" [_thread_in_native, id=12551, stack(0x00007fe2b734a000,0x00007fe2b744b000)]
  0x00007fe2b018eb60 JavaThread "Reference Handler" daemon [_thread_blocked, id=12581, stack(0x00007fe2981fd000,0x00007fe2982fe000)]
  0x00007fe2b0190340 JavaThread "Finalizer" daemon [_thread_blocked, id=12582, stack(0x00007fe2980fc000,0x00007fe2981fd000)]
  0x00007fe2b01c6910 JavaThread "Signal Dispatcher" daemon [_thread_blocked, id=12583, stack(0x00007fe289eff000,0x00007fe28a000000)]
  0x00007fe2b01bb770 JavaThread "Service Thread" daemon [_thread_blocked, id=12585, stack(0x00007fe289dfe000,0x00007fe289eff000)]
  0x00007fe2b01bc760 JavaThread "Monitor Deflation Thread" daemon [_thread_blocked, id=12586, stack(0x00007fe289cfd000,0x00007fe289dfe000)]
  0x00007fe2b01be250 JavaThread "C2 CompilerThread0" daemon [_thread_in_native, id=12587, stack(0x00007fe289bfc000,0x00007fe289cfd000)]
  0x00007fe2b01bf8a0 JavaThread "C1 CompilerThread0" daemon [_thread_blocked, id=12588, stack(0x00007fe289afb000,0x00007fe289bfc000)]
  0x00007fe2b01c0e30 JavaThread "Sweeper thread" daemon [_thread_blocked, id=12589, stack(0x00007fe2899fa000,0x00007fe289afb000)]
  0x00007fe2b0236320 JavaThread "Notification Thread" daemon [_thread_blocked, id=12591, stack(0x00007fe2898f9000,0x00007fe2899fa000)]
  0x00007fe2b023e250 JavaThread "Common-Cleaner" daemon [_thread_blocked, id=12593, stack(0x00007fe2896f6000,0x00007fe2897f7000)]
  0x00007fe2b0b56330 JavaThread "Java2D Disposer" daemon [_thread_blocked, id=12601, stack(0x00007fe26d7b8000,0x00007fe26d8b9000)]

Other Threads:
  0x00007fe2b017f810 VMThread "VM Thread" [stack: 0x00007fe298300000,0x00007fe298400000] [id=12580]
  0x00007fe2b0237dc0 WatcherThread [stack: 0x00007fe2897f9000,0x00007fe2898f9000] [id=12592]
  0x00007fe2b00814b0 GCTaskThread "GC Thread#0" [stack: 0x00007fe2b4165000,0x00007fe2b4265000] [id=12561]
  0x00007fe280005260 GCTaskThread "GC Thread#1" [stack: 0x00007fe26d5a0000,0x00007fe26d6a0000] [id=12603]
  0x00007fe28000b700 GCTaskThread "GC Thread#2" [stack: 0x00007fe26d49e000,0x00007fe26d59e000] [id=12604]
  0x00007fe28000c230 GCTaskThread "GC Thread#3" [stack: 0x00007fe26d39c000,0x00007fe26d49c000] [id=12605]
  0x00007fe28000cdc0 GCTaskThread "GC Thread#4" [stack: 0x00007fe26d29a000,0x00007fe26d39a000] [id=12606]
  0x00007fe28000d950 GCTaskThread "GC Thread#5" [stack: 0x00007fe26d198000,0x00007fe26d298000] [id=12607]
  0x00007fe2b0091a00 ConcurrentGCThread "G1 Main Marker" [stack: 0x00007fe2b4063000,0x00007fe2b4163000] [id=12562]
  0x00007fe2b0092a80 ConcurrentGCThread "G1 Conc#0" [stack: 0x00007fe29959f000,0x00007fe29969f000] [id=12563]
  0x00007fe2b00fd160 ConcurrentGCThread "G1 Refine#0" [stack: 0x00007fe298e97000,0x00007fe298f97000] [id=12564]
  0x00007fe284000a90 ConcurrentGCThread "G1 Refine#1" [stack: 0x00007fe26d096000,0x00007fe26d196000] [id=12608]
  0x00007fe2b00fe170 ConcurrentGCThread "G1 Service" [stack: 0x00007fe298d95000,0x00007fe298e95000] [id=12565]

Threads with active compile tasks:
C2 CompilerThread0     9874 1060 %     4       jdk.internal.loader.URLClassPath::getResource @ 39 (74 bytes)

VM state: not at safepoint (normal execution)

VM Mutex/Monitor currently owned by a thread: None

Heap address: 0x0000000088e00000, size: 1906 MB, Compressed Oops mode: 32-bit

CDS archive(s) not mapped
Compressed class space mapped at: 0x0000000100000000-0x0000000140000000, reserved size: 1073741824
Narrow klass base: 0x0000000000000000, Narrow klass shift: 3, Narrow klass range: 0x140000000

GC Precious Log:
 CPUs: 6 total, 6 available
 Memory: 7617M
 Large Page Support: Disabled
 NUMA Support: Disabled
 Compressed Oops: Enabled (32-bit)
 Heap Region Size: 1M
 Heap Min Capacity: 8M
 Heap Initial Capacity: 120M
 Heap Max Capacity: 1906M
 Pre-touch: Disabled
 Parallel Workers: 6
 Concurrent Workers: 2
 Concurrent Refinement Workers: 6
 Periodic GC: Disabled

Heap:
 garbage-first heap   total 122880K, used 15352K [0x0000000088e00000, 0x0000000100000000)
  region size 1024K, 10 young (10240K), 3 survivors (3072K)
 Metaspace       used 15796K, committed 15936K, reserved 1064960K
  class space    used 1683K, committed 1728K, reserved 1048576K

Heap Regions: E=young(eden), S=young(survivor), O=old, HS=humongous(starts), HC=humongous(continues), CS=collection set, F=free, OA=open archive, CA=closed archive, TAMS=top-at-mark-start (previous, next)
|   0|0x0000000088e00000, 0x0000000088f00000, 0x0000000088f00000|100%|HS|  |TAMS 0x0000000088e00000, 0x0000000088e00000| Complete 
|   1|0x0000000088f00000, 0x0000000089000000, 0x0000000089000000|100%| O|  |TAMS 0x0000000088f00000, 0x0000000088f00000| Untracked 
|   2|0x0000000089000000, 0x0000000089100000, 0x0000000089100000|100%| O|  |TAMS 0x0000000089000000, 0x0000000089000000| Untracked 
|   3|0x0000000089100000, 0x0000000089200000, 0x0000000089200000|100%| O|  |TAMS 0x0000000089100000, 0x0000000089100000| Untracked 
|   4|0x0000000089200000, 0x0000000089300000, 0x0000000089300000|100%| O|  |TAMS 0x0000000089200000, 0x0000000089200000| Untracked 
|   5|0x0000000089300000, 0x00000000893fe200, 0x0000000089400000| 99%| O|  |TAMS 0x0000000089300000, 0x0000000089300000| Untracked 
|   6|0x0000000089400000, 0x0000000089400000, 0x0000000089500000|  0%| F|  |TAMS 0x0000000089400000, 0x0000000089400000| Untracked 
|   7|0x0000000089500000, 0x0000000089500000, 0x0000000089600000|  0%| F|  |TAMS 0x0000000089500000, 0x0000000089500000| Untracked 
|   8|0x0000000089600000, 0x0000000089600000, 0x0000000089700000|  0%| F|  |TAMS 0x0000000089600000, 0x0000000089600000| Untracked 
|   9|0x0000000089700000, 0x0000000089700000, 0x0000000089800000|  0%| F|  |TAMS 0x0000000089700000, 0x0000000089700000| Untracked 
|  10|0x0000000089800000, 0x0000000089800000, 0x0000000089900000|  0%| F|  |TAMS 0x0000000089800000, 0x0000000089800000| Untracked 
|  11|0x0000000089900000, 0x0000000089900000, 0x0000000089a00000|  0%| F|  |TAMS 0x0000000089900000, 0x0000000089900000| Untracked 
|  12|0x0000000089a00000, 0x0000000089a00000, 0x0000000089b00000|  0%| F|  |TAMS 0x0000000089a00000, 0x0000000089a00000| Untracked 
|  13|0x0000000089b00000, 0x0000000089b00000, 0x0000000089c00000|  0%| F|  |TAMS 0x0000000089b00000, 0x0000000089b00000| Untracked 
|  14|0x0000000089c00000, 0x0000000089c00000, 0x0000000089d00000|  0%| F|  |TAMS 0x0000000089c00000, 0x0000000089c00000| Untracked 
|  15|0x0000000089d00000, 0x0000000089d00000, 0x0000000089e00000|  0%| F|  |TAMS 0x0000000089d00000, 0x0000000089d00000| Untracked 
|  16|0x0000000089e00000, 0x0000000089e00000, 0x0000000089f00000|  0%| F|  |TAMS 0x0000000089e00000, 0x0000000089e00000| Untracked 
|  17|0x0000000089f00000, 0x0000000089f00000, 0x000000008a000000|  0%| F|  |TAMS 0x0000000089f00000, 0x0000000089f00000| Untracked 
|  18|0x000000008a000000, 0x000000008a000000, 0x000000008a100000|  0%| F|  |TAMS 0x000000008a000000, 0x000000008a000000| Untracked 
|  19|0x000000008a100000, 0x000000008a100000, 0x000000008a200000|  0%| F|  |TAMS 0x000000008a100000, 0x000000008a100000| Untracked 
|  20|0x000000008a200000, 0x000000008a200000, 0x000000008a300000|  0%| F|  |TAMS 0x000000008a200000, 0x000000008a200000| Untracked 
|  21|0x000000008a300000, 0x000000008a300000, 0x000000008a400000|  0%| F|  |TAMS 0x000000008a300000, 0x000000008a300000| Untracked 
|  22|0x000000008a400000, 0x000000008a400000, 0x000000008a500000|  0%| F|  |TAMS 0x000000008a400000, 0x000000008a400000| Untracked 
|  23|0x000000008a500000, 0x000000008a500000, 0x000000008a600000|  0%| F|  |TAMS 0x000000008a500000, 0x000000008a500000| Untracked 
|  24|0x000000008a600000, 0x000000008a600000, 0x000000008a700000|  0%| F|  |TAMS 0x000000008a600000, 0x000000008a600000| Untracked 
|  25|0x000000008a700000, 0x000000008a700000, 0x000000008a800000|  0%| F|  |TAMS 0x000000008a700000, 0x000000008a700000| Untracked 
|  26|0x000000008a800000, 0x000000008a800000, 0x000000008a900000|  0%| F|  |TAMS 0x000000008a800000, 0x000000008a800000| Untracked 
|  27|0x000000008a900000, 0x000000008a900000, 0x000000008aa00000|  0%| F|  |TAMS 0x000000008a900000, 0x000000008a900000| Untracked 
|  28|0x000000008aa00000, 0x000000008aa00000, 0x000000008ab00000|  0%| F|  |TAMS 0x000000008aa00000, 0x000000008aa00000| Untracked 
|  29|0x000000008ab00000, 0x000000008ab00000, 0x000000008ac00000|  0%| F|  |TAMS 0x000000008ab00000, 0x000000008ab00000| Untracked 
|  30|0x000000008ac00000, 0x000000008ac00000, 0x000000008ad00000|  0%| F|  |TAMS 0x000000008ac00000, 0x000000008ac00000| Untracked 
|  31|0x000000008ad00000, 0x000000008ad00000, 0x000000008ae00000|  0%| F|  |TAMS 0x000000008ad00000, 0x000000008ad00000| Untracked 
|  32|0x000000008ae00000, 0x000000008ae00000, 0x000000008af00000|  0%| F|  |TAMS 0x000000008ae00000, 0x000000008ae00000| Untracked 
|  33|0x000000008af00000, 0x000000008af00000, 0x000000008b000000|  0%| F|  |TAMS 0x000000008af00000, 0x000000008af00000| Untracked 
|  34|0x000000008b000000, 0x000000008b000000, 0x000000008b100000|  0%| F|  |TAMS 0x000000008b000000, 0x000000008b000000| Untracked 
|  35|0x000000008b100000, 0x000000008b100000, 0x000000008b200000|  0%| F|  |TAMS 0x000000008b100000, 0x000000008b100000| Untracked 
|  36|0x000000008b200000, 0x000000008b200000, 0x000000008b300000|  0%| F|  |TAMS 0x000000008b200000, 0x000000008b200000| Untracked 
|  37|0x000000008b300000, 0x000000008b300000, 0x000000008b400000|  0%| F|  |TAMS 0x000000008b300000, 0x000000008b300000| Untracked 
|  38|0x000000008b400000, 0x000000008b400000, 0x000000008b500000|  0%| F|  |TAMS 0x000000008b400000, 0x000000008b400000| Untracked 
|  39|0x000000008b500000, 0x000000008b500000, 0x000000008b600000|  0%| F|  |TAMS 0x000000008b500000, 0x000000008b500000| Untracked 
|  40|0x000000008b600000, 0x000000008b600000, 0x000000008b700000|  0%| F|  |TAMS 0x000000008b600000, 0x000000008b600000| Untracked 
|  41|0x000000008b700000, 0x000000008b700000, 0x000000008b800000|  0%| F|  |TAMS 0x000000008b700000, 0x000000008b700000| Untracked 
|  42|0x000000008b800000, 0x000000008b800000, 0x000000008b900000|  0%| F|  |TAMS 0x000000008b800000, 0x000000008b800000| Untracked 
|  43|0x000000008b900000, 0x000000008b900000, 0x000000008ba00000|  0%| F|  |TAMS 0x000000008b900000, 0x000000008b900000| Untracked 
|  44|0x000000008ba00000, 0x000000008ba00000, 0x000000008bb00000|  0%| F|  |TAMS 0x000000008ba00000, 0x000000008ba00000| Untracked 
|  45|0x000000008bb00000, 0x000000008bb00000, 0x000000008bc00000|  0%| F|  |TAMS 0x000000008bb00000, 0x000000008bb00000| Untracked 
|  46|0x000000008bc00000, 0x000000008bc00000, 0x000000008bd00000|  0%| F|  |TAMS 0x000000008bc00000, 0x000000008bc00000| Untracked 
|  47|0x000000008bd00000, 0x000000008bd00000, 0x000000008be00000|  0%| F|  |TAMS 0x000000008bd00000, 0x000000008bd00000| Untracked 
|  48|0x000000008be00000, 0x000000008be00000, 0x000000008bf00000|  0%| F|  |TAMS 0x000000008be00000, 0x000000008be00000| Untracked 
|  49|0x000000008bf00000, 0x000000008bf00000, 0x000000008c000000|  0%| F|  |TAMS 0x000000008bf00000, 0x000000008bf00000| Untracked 
|  50|0x000000008c000000, 0x000000008c000000, 0x000000008c100000|  0%| F|  |TAMS 0x000000008c000000, 0x000000008c000000| Untracked 
|  51|0x000000008c100000, 0x000000008c100000, 0x000000008c200000|  0%| F|  |TAMS 0x000000008c100000, 0x000000008c100000| Untracked 
|  52|0x000000008c200000, 0x000000008c200000, 0x000000008c300000|  0%| F|  |TAMS 0x000000008c200000, 0x000000008c200000| Untracked 
|  53|0x000000008c300000, 0x000000008c300000, 0x000000008c400000|  0%| F|  |TAMS 0x000000008c300000, 0x000000008c300000| Untracked 
|  54|0x000000008c400000, 0x000000008c400000, 0x000000008c500000|  0%| F|  |TAMS 0x000000008c400000, 0x000000008c400000| Untracked 
|  55|0x000000008c500000, 0x000000008c500000, 0x000000008c600000|  0%| F|  |TAMS 0x000000008c500000, 0x000000008c500000| Untracked 
|  56|0x000000008c600000, 0x000000008c600000, 0x000000008c700000|  0%| F|  |TAMS 0x000000008c600000, 0x000000008c600000| Untracked 
|  57|0x000000008c700000, 0x000000008c700000, 0x000000008c800000|  0%| F|  |TAMS 0x000000008c700000, 0x000000008c700000| Untracked 
|  58|0x000000008c800000, 0x000000008c800000, 0x000000008c900000|  0%| F|  |TAMS 0x000000008c800000, 0x000000008c800000| Untracked 
|  59|0x000000008c900000, 0x000000008c900000, 0x000000008ca00000|  0%| F|  |TAMS 0x000000008c900000, 0x000000008c900000| Untracked 
|  60|0x000000008ca00000, 0x000000008ca00000, 0x000000008cb00000|  0%| F|  |TAMS 0x000000008ca00000, 0x000000008ca00000| Untracked 
|  61|0x000000008cb00000, 0x000000008cb00000, 0x000000008cc00000|  0%| F|  |TAMS 0x000000008cb00000, 0x000000008cb00000| Untracked 
|  62|0x000000008cc00000, 0x000000008cc00000, 0x000000008cd00000|  0%| F|  |TAMS 0x000000008cc00000, 0x000000008cc00000| Untracked 
|  63|0x000000008cd00000, 0x000000008cd00000, 0x000000008ce00000|  0%| F|  |TAMS 0x000000008cd00000, 0x000000008cd00000| Untracked 
|  64|0x000000008ce00000, 0x000000008ce00000, 0x000000008cf00000|  0%| F|  |TAMS 0x000000008ce00000, 0x000000008ce00000| Untracked 
|  65|0x000000008cf00000, 0x000000008cf00000, 0x000000008d000000|  0%| F|  |TAMS 0x000000008cf00000, 0x000000008cf00000| Untracked 
|  66|0x000000008d000000, 0x000000008d000000, 0x000000008d100000|  0%| F|  |TAMS 0x000000008d000000, 0x000000008d000000| Untracked 
|  67|0x000000008d100000, 0x000000008d100000, 0x000000008d200000|  0%| F|  |TAMS 0x000000008d100000, 0x000000008d100000| Untracked 
|  68|0x000000008d200000, 0x000000008d200000, 0x000000008d300000|  0%| F|  |TAMS 0x000000008d200000, 0x000000008d200000| Untracked 
|  69|0x000000008d300000, 0x000000008d300000, 0x000000008d400000|  0%| F|  |TAMS 0x000000008d300000, 0x000000008d300000| Untracked 
|  70|0x000000008d400000, 0x000000008d400000, 0x000000008d500000|  0%| F|  |TAMS 0x000000008d400000, 0x000000008d400000| Untracked 
|  71|0x000000008d500000, 0x000000008d500000, 0x000000008d600000|  0%| F|  |TAMS 0x000000008d500000, 0x000000008d500000| Untracked 
|  72|0x000000008d600000, 0x000000008d600000, 0x000000008d700000|  0%| F|  |TAMS 0x000000008d600000, 0x000000008d600000| Untracked 
|  73|0x000000008d700000, 0x000000008d700000, 0x000000008d800000|  0%| F|  |TAMS 0x000000008d700000, 0x000000008d700000| Untracked 
|  74|0x000000008d800000, 0x000000008d800000, 0x000000008d900000|  0%| F|  |TAMS 0x000000008d800000, 0x000000008d800000| Untracked 
|  75|0x000000008d900000, 0x000000008d900000, 0x000000008da00000|  0%| F|  |TAMS 0x000000008d900000, 0x000000008d900000| Untracked 
|  76|0x000000008da00000, 0x000000008da00000, 0x000000008db00000|  0%| F|  |TAMS 0x000000008da00000, 0x000000008da00000| Untracked 
|  77|0x000000008db00000, 0x000000008db00000, 0x000000008dc00000|  0%| F|  |TAMS 0x000000008db00000, 0x000000008db00000| Untracked 
|  78|0x000000008dc00000, 0x000000008dc00000, 0x000000008dd00000|  0%| F|  |TAMS 0x000000008dc00000, 0x000000008dc00000| Untracked 
|  79|0x000000008dd00000, 0x000000008dd00000, 0x000000008de00000|  0%| F|  |TAMS 0x000000008dd00000, 0x000000008dd00000| Untracked 
|  80|0x000000008de00000, 0x000000008de00000, 0x000000008df00000|  0%| F|  |TAMS 0x000000008de00000, 0x000000008de00000| Untracked 
|  81|0x000000008df00000, 0x000000008df00000, 0x000000008e000000|  0%| F|  |TAMS 0x000000008df00000, 0x000000008df00000| Untracked 
|  82|0x000000008e000000, 0x000000008e000000, 0x000000008e100000|  0%| F|  |TAMS 0x000000008e000000, 0x000000008e000000| Untracked 
|  83|0x000000008e100000, 0x000000008e100000, 0x000000008e200000|  0%| F|  |TAMS 0x000000008e100000, 0x000000008e100000| Untracked 
|  84|0x000000008e200000, 0x000000008e200000, 0x000000008e300000|  0%| F|  |TAMS 0x000000008e200000, 0x000000008e200000| Untracked 
|  85|0x000000008e300000, 0x000000008e300000, 0x000000008e400000|  0%| F|  |TAMS 0x000000008e300000, 0x000000008e300000| Untracked 
|  86|0x000000008e400000, 0x000000008e400000, 0x000000008e500000|  0%| F|  |TAMS 0x000000008e400000, 0x000000008e400000| Untracked 
|  87|0x000000008e500000, 0x000000008e500000, 0x000000008e600000|  0%| F|  |TAMS 0x000000008e500000, 0x000000008e500000| Untracked 
|  88|0x000000008e600000, 0x000000008e600000, 0x000000008e700000|  0%| F|  |TAMS 0x000000008e600000, 0x000000008e600000| Untracked 
|  89|0x000000008e700000, 0x000000008e700000, 0x000000008e800000|  0%| F|  |TAMS 0x000000008e700000, 0x000000008e700000| Untracked 
|  90|0x000000008e800000, 0x000000008e800000, 0x000000008e900000|  0%| F|  |TAMS 0x000000008e800000, 0x000000008e800000| Untracked 
|  91|0x000000008e900000, 0x000000008e900000, 0x000000008ea00000|  0%| F|  |TAMS 0x000000008e900000, 0x000000008e900000| Untracked 
|  92|0x000000008ea00000, 0x000000008ea00000, 0x000000008eb00000|  0%| F|  |TAMS 0x000000008ea00000, 0x000000008ea00000| Untracked 
|  93|0x000000008eb00000, 0x000000008eb00000, 0x000000008ec00000|  0%| F|  |TAMS 0x000000008eb00000, 0x000000008eb00000| Untracked 
|  94|0x000000008ec00000, 0x000000008ec00000, 0x000000008ed00000|  0%| F|  |TAMS 0x000000008ec00000, 0x000000008ec00000| Untracked 
|  95|0x000000008ed00000, 0x000000008ed00000, 0x000000008ee00000|  0%| F|  |TAMS 0x000000008ed00000, 0x000000008ed00000| Untracked 
|  96|0x000000008ee00000, 0x000000008ef00000, 0x000000008ef00000|100%| S|CS|TAMS 0x000000008ee00000, 0x000000008ee00000| Complete 
|  97|0x000000008ef00000, 0x000000008f000000, 0x000000008f000000|100%| S|CS|TAMS 0x000000008ef00000, 0x000000008ef00000| Complete 
|  98|0x000000008f000000, 0x000000008f100000, 0x000000008f100000|100%| S|CS|TAMS 0x000000008f000000, 0x000000008f000000| Complete 
|  99|0x000000008f100000, 0x000000008f100000, 0x000000008f200000|  0%| F|  |TAMS 0x000000008f100000, 0x000000008f100000| Untracked 
| 100|0x000000008f200000, 0x000000008f200000, 0x000000008f300000|  0%| F|  |TAMS 0x000000008f200000, 0x000000008f200000| Untracked 
| 101|0x000000008f300000, 0x000000008f300000, 0x000000008f400000|  0%| F|  |TAMS 0x000000008f300000, 0x000000008f300000| Untracked 
| 102|0x000000008f400000, 0x000000008f400000, 0x000000008f500000|  0%| F|  |TAMS 0x000000008f400000, 0x000000008f400000| Untracked 
| 103|0x000000008f500000, 0x000000008f500000, 0x000000008f600000|  0%| F|  |TAMS 0x000000008f500000, 0x000000008f500000| Untracked 
| 104|0x000000008f600000, 0x000000008f600000, 0x000000008f700000|  0%| F|  |TAMS 0x000000008f600000, 0x000000008f600000| Untracked 
| 105|0x000000008f700000, 0x000000008f700000, 0x000000008f800000|  0%| F|  |TAMS 0x000000008f700000, 0x000000008f700000| Untracked 
| 106|0x000000008f800000, 0x000000008f800000, 0x000000008f900000|  0%| F|  |TAMS 0x000000008f800000, 0x000000008f800000| Untracked 
| 107|0x000000008f900000, 0x000000008f900000, 0x000000008fa00000|  0%| F|  |TAMS 0x000000008f900000, 0x000000008f900000| Untracked 
| 108|0x000000008fa00000, 0x000000008fa00000, 0x000000008fb00000|  0%| F|  |TAMS 0x000000008fa00000, 0x000000008fa00000| Untracked 
| 109|0x000000008fb00000, 0x000000008fb00000, 0x000000008fc00000|  0%| F|  |TAMS 0x000000008fb00000, 0x000000008fb00000| Untracked 
| 110|0x000000008fc00000, 0x000000008fc00000, 0x000000008fd00000|  0%| F|  |TAMS 0x000000008fc00000, 0x000000008fc00000| Untracked 
| 111|0x000000008fd00000, 0x000000008fd00000, 0x000000008fe00000|  0%| F|  |TAMS 0x000000008fd00000, 0x000000008fd00000| Untracked 
| 112|0x000000008fe00000, 0x000000008fe00000, 0x000000008ff00000|  0%| F|  |TAMS 0x000000008fe00000, 0x000000008fe00000| Untracked 
| 113|0x000000008ff00000, 0x000000008ff683b8, 0x0000000090000000| 40%| E|  |TAMS 0x000000008ff00000, 0x000000008ff00000| Complete 
| 114|0x0000000090000000, 0x0000000090100000, 0x0000000090100000|100%| E|CS|TAMS 0x0000000090000000, 0x0000000090000000| Complete 
| 115|0x0000000090100000, 0x0000000090200000, 0x0000000090200000|100%| E|CS|TAMS 0x0000000090100000, 0x0000000090100000| Complete 
| 116|0x0000000090200000, 0x0000000090300000, 0x0000000090300000|100%| E|CS|TAMS 0x0000000090200000, 0x0000000090200000| Complete 
| 117|0x0000000090300000, 0x0000000090400000, 0x0000000090400000|100%| E|CS|TAMS 0x0000000090300000, 0x0000000090300000| Complete 
| 118|0x0000000090400000, 0x0000000090500000, 0x0000000090500000|100%| E|CS|TAMS 0x0000000090400000, 0x0000000090400000| Complete 
| 119|0x0000000090500000, 0x0000000090600000, 0x0000000090600000|100%| E|CS|TAMS 0x0000000090500000, 0x0000000090500000| Complete 

Card table byte_map: [0x00007fe29d5e8000,0x00007fe29d9a1000] _byte_map_base: 0x00007fe29d1a1000

Marking Bits (Prev, Next): (CMBitMap*) 0x00007fe2b0082050, (CMBitMap*) 0x00007fe2b0082090
 Prev Bits: [0x00007fe29b467000, 0x00007fe29d22f000)
 Next Bits: [0x00007fe29969f000, 0x00007fe29b467000)

Polling page: 0x00007fe2b7477000

Metaspace:

Usage:
  Non-class:     13.78 MB used.
      Class:      1.64 MB used.
       Both:     15.43 MB used.

Virtual space:
  Non-class space:       16.00 MB reserved,      13.88 MB ( 87%) committed,  2 nodes.
      Class space:        1.00 GB reserved,       1.69 MB ( <1%) committed,  1 nodes.
             Both:        1.02 GB reserved,      15.56 MB (  1%) committed. 

Chunk freelists:
   Non-Class:  2.15 MB
       Class:  2.14 MB
        Both:  4.29 MB

MaxMetaspaceSize: unlimited
CompressedClassSpaceSize: 1.00 GB
Initial GC threshold: 21.00 MB
Current GC threshold: 21.00 MB
CDS: off
MetaspaceReclaimPolicy: balanced
 - commit_granule_bytes: 65536.
 - commit_granule_words: 8192.
 - virtual_space_node_default_size: 1048576.
 - enlarge_chunks_in_place: 1.
 - new_chunks_are_fully_committed: 0.
 - uncommit_free_chunks: 1.
 - use_allocation_guard: 0.
 - handle_deallocations: 1.


Internal statistics:

num_allocs_failed_limit: 0.
num_arena_births: 66.
num_arena_deaths: 0.
num_vsnodes_births: 3.
num_vsnodes_deaths: 0.
num_space_committed: 249.
num_space_uncommitted: 0.
num_chunks_returned_to_freelist: 0.
num_chunks_taken_from_freelist: 227.
num_chunk_merges: 0.
num_chunk_splits: 150.
num_chunks_enlarged: 115.
num_purges: 0.
num_inconsistent_stats: 0.

CodeHeap 'non-profiled nmethods': size=120032Kb used=422Kb max_used=422Kb free=119609Kb
 bounds [0x00007fe2a5469000, 0x00007fe2a56d9000, 0x00007fe2ac9a1000]
CodeHeap 'profiled nmethods': size=120028Kb used=1989Kb max_used=1989Kb free=118038Kb
 bounds [0x00007fe29df32000, 0x00007fe29e1a2000, 0x00007fe2a5469000]
CodeHeap 'non-nmethods': size=5700Kb used=1179Kb max_used=1238Kb free=4520Kb
 bounds [0x00007fe29d9a1000, 0x00007fe29dc11000, 0x00007fe29df32000]
 total_blobs=1562 nmethods=1080 adapters=396
 compilation: enabled
              stopped_count=0, restarted_count=0
 full_count=0

Compilation events (20 events):
Event: 9.193 Thread 0x00007fe2b01bf8a0 1078       3       java.util.TreeMap$Entry::<init> (25 bytes)
Event: 9.193 Thread 0x00007fe2b01bf8a0 nmethod 1078 0x00007fe29e11d410 code [0x00007fe29e11d5c0, 0x00007fe29e11d830]
Event: 9.195 Thread 0x00007fe2b01bf8a0 1079       3       java.util.TreeMap::fixAfterInsertion (267 bytes)
Event: 9.197 Thread 0x00007fe2b01bf8a0 nmethod 1079 0x00007fe29e11d910 code [0x00007fe29e11ddc0, 0x00007fe29e120490]
Event: 9.198 Thread 0x00007fe2b01bf8a0 1080       3       java.util.TreeMap::addEntry (59 bytes)
Event: 9.199 Thread 0x00007fe2b01bf8a0 nmethod 1080 0x00007fe29e121110 code [0x00007fe29e1212e0, 0x00007fe29e121780]
Event: 9.199 Thread 0x00007fe2b01bf8a0 1081       1       javax.imageio.plugins.tiff.TIFFTag::getNumber (5 bytes)
Event: 9.199 Thread 0x00007fe2b01bf8a0 nmethod 1081 0x00007fe2a54c6590 code [0x00007fe2a54c6720, 0x00007fe2a54c67f0]
Event: 9.199 Thread 0x00007fe2b01bf8a0 1082       1       javax.imageio.plugins.tiff.TIFFTag::getName (5 bytes)
Event: 9.199 Thread 0x00007fe2b01bf8a0 nmethod 1082 0x00007fe2a54c6890 code [0x00007fe2a54c6a20, 0x00007fe2a54c6af0]
Event: 9.253 Thread 0x00007fe2b01bf8a0 1083  s    3       java.util.Vector::addElement (24 bytes)
Event: 9.254 Thread 0x00007fe2b01bf8a0 nmethod 1083 0x00007fe29e121990 code [0x00007fe29e121b60, 0x00007fe29e122020]
Event: 9.254 Thread 0x00007fe2b01bf8a0 1084       1       java.awt.image.SampleModel::getNumBands (5 bytes)
Event: 9.254 Thread 0x00007fe2b01bf8a0 nmethod 1084 0x00007fe2a54c6b90 code [0x00007fe2a54c6d20, 0x00007fe2a54c6df0]
Event: 9.255 Thread 0x00007fe2b01bf8a0 1085       3       java.io.ByteArrayOutputStream::ensureCapacity (32 bytes)
Event: 9.255 Thread 0x00007fe2b01bf8a0 nmethod 1085 0x00007fe29e122210 code [0x00007fe29e1223e0, 0x00007fe29e122790]
Event: 9.267 Thread 0x00007fe2b01bf8a0 1086       3       java.lang.reflect.Method::copy (84 bytes)
Event: 9.268 Thread 0x00007fe2b01bf8a0 nmethod 1086 0x00007fe29e122910 code [0x00007fe29e122ae0, 0x00007fe29e122eb0]
Event: 9.271 Thread 0x00007fe2b01bf8a0 1087       3       jdk.internal.reflect.ClassFileAssembler::emitShort (24 bytes)
Event: 9.271 Thread 0x00007fe2b01bf8a0 nmethod 1087 0x00007fe29e122f90 code [0x00007fe29e123160, 0x00007fe29e123450]

GC Heap History (2 events):
Event: 8.391 GC heap before
{Heap before GC invocations=0 (full 0):
 garbage-first heap   total 122880K, used 22528K [0x0000000088e00000, 0x0000000100000000)
  region size 1024K, 21 young (21504K), 0 survivors (0K)
 Metaspace       used 14404K, committed 14528K, reserved 1064960K
  class space    used 1432K, committed 1472K, reserved 1048576K
}
Event: 8.428 GC heap after
{Heap after GC invocations=1 (full 0):
 garbage-first heap   total 122880K, used 9208K [0x0000000088e00000, 0x0000000100000000)
  region size 1024K, 3 young (3072K), 3 survivors (3072K)
 Metaspace       used 14404K, committed 14528K, reserved 1064960K
  class space    used 1432K, committed 1472K, reserved 1048576K
}

Dll operation events (9 events):
Event: 0.438 Loaded shared library /home/user/.p2/pool/plugins/org.eclipse.justj.openjdk.hotspot.jre.full.linux.x86_64_17.0.5.v20221102-0933/jre/lib/libjava.so
Event: 2.848 Loaded shared library /home/user/.p2/pool/plugins/org.eclipse.justj.openjdk.hotspot.jre.full.linux.x86_64_17.0.5.v20221102-0933/jre/lib/libnio.so
Event: 2.876 Loaded shared library /home/user/.p2/pool/plugins/org.eclipse.justj.openjdk.hotspot.jre.full.linux.x86_64_17.0.5.v20221102-0933/jre/lib/libzip.so
Event: 3.582 Loaded shared library /home/user/.p2/pool/plugins/org.eclipse.justj.openjdk.hotspot.jre.full.linux.x86_64_17.0.5.v20221102-0933/jre/lib/libverify.so
Event: 4.943 Loaded shared library /home/user/.p2/pool/plugins/org.eclipse.justj.openjdk.hotspot.jre.full.linux.x86_64_17.0.5.v20221102-0933/jre/lib/libjimage.so
Event: 5.408 Loaded shared library /home/user/.p2/pool/plugins/org.eclipse.justj.openjdk.hotspot.jre.full.linux.x86_64_17.0.5.v20221102-0933/jre/lib/libnet.so
Event: 7.426 Loaded shared library /home/user/.p2/pool/plugins/org.eclipse.justj.openjdk.hotspot.jre.full.linux.x86_64_17.0.5.v20221102-0933/jre/lib/libawt.so
Event: 7.512 Loaded shared library /home/user/.p2/pool/plugins/org.eclipse.justj.openjdk.hotspot.jre.full.linux.x86_64_17.0.5.v20221102-0933/jre/lib/libawt_xawt.so
Event: 8.385 Loaded shared library /tmp/jna-3599307/jna14005799467662071445.tmp

Deoptimization events (20 events):
Event: 3.047 Thread 0x00007fe2b002a020 Uncommon trap: trap_request=0xffffff45 fr.pc=0x00007fe2a547232c relative=0x000000000000018c
Event: 3.047 Thread 0x00007fe2b002a020 Uncommon trap: reason=unstable_if action=reinterpret pc=0x00007fe2a547232c method=java.util.zip.ZipFile$Source.isMetaName([BII)Z @ 43 c2
Event: 3.050 Thread 0x00007fe2b002a020 DEOPT PACKING pc=0x00007fe2a547232c sp=0x00007fe2b7444cc0
Event: 3.050 Thread 0x00007fe2b002a020 DEOPT UNPACKING pc=0x00007fe29d9f3099 sp=0x00007fe2b7444c88 mode 2
Event: 5.126 Thread 0x00007fe2b002a020 DEOPT PACKING pc=0x00007fe29df7e504 sp=0x00007fe2b74481f0
Event: 5.126 Thread 0x00007fe2b002a020 DEOPT UNPACKING pc=0x00007fe29d9f382f sp=0x00007fe2b74476e0 mode 0
Event: 5.282 Thread 0x00007fe2b002a020 DEOPT PACKING pc=0x00007fe29df9867f sp=0x00007fe2b7444380
Event: 5.282 Thread 0x00007fe2b002a020 DEOPT UNPACKING pc=0x00007fe29d9f382f sp=0x00007fe2b7443800 mode 0
Event: 5.468 Thread 0x00007fe2b002a020 Uncommon trap: trap_request=0xffffff45 fr.pc=0x00007fe2a547beac relative=0x000000000000028c
Event: 5.468 Thread 0x00007fe2b002a020 Uncommon trap: reason=unstable_if action=reinterpret pc=0x00007fe2a547beac method=java.lang.String.startsWith(Ljava/lang/String;I)Z @ 14 c2
Event: 5.468 Thread 0x00007fe2b002a020 DEOPT PACKING pc=0x00007fe2a547beac sp=0x00007fe2b7447030
Event: 5.468 Thread 0x00007fe2b002a020 DEOPT UNPACKING pc=0x00007fe29d9f3099 sp=0x00007fe2b7446fb0 mode 2
Event: 6.572 Thread 0x00007fe2b002a020 Uncommon trap: trap_request=0xffffff45 fr.pc=0x00007fe2a5469dfc relative=0x000000000000005c
Event: 6.572 Thread 0x00007fe2b002a020 Uncommon trap: reason=unstable_if action=reinterpret pc=0x00007fe2a5469dfc method=java.lang.String.isLatin1()Z @ 10 c2
Event: 6.572 Thread 0x00007fe2b002a020 DEOPT PACKING pc=0x00007fe2a5469dfc sp=0x00007fe2b74473e0
Event: 6.572 Thread 0x00007fe2b002a020 DEOPT UNPACKING pc=0x00007fe29d9f3099 sp=0x00007fe2b7447390 mode 2
Event: 8.441 Thread 0x00007fe2b002a020 Uncommon trap: trap_request=0xffffff45 fr.pc=0x00007fe2a54ae16c relative=0x00000000000002cc
Event: 8.441 Thread 0x00007fe2b002a020 Uncommon trap: reason=unstable_if action=reinterpret pc=0x00007fe2a54ae16c method=java.util.StringTokenizer.scanToken(I)I @ 42 c2
Event: 8.441 Thread 0x00007fe2b002a020 DEOPT PACKING pc=0x00007fe2a54ae16c sp=0x00007fe2b7448500
Event: 8.441 Thread 0x00007fe2b002a020 DEOPT UNPACKING pc=0x00007fe29d9f3099 sp=0x00007fe2b74484b0 mode 2

Classes unloaded (0 events):
No events

Classes redefined (0 events):
No events

Internal exceptions (8 events):
Event: 5.470 Thread 0x00007fe2b002a020 Exception <a 'java/lang/ClassNotFoundException'{0x000000008fdb4578}: javax/smartcardio/CardPermission> (0x000000008fdb4578) 
thrown [src/hotspot/share/classfile/systemDictionary.cpp, line 256]
Event: 5.482 Thread 0x00007fe2b002a020 Exception <a 'java/io/FileNotFoundException'{0x000000008fdc25c8}> (0x000000008fdc25c8) 
thrown [src/hotspot/share/prims/jni.cpp, line 516]
Event: 7.327 Thread 0x00007fe2b002a020 Exception <a 'java/lang/ClassNotFoundException'{0x000000008f4b7118}: sun/awt/resources/spi/awtProvider> (0x000000008f4b7118) 
thrown [src/hotspot/share/classfile/systemDictionary.cpp, line 256]
Event: 7.577 Thread 0x00007fe2b002a020 Exception <a 'java/io/FileNotFoundException'{0x000000008f4eaca8}> (0x000000008f4eaca8) 
thrown [src/hotspot/share/prims/jni.cpp, line 516]
Event: 7.578 Thread 0x00007fe2b002a020 Exception <a 'java/io/FileNotFoundException'{0x000000008f4ebef0}> (0x000000008f4ebef0) 
thrown [src/hotspot/share/prims/jni.cpp, line 516]
Event: 8.124 Thread 0x00007fe2b002a020 Exception <a 'java/lang/NoSuchMethodError'{0x000000008f2f0490}: 'java.lang.Object java.lang.invoke.DirectMethodHandle$Holder.invokeStaticInit(java.lang.Object)'> (0x000000008f2f0490) 
thrown [src/hotspot/share/interpreter/linkResolver.cpp, line 758]
Event: 8.445 Thread 0x00007fe2b002a020 Exception <a 'java/lang/UnsatisfiedLinkError'{0x00000000905cc228}: libtesseract.so: cannot open shared object file: No such file or directory> (0x00000000905cc228) 
thrown [src/hotspot/share/prims/jni.cpp, line 535]
Event: 8.445 Thread 0x00007fe2b002a020 Exception <a 'java/lang/UnsatisfiedLinkError'{0x00000000905cca60}: libtesseract.so: cannot open shared object file: No such file or directory> (0x00000000905cca60) 
thrown [src/hotspot/share/prims/jni.cpp, line 535]

VM Operations (20 events):
Event: 5.240 Executing VM operation: Cleanup
Event: 5.240 Executing VM operation: Cleanup done
Event: 5.472 Executing VM operation: HandshakeAllThreads
Event: 5.472 Executing VM operation: HandshakeAllThreads done
Event: 5.751 Executing VM operation: HandshakeAllThreads
Event: 5.751 Executing VM operation: HandshakeAllThreads done
Event: 5.751 Executing VM operation: HandshakeAllThreads
Event: 5.751 Executing VM operation: HandshakeAllThreads done
Event: 6.165 Executing VM operation: HandshakeAllThreads
Event: 6.165 Executing VM operation: HandshakeAllThreads done
Event: 7.167 Executing VM operation: Cleanup
Event: 7.263 Executing VM operation: Cleanup done
Event: 8.264 Executing VM operation: Cleanup
Event: 8.267 Executing VM operation: Cleanup done
Event: 8.391 Executing VM operation: G1CollectForAllocation
Event: 8.429 Executing VM operation: G1CollectForAllocation done
Event: 8.434 Executing VM operation: HandshakeAllThreads
Event: 8.435 Executing VM operation: HandshakeAllThreads done
Event: 9.435 Executing VM operation: Cleanup
Event: 9.435 Executing VM operation: Cleanup done

Events (20 events):
Event: 9.201 loading class com/sun/imageio/plugins/tiff/TIFFImageMetadata
Event: 9.204 loading class com/sun/imageio/plugins/tiff/TIFFImageMetadata done
Event: 9.204 loading class com/sun/imageio/plugins/tiff/TIFFIFD
Event: 9.219 loading class javax/imageio/plugins/tiff/TIFFDirectory
Event: 9.220 loading class javax/imageio/plugins/tiff/TIFFDirectory done
Event: 9.220 loading class com/sun/imageio/plugins/tiff/TIFFIFD done
Event: 9.220 loading class javax/imageio/plugins/tiff/TIFFField
Event: 9.232 loading class javax/imageio/plugins/tiff/TIFFField done
Event: 9.236 loading class com/sun/imageio/plugins/tiff/TIFFIFD$TIFFIFDEntry
Event: 9.236 loading class com/sun/imageio/plugins/tiff/TIFFIFD$TIFFIFDEntry done
Event: 9.237 loading class com/sun/imageio/plugins/tiff/TIFFDecompressor
Event: 9.237 loading class com/sun/imageio/plugins/tiff/TIFFDecompressor done
Event: 9.237 loading class com/sun/imageio/plugins/common/ImageUtil
Event: 9.238 loading class com/sun/imageio/plugins/common/ImageUtil done
Event: 9.238 loading class com/sun/imageio/plugins/tiff/TIFFNullDecompressor
Event: 9.238 loading class com/sun/imageio/plugins/tiff/TIFFNullDecompressor done
Event: 9.238 loading class com/sun/imageio/plugins/tiff/TIFFImageWriter
Event: 9.253 loading class com/sun/imageio/plugins/tiff/TIFFImageWriter done
Event: 9.255 loading class java/lang/StrictMath
Event: 9.256 loading class java/lang/StrictMath done


Dynamic libraries:
88e00000-90600000 rw-p 00000000 00:00 0 
90600000-100000000 ---p 00000000 00:00 0 
100000000-100020000 rw-p 00000000 00:00 0 
100020000-100040000 rw-p 00000000 00:00 0 
100040000-1000c0000 rw-p 00000000 00:00 0 
1000c0000-100140000 rw-p 00000000 00:00 0 
100140000-100180000 rw-p 00000000 00:00 0 
100180000-1001a0000 rw-p 00000000 00:00 0 
1001a0000-1001c0000 ---p 00000000 00:00 0 
1001c0000-1001d0000 rw-p 00000000 00:00 0 
1001d0000-140000000 ---p 00000000 00:00 0 
55dd573e8000-55dd573e9000 r--p 00000000 08:03 16996018                   /home/user/.p2/pool/plugins/org.eclipse.justj.openjdk.hotspot.jre.full.linux.x86_64_17.0.5.v20221102-0933/jre/bin/java
55dd573e9000-55dd573ea000 r-xp 00001000 08:03 16996018                   /home/user/.p2/pool/plugins/org.eclipse.justj.openjdk.hotspot.jre.full.linux.x86_64_17.0.5.v20221102-0933/jre/bin/java
55dd573ea000-55dd573eb000 r--p 00002000 08:03 16996018                   /home/user/.p2/pool/plugins/org.eclipse.justj.openjdk.hotspot.jre.full.linux.x86_64_17.0.5.v20221102-0933/jre/bin/java
55dd573eb000-55dd573ec000 r--p 00002000 08:03 16996018                   /home/user/.p2/pool/plugins/org.eclipse.justj.openjdk.hotspot.jre.full.linux.x86_64_17.0.5.v20221102-0933/jre/bin/java
55dd573ec000-55dd573ed000 rw-p 00003000 08:03 16996018                   /home/user/.p2/pool/plugins/org.eclipse.justj.openjdk.hotspot.jre.full.linux.x86_64_17.0.5.v20221102-0933/jre/bin/java
55dd5772f000-55dd5777a000 rw-p 00000000 00:00 0                          [heap]
7fe228000000-7fe228021000 rw-p 00000000 00:00 0 
7fe228021000-7fe22c000000 ---p 00000000 00:00 0 
7fe22f28a000-7fe22f293000 r-xp 00000000 08:03 538148507                  /usr/lib64/libjbig.so.2.0
7fe22f293000-7fe22f492000 ---p 00009000 08:03 538148507                  /usr/lib64/libjbig.so.2.0
7fe22f492000-7fe22f493000 r--p 00008000 08:03 538148507                  /usr/lib64/libjbig.so.2.0
7fe22f493000-7fe22f496000 rw-p 00009000 08:03 538148507                  /usr/lib64/libjbig.so.2.0
7fe22f496000-7fe22f4e2000 r-xp 00000000 08:03 537194115                  /usr/lib64/libwebp.so.4.0.2
7fe22f4e2000-7fe22f6e1000 ---p 0004c000 08:03 537194115                  /usr/lib64/libwebp.so.4.0.2
7fe22f6e1000-7fe22f6e2000 r--p 0004b000 08:03 537194115                  /usr/lib64/libwebp.so.4.0.2
7fe22f6e2000-7fe22f6e3000 rw-p 0004c000 08:03 537194115                  /usr/lib64/libwebp.so.4.0.2
7fe22f6e3000-7fe22f6e6000 rw-p 00000000 00:00 0 
7fe22f6e6000-7fe22f756000 r-xp 00000000 08:03 536961776                  /usr/lib64/libtiff.so.5.2.0
7fe22f756000-7fe22f955000 ---p 00070000 08:03 536961776                  /usr/lib64/libtiff.so.5.2.0
7fe22f955000-7fe22f956000 r--p 0006f000 08:03 536961776                  /usr/lib64/libtiff.so.5.2.0
7fe22f956000-7fe22f959000 rw-p 00070000 08:03 536961776                  /usr/lib64/libtiff.so.5.2.0
7fe22f959000-7fe22f95a000 rw-p 00000000 00:00 0 
7fe22f95a000-7fe22f99d000 r-xp 00000000 08:03 536944318                  /usr/lib64/libjpeg.so.62.1.0
7fe22f99d000-7fe22fb9d000 ---p 00043000 08:03 536944318                  /usr/lib64/libjpeg.so.62.1.0
7fe22fb9d000-7fe22fb9e000 r--p 00043000 08:03 536944318                  /usr/lib64/libjpeg.so.62.1.0
7fe22fb9e000-7fe22fb9f000 rw-p 00044000 08:03 536944318                  /usr/lib64/libjpeg.so.62.1.0
7fe22fb9f000-7fe22fbaf000 rw-p 00000000 00:00 0 
7fe22fbaf000-7fe22fbd8000 r-xp 00000000 08:03 536944325                  /usr/lib64/libpng15.so.15.13.0
7fe22fbd8000-7fe22fdd8000 ---p 00029000 08:03 536944325                  /usr/lib64/libpng15.so.15.13.0
7fe22fdd8000-7fe22fdd9000 r--p 00029000 08:03 536944325                  /usr/lib64/libpng15.so.15.13.0
7fe22fdd9000-7fe22fdda000 rw-p 0002a000 08:03 536944325                  /usr/lib64/libpng15.so.15.13.0
7fe22fdda000-7fe22fdff000 r-xp 00000000 08:03 537135987                  /usr/lib64/libgomp.so.1.0.0
7fe22fdff000-7fe22fffe000 ---p 00025000 08:03 537135987                  /usr/lib64/libgomp.so.1.0.0
7fe22fffe000-7fe22ffff000 r--p 00024000 08:03 537135987                  /usr/lib64/libgomp.so.1.0.0
7fe22ffff000-7fe230000000 rw-p 00025000 08:03 537135987                  /usr/lib64/libgomp.so.1.0.0
7fe230000000-7fe230021000 rw-p 00000000 00:00 0 
7fe230021000-7fe234000000 ---p 00000000 00:00 0 
7fe234000000-7fe234021000 rw-p 00000000 00:00 0 
7fe234021000-7fe238000000 ---p 00000000 00:00 0 
7fe238000000-7fe238021000 rw-p 00000000 00:00 0 
7fe238021000-7fe23c000000 ---p 00000000 00:00 0 
7fe23c000000-7fe23c021000 rw-p 00000000 00:00 0 
7fe23c021000-7fe240000000 ---p 00000000 00:00 0 
7fe240000000-7fe240021000 rw-p 00000000 00:00 0 
7fe240021000-7fe244000000 ---p 00000000 00:00 0 
7fe244000000-7fe244021000 rw-p 00000000 00:00 0 
7fe244021000-7fe248000000 ---p 00000000 00:00 0 
7fe248000000-7fe248021000 rw-p 00000000 00:00 0 
7fe248021000-7fe24c000000 ---p 00000000 00:00 0 
7fe24c000000-7fe24c021000 rw-p 00000000 00:00 0 
7fe24c021000-7fe250000000 ---p 00000000 00:00 0 
7fe250000000-7fe250021000 rw-p 00000000 00:00 0 
7fe250021000-7fe254000000 ---p 00000000 00:00 0 
7fe254000000-7fe254021000 rw-p 00000000 00:00 0 
7fe254021000-7fe258000000 ---p 00000000 00:00 0 
7fe258000000-7fe2592bd000 rw-p 00000000 00:00 0 
7fe2592bd000-7fe25c000000 ---p 00000000 00:00 0 
7fe25c000000-7fe25c41e000 rw-p 00000000 00:00 0 
7fe25c41e000-7fe260000000 ---p 00000000 00:00 0 
7fe260000000-7fe260021000 rw-p 00000000 00:00 0 
7fe260021000-7fe264000000 ---p 00000000 00:00 0 
7fe264000000-7fe264021000 rw-p 00000000 00:00 0 
7fe264021000-7fe268000000 ---p 00000000 00:00 0 
7fe268000000-7fe268021000 rw-p 00000000 00:00 0 
7fe268021000-7fe26c000000 ---p 00000000 00:00 0 
7fe26c1bd000-7fe26c1d2000 r-xp 00000000 08:03 538885425                  /usr/lib64/libgcc_s-4.8.5-20150702.so.1
7fe26c1d2000-7fe26c3d1000 ---p 00015000 08:03 538885425                  /usr/lib64/libgcc_s-4.8.5-20150702.so.1
7fe26c3d1000-7fe26c3d2000 r--p 00014000 08:03 538885425                  /usr/lib64/libgcc_s-4.8.5-20150702.so.1
7fe26c3d2000-7fe26c3d3000 rw-p 00015000 08:03 538885425                  /usr/lib64/libgcc_s-4.8.5-20150702.so.1
7fe26c3d3000-7fe26c4bc000 r-xp 00000000 08:03 536944273                  /usr/lib64/libstdc++.so.6.0.19
7fe26c4bc000-7fe26c6bc000 ---p 000e9000 08:03 536944273                  /usr/lib64/libstdc++.so.6.0.19
7fe26c6bc000-7fe26c6c4000 r--p 000e9000 08:03 536944273                  /usr/lib64/libstdc++.so.6.0.19
7fe26c6c4000-7fe26c6c6000 rw-p 000f1000 08:03 536944273                  /usr/lib64/libstdc++.so.6.0.19
7fe26c6c6000-7fe26c6db000 rw-p 00000000 00:00 0 
7fe26c6db000-7fe26c940000 r-xp 00000000 08:03 544363351                  /usr/lib64/liblept.so.5.0.3
7fe26c940000-7fe26cb3f000 ---p 00265000 08:03 544363351                  /usr/lib64/liblept.so.5.0.3
7fe26cb3f000-7fe26cb40000 r--p 00264000 08:03 544363351                  /usr/lib64/liblept.so.5.0.3
7fe26cb40000-7fe26cb49000 rw-p 00265000 08:03 544363351                  /usr/lib64/liblept.so.5.0.3
7fe26cb49000-7fe26ce84000 r-xp 00000000 08:03 544363383                  /usr/lib64/libtesseract.so.4.0.1
7fe26ce84000-7fe26d083000 ---p 0033b000 08:03 544363383                  /usr/lib64/libtesseract.so.4.0.1
7fe26d083000-7fe26d089000 r--p 0033a000 08:03 544363383                  /usr/lib64/libtesseract.so.4.0.1
7fe26d089000-7fe26d090000 rw-p 00340000 08:03 544363383                  /usr/lib64/libtesseract.so.4.0.1
7fe26d090000-7fe26d094000 rw-p 00000000 00:00 0 
7fe26d094000-7fe26d095000 ---p 00000000 00:00 0 
7fe26d095000-7fe26d196000 rw-p 00000000 00:00 0 
7fe26d196000-7fe26d197000 ---p 00000000 00:00 0 
7fe26d197000-7fe26d298000 rw-p 00000000 00:00 0 
7fe26d298000-7fe26d299000 ---p 00000000 00:00 0 
7fe26d299000-7fe26d39a000 rw-p 00000000 00:00 0 
7fe26d39a000-7fe26d39b000 ---p 00000000 00:00 0 
7fe26d39b000-7fe26d49c000 rw-p 00000000 00:00 0 
7fe26d49c000-7fe26d49d000 ---p 00000000 00:00 0 
7fe26d49d000-7fe26d59e000 rw-p 00000000 00:00 0 
7fe26d59e000-7fe26d59f000 ---p 00000000 00:00 0 
7fe26d59f000-7fe26d6a0000 rw-p 00000000 00:00 0 
7fe26d6a0000-7fe26d6b7000 r-xp 00000000 08:03 1610956736                 /tmp/jna-3599307/jna14005799467662071445.tmp (deleted)
7fe26d6b7000-7fe26d7b6000 ---p 00017000 08:03 1610956736                 /tmp/jna-3599307/jna14005799467662071445.tmp (deleted)
7fe26d7b6000-7fe26d7b8000 rw-p 00016000 08:03 1610956736                 /tmp/jna-3599307/jna14005799467662071445.tmp (deleted)
7fe26d7b8000-7fe26d7bc000 ---p 00000000 00:00 0 
7fe26d7bc000-7fe26d8b9000 rw-p 00000000 00:00 0 
7fe26d8b9000-7fe26d8bb000 r-xp 00000000 08:03 537010903                  /usr/lib64/libXau.so.6.0.0
7fe26d8bb000-7fe26dabb000 ---p 00002000 08:03 537010903                  /usr/lib64/libXau.so.6.0.0
7fe26dabb000-7fe26dabc000 r--p 00002000 08:03 537010903                  /usr/lib64/libXau.so.6.0.0
7fe26dabc000-7fe26dabd000 rw-p 00003000 08:03 537010903                  /usr/lib64/libXau.so.6.0.0
7fe26dabd000-7fe274000000 r--p 00000000 08:03 6398                       /usr/lib/locale/locale-archive
7fe274000000-7fe274021000 rw-p 00000000 00:00 0 
7fe274021000-7fe278000000 ---p 00000000 00:00 0 
7fe278000000-7fe278021000 rw-p 00000000 00:00 0 
7fe278021000-7fe27c000000 ---p 00000000 00:00 0 
7fe27c000000-7fe27c021000 rw-p 00000000 00:00 0 
7fe27c021000-7fe280000000 ---p 00000000 00:00 0 
7fe280000000-7fe280021000 rw-p 00000000 00:00 0 
7fe280021000-7fe284000000 ---p 00000000 00:00 0 
7fe284000000-7fe284021000 rw-p 00000000 00:00 0 
7fe284021000-7fe288000000 ---p 00000000 00:00 0 
7fe288079000-7fe2880a0000 r-xp 00000000 08:03 537017424                  /usr/lib64/libxcb.so.1.1.0
7fe2880a0000-7fe28829f000 ---p 00027000 08:03 537017424                  /usr/lib64/libxcb.so.1.1.0
7fe28829f000-7fe2882a0000 r--p 00026000 08:03 537017424                  /usr/lib64/libxcb.so.1.1.0
7fe2882a0000-7fe2882a1000 rw-p 00027000 08:03 537017424                  /usr/lib64/libxcb.so.1.1.0
7fe2882a1000-7fe2882b0000 r-xp 00000000 08:03 537017434                  /usr/lib64/libXi.so.6.1.0
7fe2882b0000-7fe2884af000 ---p 0000f000 08:03 537017434                  /usr/lib64/libXi.so.6.1.0
7fe2884af000-7fe2884b0000 r--p 0000e000 08:03 537017434                  /usr/lib64/libXi.so.6.1.0
7fe2884b0000-7fe2884b1000 rw-p 0000f000 08:03 537017434                  /usr/lib64/libXi.so.6.1.0
7fe2884b1000-7fe2884b6000 r-xp 00000000 08:03 537017449                  /usr/lib64/libXtst.so.6.1.0
7fe2884b6000-7fe2886b5000 ---p 00005000 08:03 537017449                  /usr/lib64/libXtst.so.6.1.0
7fe2886b5000-7fe2886b6000 r--p 00004000 08:03 537017449                  /usr/lib64/libXtst.so.6.1.0
7fe2886b6000-7fe2886b7000 rw-p 00005000 08:03 537017449                  /usr/lib64/libXtst.so.6.1.0
7fe2886b7000-7fe2886c0000 r-xp 00000000 08:03 537017445                  /usr/lib64/libXrender.so.1.3.0
7fe2886c0000-7fe2888c0000 ---p 00009000 08:03 537017445                  /usr/lib64/libXrender.so.1.3.0
7fe2888c0000-7fe2888c1000 r--p 00009000 08:03 537017445                  /usr/lib64/libXrender.so.1.3.0
7fe2888c1000-7fe2888c2000 rw-p 0000a000 08:03 537017445                  /usr/lib64/libXrender.so.1.3.0
7fe2888c2000-7fe2889fa000 r-xp 00000000 08:03 536944278                  /usr/lib64/libX11.so.6.3.0
7fe2889fa000-7fe288bfa000 ---p 00138000 08:03 536944278                  /usr/lib64/libX11.so.6.3.0
7fe288bfa000-7fe288bfb000 r--p 00138000 08:03 536944278                  /usr/lib64/libX11.so.6.3.0
7fe288bfb000-7fe288c00000 rw-p 00139000 08:03 536944278                  /usr/lib64/libX11.so.6.3.0
7fe288c00000-7fe288d00000 rw-p 00000000 00:00 0 
7fe288d00000-7fe288e80000 rw-p 00000000 00:00 0 
7fe288e80000-7fe288f00000 rw-p 00000000 00:00 0 
7fe288f00000-7fe289100000 rw-p 00000000 00:00 0 
7fe289100000-7fe2891a0000 rw-p 00000000 00:00 0 
7fe2891a0000-7fe2891c0000 ---p 00000000 00:00 0 
7fe2891c0000-7fe289200000 rw-p 00000000 00:00 0 
7fe289200000-7fe289400000 ---p 00000000 00:00 0 
7fe289480000-7fe289491000 r-xp 00000000 08:03 537017430                  /usr/lib64/libXext.so.6.4.0
7fe289491000-7fe289690000 ---p 00011000 08:03 537017430                  /usr/lib64/libXext.so.6.4.0
7fe289690000-7fe289691000 r--p 00010000 08:03 537017430                  /usr/lib64/libXext.so.6.4.0
7fe289691000-7fe289692000 rw-p 00011000 08:03 537017430                  /usr/lib64/libXext.so.6.4.0
7fe289692000-7fe2896a2000 r--p 00000000 08:03 1618707057                 /home/user/.p2/pool/plugins/org.eclipse.justj.openjdk.hotspot.jre.full.linux.x86_64_17.0.5.v20221102-0933/jre/lib/libawt_xawt.so
7fe2896a2000-7fe2896df000 r-xp 00010000 08:03 1618707057                 /home/user/.p2/pool/plugins/org.eclipse.justj.openjdk.hotspot.jre.full.linux.x86_64_17.0.5.v20221102-0933/jre/lib/libawt_xawt.so
7fe2896df000-7fe2896f0000 r--p 0004d000 08:03 1618707057                 /home/user/.p2/pool/plugins/org.eclipse.justj.openjdk.hotspot.jre.full.linux.x86_64_17.0.5.v20221102-0933/jre/lib/libawt_xawt.so
7fe2896f0000-7fe2896f1000 ---p 0005e000 08:03 1618707057                 /home/user/.p2/pool/plugins/org.eclipse.justj.openjdk.hotspot.jre.full.linux.x86_64_17.0.5.v20221102-0933/jre/lib/libawt_xawt.so
7fe2896f1000-7fe2896f2000 r--p 0005e000 08:03 1618707057                 /home/user/.p2/pool/plugins/org.eclipse.justj.openjdk.hotspot.jre.full.linux.x86_64_17.0.5.v20221102-0933/jre/lib/libawt_xawt.so
7fe2896f2000-7fe2896f4000 rw-p 0005f000 08:03 1618707057                 /home/user/.p2/pool/plugins/org.eclipse.justj.openjdk.hotspot.jre.full.linux.x86_64_17.0.5.v20221102-0933/jre/lib/libawt_xawt.so
7fe2896f4000-7fe2896f6000 rw-p 00000000 00:00 0 
7fe2896f6000-7fe2896fa000 ---p 00000000 00:00 0 
7fe2896fa000-7fe2897f7000 rw-p 00000000 00:00 0 
7fe2897f7000-7fe2897f8000 ---p 00000000 00:00 0 
7fe2897f8000-7fe2898f9000 rw-p 00000000 00:00 0 
7fe2898f9000-7fe2898fd000 ---p 00000000 00:00 0 
7fe2898fd000-7fe2899fa000 rw-p 00000000 00:00 0 
7fe2899fa000-7fe2899fe000 ---p 00000000 00:00 0 
7fe2899fe000-7fe289afb000 rw-p 00000000 00:00 0 
7fe289afb000-7fe289aff000 ---p 00000000 00:00 0 
7fe289aff000-7fe289bfc000 rw-p 00000000 00:00 0 
7fe289bfc000-7fe289c00000 ---p 00000000 00:00 0 
7fe289c00000-7fe289cfd000 rw-p 00000000 00:00 0 
7fe289cfd000-7fe289d01000 ---p 00000000 00:00 0 
7fe289d01000-7fe289dfe000 rw-p 00000000 00:00 0 
7fe289dfe000-7fe289e02000 ---p 00000000 00:00 0 
7fe289e02000-7fe289eff000 rw-p 00000000 00:00 0 
7fe289eff000-7fe289f03000 ---p 00000000 00:00 0 
7fe289f03000-7fe28c000000 rw-p 00000000 00:00 0 
7fe28c000000-7fe28c021000 rw-p 00000000 00:00 0 
7fe28c021000-7fe290000000 ---p 00000000 00:00 0 
7fe290000000-7fe290021000 rw-p 00000000 00:00 0 
7fe290021000-7fe294000000 ---p 00000000 00:00 0 
7fe294000000-7fe294021000 rw-p 00000000 00:00 0 
7fe294021000-7fe298000000 ---p 00000000 00:00 0 
7fe29800f000-7fe29803c000 r--p 00000000 08:03 1618707055                 /home/user/.p2/pool/plugins/org.eclipse.justj.openjdk.hotspot.jre.full.linux.x86_64_17.0.5.v20221102-0933/jre/lib/libawt.so
7fe29803c000-7fe2980be000 r-xp 0002d000 08:03 1618707055                 /home/user/.p2/pool/plugins/org.eclipse.justj.openjdk.hotspot.jre.full.linux.x86_64_17.0.5.v20221102-0933/jre/lib/libawt.so
7fe2980be000-7fe2980cb000 r--p 000af000 08:03 1618707055                 /home/user/.p2/pool/plugins/org.eclipse.justj.openjdk.hotspot.jre.full.linux.x86_64_17.0.5.v20221102-0933/jre/lib/libawt.so
7fe2980cb000-7fe2980cc000 r--p 000bb000 08:03 1618707055                 /home/user/.p2/pool/plugins/org.eclipse.justj.openjdk.hotspot.jre.full.linux.x86_64_17.0.5.v20221102-0933/jre/lib/libawt.so
7fe2980cc000-7fe2980d7000 rw-p 000bc000 08:03 1618707055                 /home/user/.p2/pool/plugins/org.eclipse.justj.openjdk.hotspot.jre.full.linux.x86_64_17.0.5.v20221102-0933/jre/lib/libawt.so
7fe2980d7000-7fe2980fc000 rw-p 00000000 00:00 0 
7fe2980fc000-7fe298100000 ---p 00000000 00:00 0 
7fe298100000-7fe2981fd000 rw-p 00000000 00:00 0 
7fe2981fd000-7fe298201000 ---p 00000000 00:00 0 
7fe298201000-7fe2982fe000 rw-p 00000000 00:00 0 
7fe2982fe000-7fe2982ff000 ---p 00000000 00:00 0 
7fe2982ff000-7fe298800000 rw-p 00000000 00:00 0 
7fe298800000-7fe298840000 rw-p 00000000 00:00 0 
7fe298840000-7fe298880000 rw-p 00000000 00:00 0 
7fe298880000-7fe298900000 rw-p 00000000 00:00 0 
7fe298900000-7fe298b00000 rw-p 00000000 00:00 0 
7fe298b00000-7fe298b80000 rw-p 00000000 00:00 0 
7fe298b80000-7fe298c00000 rw-p 00000000 00:00 0 
7fe298c5e000-7fe298c62000 r--p 00000000 08:03 1618707052                 /home/user/.p2/pool/plugins/org.eclipse.justj.openjdk.hotspot.jre.full.linux.x86_64_17.0.5.v20221102-0933/jre/lib/libverify.so
7fe298c62000-7fe298c69000 r-xp 00004000 08:03 1618707052                 /home/user/.p2/pool/plugins/org.eclipse.justj.openjdk.hotspot.jre.full.linux.x86_64_17.0.5.v20221102-0933/jre/lib/libverify.so
7fe298c69000-7fe298c6b000 r--p 0000b000 08:03 1618707052                 /home/user/.p2/pool/plugins/org.eclipse.justj.openjdk.hotspot.jre.full.linux.x86_64_17.0.5.v20221102-0933/jre/lib/libverify.so
7fe298c6b000-7fe298c6d000 r--p 0000c000 08:03 1618707052                 /home/user/.p2/pool/plugins/org.eclipse.justj.openjdk.hotspot.jre.full.linux.x86_64_17.0.5.v20221102-0933/jre/lib/libverify.so
7fe298c6d000-7fe298c6e000 rw-p 0000e000 08:03 1618707052                 /home/user/.p2/pool/plugins/org.eclipse.justj.openjdk.hotspot.jre.full.linux.x86_64_17.0.5.v20221102-0933/jre/lib/libverify.so
7fe298c6e000-7fe298c9f000 rw-p 00000000 00:00 0 
7fe298c9f000-7fe298ca3000 r--p 00000000 08:03 1618707050                 /home/user/.p2/pool/plugins/org.eclipse.justj.openjdk.hotspot.jre.full.linux.x86_64_17.0.5.v20221102-0933/jre/lib/libnet.so
7fe298ca3000-7fe298cb1000 r-xp 00004000 08:03 1618707050                 /home/user/.p2/pool/plugins/org.eclipse.justj.openjdk.hotspot.jre.full.linux.x86_64_17.0.5.v20221102-0933/jre/lib/libnet.so
7fe298cb1000-7fe298cb5000 r--p 00012000 08:03 1618707050                 /home/user/.p2/pool/plugins/org.eclipse.justj.openjdk.hotspot.jre.full.linux.x86_64_17.0.5.v20221102-0933/jre/lib/libnet.so
7fe298cb5000-7fe298cb6000 r--p 00015000 08:03 1618707050                 /home/user/.p2/pool/plugins/org.eclipse.justj.openjdk.hotspot.jre.full.linux.x86_64_17.0.5.v20221102-0933/jre/lib/libnet.so
7fe298cb6000-7fe298cb7000 rw-p 00016000 08:03 1618707050                 /home/user/.p2/pool/plugins/org.eclipse.justj.openjdk.hotspot.jre.full.linux.x86_64_17.0.5.v20221102-0933/jre/lib/libnet.so
7fe298cb7000-7fe298d93000 rw-p 00000000 00:00 0 
7fe298d93000-7fe298d94000 ---p 00000000 00:00 0 
7fe298d94000-7fe298e95000 rw-p 00000000 00:00 0 
7fe298e95000-7fe298e96000 ---p 00000000 00:00 0 
7fe298e96000-7fe29959d000 rw-p 00000000 00:00 0 
7fe29959d000-7fe29959e000 ---p 00000000 00:00 0 
7fe29959e000-7fe29987f000 rw-p 00000000 00:00 0 
7fe29987f000-7fe29b467000 ---p 00000000 00:00 0 
7fe29b467000-7fe29b647000 rw-p 00000000 00:00 0 
7fe29b647000-7fe29d22f000 ---p 00000000 00:00 0 
7fe29d22f000-7fe29d26b000 rw-p 00000000 00:00 0 
7fe29d26b000-7fe29d5e8000 ---p 00000000 00:00 0 
7fe29d5e8000-7fe29d624000 rw-p 00000000 00:00 0 
7fe29d624000-7fe29d9a1000 ---p 00000000 00:00 0 
7fe29d9a1000-7fe29dc11000 rwxp 00000000 00:00 0 
7fe29dc11000-7fe29df32000 ---p 00000000 00:00 0 
7fe29df32000-7fe29e1a2000 rwxp 00000000 00:00 0 
7fe29e1a2000-7fe2a5469000 ---p 00000000 00:00 0 
7fe2a5469000-7fe2a56d9000 rwxp 00000000 00:00 0 
7fe2a56d9000-7fe2ac9a1000 ---p 00000000 00:00 0 
7fe2ac9a1000-7fe2b0000000 r--s 00000000 08:03 1618707041                 /home/user/.p2/pool/plugins/org.eclipse.justj.openjdk.hotspot.jre.full.linux.x86_64_17.0.5.v20221102-0933/jre/lib/modules
7fe2b0000000-7fe2b0d3d000 rw-p 00000000 00:00 0 
7fe2b0d3d000-7fe2b4000000 ---p 00000000 00:00 0 
7fe2b4002000-7fe2b4009000 r--s 00000000 08:03 1610789511                 /usr/lib64/gconv/gconv-modules.cache
7fe2b4009000-7fe2b4010000 r--p 00000000 08:03 1618707051                 /home/user/.p2/pool/plugins/org.eclipse.justj.openjdk.hotspot.jre.full.linux.x86_64_17.0.5.v20221102-0933/jre/lib/libnio.so
7fe2b4010000-7fe2b4019000 r-xp 00007000 08:03 1618707051                 /home/user/.p2/pool/plugins/org.eclipse.justj.openjdk.hotspot.jre.full.linux.x86_64_17.0.5.v20221102-0933/jre/lib/libnio.so
7fe2b4019000-7fe2b401d000 r--p 00010000 08:03 1618707051                 /home/user/.p2/pool/plugins/org.eclipse.justj.openjdk.hotspot.jre.full.linux.x86_64_17.0.5.v20221102-0933/jre/lib/libnio.so
7fe2b401d000-7fe2b401e000 ---p 00014000 08:03 1618707051                 /home/user/.p2/pool/plugins/org.eclipse.justj.openjdk.hotspot.jre.full.linux.x86_64_17.0.5.v20221102-0933/jre/lib/libnio.so
7fe2b401e000-7fe2b401f000 r--p 00014000 08:03 1618707051                 /home/user/.p2/pool/plugins/org.eclipse.justj.openjdk.hotspot.jre.full.linux.x86_64_17.0.5.v20221102-0933/jre/lib/libnio.so
7fe2b401f000-7fe2b4020000 rw-p 00015000 08:03 1618707051                 /home/user/.p2/pool/plugins/org.eclipse.justj.openjdk.hotspot.jre.full.linux.x86_64_17.0.5.v20221102-0933/jre/lib/libnio.so
7fe2b4020000-7fe2b4061000 rw-p 00000000 00:00 0 
7fe2b4061000-7fe2b4062000 ---p 00000000 00:00 0 
7fe2b4062000-7fe2b4163000 rw-p 00000000 00:00 0 
7fe2b4163000-7fe2b4164000 ---p 00000000 00:00 0 
7fe2b4164000-7fe2b42a1000 rw-p 00000000 00:00 0 
7fe2b42a1000-7fe2b461e000 ---p 00000000 00:00 0 
7fe2b461e000-7fe2b4c29000 rw-p 00000000 00:00 0 
7fe2b4c29000-7fe2b4d0f000 ---p 00000000 00:00 0 
7fe2b4d0f000-7fe2b4d14000 rw-p 00000000 00:00 0 
7fe2b4d14000-7fe2b4dfa000 ---p 00000000 00:00 0 
7fe2b4dfa000-7fe2b4e06000 r-xp 00000000 08:03 536943967                  /usr/lib64/libnss_files-2.17.so
7fe2b4e06000-7fe2b5005000 ---p 0000c000 08:03 536943967                  /usr/lib64/libnss_files-2.17.so
7fe2b5005000-7fe2b5006000 r--p 0000b000 08:03 536943967                  /usr/lib64/libnss_files-2.17.so
7fe2b5006000-7fe2b5007000 rw-p 0000c000 08:03 536943967                  /usr/lib64/libnss_files-2.17.so
7fe2b5007000-7fe2b500d000 rw-p 00000000 00:00 0 
7fe2b500d000-7fe2b510e000 r-xp 00000000 08:03 536943957                  /usr/lib64/libm-2.17.so
7fe2b510e000-7fe2b530d000 ---p 00101000 08:03 536943957                  /usr/lib64/libm-2.17.so
7fe2b530d000-7fe2b530e000 r--p 00100000 08:03 536943957                  /usr/lib64/libm-2.17.so
7fe2b530e000-7fe2b530f000 rw-p 00101000 08:03 536943957                  /usr/lib64/libm-2.17.so
7fe2b530f000-7fe2b5316000 r-xp 00000000 08:03 536943980                  /usr/lib64/librt-2.17.so
7fe2b5316000-7fe2b5515000 ---p 00007000 08:03 536943980                  /usr/lib64/librt-2.17.so
7fe2b5515000-7fe2b5516000 r--p 00006000 08:03 536943980                  /usr/lib64/librt-2.17.so
7fe2b5516000-7fe2b5517000 rw-p 00007000 08:03 536943980                  /usr/lib64/librt-2.17.so
7fe2b5517000-7fe2b5769000 r--p 00000000 08:03 553365661                  /home/user/.p2/pool/plugins/org.eclipse.justj.openjdk.hotspot.jre.full.linux.x86_64_17.0.5.v20221102-0933/jre/lib/server/libjvm.so
7fe2b5769000-7fe2b6482000 r-xp 00252000 08:03 553365661                  /home/user/.p2/pool/plugins/org.eclipse.justj.openjdk.hotspot.jre.full.linux.x86_64_17.0.5.v20221102-0933/jre/lib/server/libjvm.so
7fe2b6482000-7fe2b670d000 r--p 00f6b000 08:03 553365661                  /home/user/.p2/pool/plugins/org.eclipse.justj.openjdk.hotspot.jre.full.linux.x86_64_17.0.5.v20221102-0933/jre/lib/server/libjvm.so
7fe2b670d000-7fe2b670e000 ---p 011f6000 08:03 553365661                  /home/user/.p2/pool/plugins/org.eclipse.justj.openjdk.hotspot.jre.full.linux.x86_64_17.0.5.v20221102-0933/jre/lib/server/libjvm.so
7fe2b670e000-7fe2b67c7000 r--p 011f6000 08:03 553365661                  /home/user/.p2/pool/plugins/org.eclipse.justj.openjdk.hotspot.jre.full.linux.x86_64_17.0.5.v20221102-0933/jre/lib/server/libjvm.so
7fe2b67c7000-7fe2b67fc000 rw-p 012af000 08:03 553365661                  /home/user/.p2/pool/plugins/org.eclipse.justj.openjdk.hotspot.jre.full.linux.x86_64_17.0.5.v20221102-0933/jre/lib/server/libjvm.so
7fe2b67fc000-7fe2b6856000 rw-p 00000000 00:00 0 
7fe2b6856000-7fe2b6a1a000 r-xp 00000000 08:03 536943949                  /usr/lib64/libc-2.17.so
7fe2b6a1a000-7fe2b6c19000 ---p 001c4000 08:03 536943949                  /usr/lib64/libc-2.17.so
7fe2b6c19000-7fe2b6c1d000 r--p 001c3000 08:03 536943949                  /usr/lib64/libc-2.17.so
7fe2b6c1d000-7fe2b6c1f000 rw-p 001c7000 08:03 536943949                  /usr/lib64/libc-2.17.so
7fe2b6c1f000-7fe2b6c24000 rw-p 00000000 00:00 0 
7fe2b6c24000-7fe2b6c26000 r-xp 00000000 08:03 536943955                  /usr/lib64/libdl-2.17.so
7fe2b6c26000-7fe2b6e26000 ---p 00002000 08:03 536943955                  /usr/lib64/libdl-2.17.so
7fe2b6e26000-7fe2b6e27000 r--p 00002000 08:03 536943955                  /usr/lib64/libdl-2.17.so
7fe2b6e27000-7fe2b6e28000 rw-p 00003000 08:03 536943955                  /usr/lib64/libdl-2.17.so
7fe2b6e28000-7fe2b6e3f000 r-xp 00000000 08:03 536943976                  /usr/lib64/libpthread-2.17.so
7fe2b6e3f000-7fe2b703e000 ---p 00017000 08:03 536943976                  /usr/lib64/libpthread-2.17.so
7fe2b703e000-7fe2b703f000 r--p 00016000 08:03 536943976                  /usr/lib64/libpthread-2.17.so
7fe2b703f000-7fe2b7040000 rw-p 00017000 08:03 536943976                  /usr/lib64/libpthread-2.17.so
7fe2b7040000-7fe2b7044000 rw-p 00000000 00:00 0 
7fe2b7044000-7fe2b7059000 r-xp 00000000 08:03 536944271                  /usr/lib64/libz.so.1.2.7
7fe2b7059000-7fe2b7258000 ---p 00015000 08:03 536944271                  /usr/lib64/libz.so.1.2.7
7fe2b7258000-7fe2b7259000 r--p 00014000 08:03 536944271                  /usr/lib64/libz.so.1.2.7
7fe2b7259000-7fe2b725a000 rw-p 00015000 08:03 536944271                  /usr/lib64/libz.so.1.2.7
7fe2b725a000-7fe2b727c000 r-xp 00000000 08:03 538887503                  /usr/lib64/ld-2.17.so
7fe2b727c000-7fe2b727e000 r--p 00000000 08:03 1618707053                 /home/user/.p2/pool/plugins/org.eclipse.justj.openjdk.hotspot.jre.full.linux.x86_64_17.0.5.v20221102-0933/jre/lib/libzip.so
7fe2b727e000-7fe2b7282000 r-xp 00002000 08:03 1618707053                 /home/user/.p2/pool/plugins/org.eclipse.justj.openjdk.hotspot.jre.full.linux.x86_64_17.0.5.v20221102-0933/jre/lib/libzip.so
7fe2b7282000-7fe2b7284000 r--p 00006000 08:03 1618707053                 /home/user/.p2/pool/plugins/org.eclipse.justj.openjdk.hotspot.jre.full.linux.x86_64_17.0.5.v20221102-0933/jre/lib/libzip.so
7fe2b7284000-7fe2b7285000 r--p 00007000 08:03 1618707053                 /home/user/.p2/pool/plugins/org.eclipse.justj.openjdk.hotspot.jre.full.linux.x86_64_17.0.5.v20221102-0933/jre/lib/libzip.so
7fe2b7285000-7fe2b7286000 rw-p 00008000 08:03 1618707053                 /home/user/.p2/pool/plugins/org.eclipse.justj.openjdk.hotspot.jre.full.linux.x86_64_17.0.5.v20221102-0933/jre/lib/libzip.so
7fe2b7286000-7fe2b7301000 rw-p 00000000 00:00 0 
7fe2b7301000-7fe2b730e000 r--p 00000000 08:03 1618707046                 /home/user/.p2/pool/plugins/org.eclipse.justj.openjdk.hotspot.jre.full.linux.x86_64_17.0.5.v20221102-0933/jre/lib/libjava.so
7fe2b730e000-7fe2b7320000 r-xp 0000d000 08:03 1618707046                 /home/user/.p2/pool/plugins/org.eclipse.justj.openjdk.hotspot.jre.full.linux.x86_64_17.0.5.v20221102-0933/jre/lib/libjava.so
7fe2b7320000-7fe2b7326000 r--p 0001f000 08:03 1618707046                 /home/user/.p2/pool/plugins/org.eclipse.justj.openjdk.hotspot.jre.full.linux.x86_64_17.0.5.v20221102-0933/jre/lib/libjava.so
7fe2b7326000-7fe2b7327000 ---p 00025000 08:03 1618707046                 /home/user/.p2/pool/plugins/org.eclipse.justj.openjdk.hotspot.jre.full.linux.x86_64_17.0.5.v20221102-0933/jre/lib/libjava.so
7fe2b7327000-7fe2b7328000 r--p 00025000 08:03 1618707046                 /home/user/.p2/pool/plugins/org.eclipse.justj.openjdk.hotspot.jre.full.linux.x86_64_17.0.5.v20221102-0933/jre/lib/libjava.so
7fe2b7328000-7fe2b7329000 rw-p 00026000 08:03 1618707046                 /home/user/.p2/pool/plugins/org.eclipse.justj.openjdk.hotspot.jre.full.linux.x86_64_17.0.5.v20221102-0933/jre/lib/libjava.so
7fe2b7329000-7fe2b732a000 rw-p 00000000 00:00 0 
7fe2b732a000-7fe2b732e000 r--p 00000000 08:03 1618707047                 /home/user/.p2/pool/plugins/org.eclipse.justj.openjdk.hotspot.jre.full.linux.x86_64_17.0.5.v20221102-0933/jre/lib/libjimage.so
7fe2b732e000-7fe2b7341000 r-xp 00004000 08:03 1618707047                 /home/user/.p2/pool/plugins/org.eclipse.justj.openjdk.hotspot.jre.full.linux.x86_64_17.0.5.v20221102-0933/jre/lib/libjimage.so
7fe2b7341000-7fe2b7347000 r--p 00017000 08:03 1618707047                 /home/user/.p2/pool/plugins/org.eclipse.justj.openjdk.hotspot.jre.full.linux.x86_64_17.0.5.v20221102-0933/jre/lib/libjimage.so
7fe2b7347000-7fe2b7349000 r--p 0001c000 08:03 1618707047                 /home/user/.p2/pool/plugins/org.eclipse.justj.openjdk.hotspot.jre.full.linux.x86_64_17.0.5.v20221102-0933/jre/lib/libjimage.so
7fe2b7349000-7fe2b734a000 rw-p 0001e000 08:03 1618707047                 /home/user/.p2/pool/plugins/org.eclipse.justj.openjdk.hotspot.jre.full.linux.x86_64_17.0.5.v20221102-0933/jre/lib/libjimage.so
7fe2b734a000-7fe2b734e000 ---p 00000000 00:00 0 
7fe2b734e000-7fe2b744f000 rw-p 00000000 00:00 0 
7fe2b744f000-7fe2b7452000 r--p 00000000 08:03 1618707048                 /home/user/.p2/pool/plugins/org.eclipse.justj.openjdk.hotspot.jre.full.linux.x86_64_17.0.5.v20221102-0933/jre/lib/libjli.so
7fe2b7452000-7fe2b745c000 r-xp 00003000 08:03 1618707048                 /home/user/.p2/pool/plugins/org.eclipse.justj.openjdk.hotspot.jre.full.linux.x86_64_17.0.5.v20221102-0933/jre/lib/libjli.so
7fe2b745c000-7fe2b745f000 r--p 0000d000 08:03 1618707048                 /home/user/.p2/pool/plugins/org.eclipse.justj.openjdk.hotspot.jre.full.linux.x86_64_17.0.5.v20221102-0933/jre/lib/libjli.so
7fe2b745f000-7fe2b7460000 ---p 00010000 08:03 1618707048                 /home/user/.p2/pool/plugins/org.eclipse.justj.openjdk.hotspot.jre.full.linux.x86_64_17.0.5.v20221102-0933/jre/lib/libjli.so
7fe2b7460000-7fe2b7461000 r--p 00010000 08:03 1618707048                 /home/user/.p2/pool/plugins/org.eclipse.justj.openjdk.hotspot.jre.full.linux.x86_64_17.0.5.v20221102-0933/jre/lib/libjli.so
7fe2b7461000-7fe2b7462000 rw-p 00011000 08:03 1618707048                 /home/user/.p2/pool/plugins/org.eclipse.justj.openjdk.hotspot.jre.full.linux.x86_64_17.0.5.v20221102-0933/jre/lib/libjli.so
7fe2b7462000-7fe2b7468000 rw-p 00000000 00:00 0 
7fe2b7468000-7fe2b746f000 ---p 00000000 00:00 0 
7fe2b746f000-7fe2b7477000 rw-s 00000000 08:03 1076891920                 /tmp/hsperfdata_user/12547
7fe2b7477000-7fe2b7478000 ---p 00000000 00:00 0 
7fe2b7478000-7fe2b7479000 r--p 00000000 00:00 0 
7fe2b7479000-7fe2b747a000 ---p 00000000 00:00 0 
7fe2b747a000-7fe2b747b000 rw-p 00000000 00:00 0 
7fe2b747b000-7fe2b747c000 r--p 00021000 08:03 538887503                  /usr/lib64/ld-2.17.so
7fe2b747c000-7fe2b747d000 rw-p 00022000 08:03 538887503                  /usr/lib64/ld-2.17.so
7fe2b747d000-7fe2b747e000 rw-p 00000000 00:00 0 
7ffcebf07000-7ffcebf2d000 rw-p 00000000 00:00 0                          [stack]
7ffcebfae000-7ffcebfb0000 r-xp 00000000 00:00 0                          [vdso]
ffffffffff600000-ffffffffff601000 r-xp 00000000 00:00 0                  [vsyscall]


VM Arguments:
jvm_args: -Dfile.encoding=UTF-8 -XX:+ShowCodeDetailsInExceptionMessages 
java_command: com.automatics.rdkv.STBhomescreen.ReadTextInImage
java_class_path (initial): /home/user/eclipse-workspace/RDKV_Peacock/target/test-classes:/home/user/eclipse-workspace/RDKV_Peacock/target/classes:/home/user/.p2/pool/plugins/org.junit_4.13.2.v20211018-1956.jar:/home/user/.m2/repository/com/github/romankh3/image-comparison/4.4.0/image-comparison-4.4.0.jar:/home/user/.m2/repository/junit/junit/4.11/junit-4.11.jar:/home/user/.m2/repository/org/hamcrest/hamcrest-core/1.3/hamcrest-core-1.3.jar:/home/user/.m2/repository/org/codehaus/jackson/jackson-mapper-asl/1.5.0/jackson-mapper-asl-1.5.0.jar:/home/user/.m2/repository/org/codehaus/jackson/jackson-core-asl/1.5.0/jackson-core-asl-1.5.0.jar:/home/user/eclipse-workspace/AUTOMATICS_CORE/target/classes:/home/user/.m2/repository/org/seleniumhq/selenium/selenium-server/3.12.0/selenium-server-3.12.0.jar:/home/user/.m2/repository/org/seleniumhq/selenium/selenium-edge-driver/3.12.0/selenium-edge-driver-3.12.0.jar:/home/user/.m2/repository/org/seleniumhq/selenium/selenium-ie-driver/3.12.0/selenium-ie-driver-3.12.0.jar:/home/user/.m2/repository/org/seleniumhq/selenium/selenium-opera-driver/3.12.0/selenium-opera-driver-3.12.0.jar:/home/user/.m2/repository/org/seleniumhq/selenium/selenium-safari-driver/3.12.0/selenium-safari-driver-3.12.0.jar:/home/user/.m2/repository/org/seleniumhq/selenium/selenium-support/3.12.0/selenium-support-3.12.0.jar:/home/user/.m2/repository/com/beust/jcommander/1.72/jcommander-1.72.jar:/home/user/.m2/repository/net/bytebuddy/byte-buddy/1.8.3/byte-buddy-1.8.3.jar:/home/user/.m2/repository/org/apache/commons/commons-lang3/3.7/commons-lang3-3.7.jar:/home/user/.m2/repository/org/apache/commons/commons-text/1.1/commons-text-1.1.jar:/home/user/.m2/repository/commons-codec/commons-codec/1.10/commons-codec-1.10.jar:/home/user/.m2/repository/commons-logging/commons-logging/1.2/commons-logging-1.2.jar:/home/user/.m2/repository/commons-net/commons-net/3.6/commons-net-3.6.jar:/home/user/.m2/repository/org/w3c/css/sac/1.3/sac-1.3.jar:/home/user/.m2/repository/net/sourc
Launcher Type: SUN_STANDARD

[Global flags]
     intx CICompilerCount                          = 3                                         {product} {ergonomic}
     uint ConcGCThreads                            = 2                                         {product} {ergonomic}
     uint G1ConcRefinementThreads                  = 6                                         {product} {ergonomic}
   size_t G1HeapRegionSize                         = 1048576                                   {product} {ergonomic}
    uintx GCDrainStackTargetSize                   = 64                                        {product} {ergonomic}
   size_t InitialHeapSize                          = 125829120                                 {product} {ergonomic}
   size_t MarkStackSize                            = 4194304                                   {product} {ergonomic}
   size_t MaxHeapSize                              = 1998585856                                {product} {ergonomic}
   size_t MaxNewSize                               = 1198522368                                {product} {ergonomic}
   size_t MinHeapDeltaBytes                        = 1048576                                   {product} {ergonomic}
   size_t MinHeapSize                              = 8388608                                   {product} {ergonomic}
    uintx NonNMethodCodeHeapSize                   = 5832780                                {pd product} {ergonomic}
    uintx NonProfiledCodeHeapSize                  = 122912730                              {pd product} {ergonomic}
    uintx ProfiledCodeHeapSize                     = 122912730                              {pd product} {ergonomic}
    uintx ReservedCodeCacheSize                    = 251658240                              {pd product} {ergonomic}
     bool SegmentedCodeCache                       = true                                      {product} {ergonomic}
     bool ShowCodeDetailsInExceptionMessages       = true                                   {manageable} {command line}
   size_t SoftMaxHeapSize                          = 1998585856                             {manageable} {ergonomic}
     bool UseCompressedClassPointers               = true                           {product lp64_product} {ergonomic}
     bool UseCompressedOops                        = true                           {product lp64_product} {ergonomic}
     bool UseG1GC                                  = true                                      {product} {ergonomic}

Logging:
Log output configuration:
 #0: stdout all=warning uptime,level,tags
 #1: stderr all=off uptime,level,tags

Environment Variables:
PATH=/usr/local/bin:/bin:/usr/bin:/usr/local/sbin:/usr/sbin:/var/lib/snapd/snap/bin:/home/user/apache-maven-3.6.3/bin:/home/user/.local/bin:/home/user/bin
SHELL=/bin/bash
DISPLAY=:7
LANG=en_US.UTF-8
TERM=linux

Signal Handlers:
   SIGSEGV: crash_handler in libjvm.so, mask=11100100010111111101111111111110, flags=SA_RESTART|SA_SIGINFO
    SIGBUS: crash_handler in libjvm.so, mask=11100100010111111101111111111110, flags=SA_RESTART|SA_SIGINFO
    SIGFPE: crash_handler in libjvm.so, mask=11100100010111111101111111111110, flags=SA_RESTART|SA_SIGINFO
   SIGPIPE: javaSignalHandler in libjvm.so, mask=11100100010111111101111111111110, flags=SA_RESTART|SA_SIGINFO
   SIGXFSZ: javaSignalHandler in libjvm.so, mask=11100100010111111101111111111110, flags=SA_RESTART|SA_SIGINFO
    SIGILL: crash_handler in libjvm.so, mask=11100100010111111101111111111110, flags=SA_RESTART|SA_SIGINFO
   SIGUSR2: SR_handler in libjvm.so, mask=00100000000000000000000000000000, flags=SA_RESTART|SA_SIGINFO
    SIGHUP: UserHandler in libjvm.so, mask=11100100010111111101111111111110, flags=SA_RESTART|SA_SIGINFO
    SIGINT: UserHandler in libjvm.so, mask=11100100010111111101111111111110, flags=SA_RESTART|SA_SIGINFO
   SIGTERM: UserHandler in libjvm.so, mask=11100100010111111101111111111110, flags=SA_RESTART|SA_SIGINFO
   SIGQUIT: UserHandler in libjvm.so, mask=11100100010111111101111111111110, flags=SA_RESTART|SA_SIGINFO
  *** Handler was modified!
  *** Expected: javaSignalHandler in libjvm.so, mask=11100100110111111111111111111110, flags=SA_RESTART|SA_SIGINFO
   SIGTRAP: crash_handler in libjvm.so, mask=11100100010111111101111111111110, flags=SA_RESTART|SA_SIGINFO


---------------  S Y S T E M  ---------------

OS:
CentOS Linux release 7.9.2009 (Core)
uname: Linux 3.10.0-1160.81.1.el7.x86_64 #1 SMP Fri Dec 16 17:29:43 UTC 2022 x86_64
OS uptime: 0 days 5:24 hours
libc: glibc 2.17 NPTL 2.17 
rlimit (soft/hard): STACK 8192k/infinity , CORE 0k/infinity , NPROC 4096/28961 , NOFILE 4096/4096 , AS infinity/infinity , CPU infinity/infinity , DATA infinity/infinity , FSIZE infinity/infinity , MEMLOCK 64k/64k
load average: 7.90 6.96 6.88

/proc/meminfo:
MemTotal:        7800224 kB
MemFree:          142452 kB
MemAvailable:     316740 kB
Buffers:              32 kB
Cached:           407668 kB
SwapCached:       210996 kB
Active:          5720152 kB
Inactive:        1344524 kB
Active(anon):    5532384 kB
Inactive(anon):  1171616 kB
Active(file):     187768 kB
Inactive(file):   172908 kB
Unevictable:         544 kB
Mlocked:              80 kB
SwapTotal:       7812092 kB
SwapFree:        5579820 kB
Dirty:              1160 kB
Writeback:             0 kB
AnonPages:       6622380 kB
Mapped:           194780 kB
Shmem:             46748 kB
Slab:             191252 kB
SReclaimable:      77816 kB
SUnreclaim:       113436 kB
KernelStack:       22752 kB
PageTables:        81384 kB
NFS_Unstable:          0 kB
Bounce:                0 kB
WritebackTmp:          0 kB
CommitLimit:    11712204 kB
Committed_AS:   14776992 kB
VmallocTotal:   34359738367 kB
VmallocUsed:      472064 kB
VmallocChunk:   34358919164 kB
Percpu:            15232 kB
HardwareCorrupted:     0 kB
AnonHugePages:   2656256 kB
CmaTotal:              0 kB
CmaFree:               0 kB
HugePages_Total:       0
HugePages_Free:        0
HugePages_Rsvd:        0
HugePages_Surp:        0
Hugepagesize:       2048 kB
DirectMap4k:      129720 kB
DirectMap2M:     4904960 kB
DirectMap1G:     3145728 kB

/sys/kernel/mm/transparent_hugepage/enabled: [always] madvise never
/sys/kernel/mm/transparent_hugepage/defrag (defrag/compaction efforts parameter): [always] madvise never

Process Memory:
Virtual Size: 5295992K (peak: 5329868K)
Resident Set Size: 113084K (peak: 113084K) (anon: 90384K, file: 22700K, shmem: 0K)
Swapped out: 0K
C-Heap outstanding allocations: 48005K, retained: 9830K
glibc malloc tunables: (default)

/proc/sys/kernel/threads-max (system-wide limit on the number of threads): 57923
/proc/sys/vm/max_map_count (maximum number of memory map areas a process may have): 65530
/proc/sys/kernel/pid_max (system-wide limit on number of process identifiers): 32768

container (cgroup) information:
container_type: cgroupv1
cpu_cpuset_cpus: 0-5
cpu_memory_nodes: 0
active_processor_count: 6
cpu_quota: no quota
cpu_period: 100000
cpu_shares: no shares
memory_limit_in_bytes: unlimited
memory_and_swap_limit_in_bytes: unlimited
memory_soft_limit_in_bytes: unlimited
memory_usage_in_bytes: 7032468 k
memory_max_usage_in_bytes: unlimited
maximum number of tasks: unlimited
current number of tasks: 1137

Steal ticks since vm start: 0
Steal ticks percentage since vm start:  0.000

CPU: total 6 (initial active 6) (6 cores per cpu, 1 threads per core) family 6 model 158 stepping 10 microcode 0xf0, cx8, cmov, fxsr, mmx, 3dnowpref, sse, sse2, sse3, ssse3, sse4.1, sse4.2, popcnt, lzcnt, tsc, tscinvbit, avx, avx2, aes, erms, clmul, bmi1, bmi2, rtm, adx, fma, vzeroupper, clflush, clflushopt
CPU Model and flags from /proc/cpuinfo:
model name	: Intel(R) Core(TM) i5-8500 CPU @ 3.00GHz
flags		: fpu vme de pse tsc msr pae mce cx8 apic sep mtrr pge mca cmov pat pse36 clflush dts acpi mmx fxsr sse sse2 ss ht tm pbe syscall nx pdpe1gb rdtscp lm constant_tsc art arch_perfmon pebs bts rep_good nopl xtopology nonstop_tsc aperfmperf eagerfpu pni pclmulqdq dtes64 monitor ds_cpl vmx smx est tm2 ssse3 sdbg fma cx16 xtpr pdcm pcid sse4_1 sse4_2 x2apic movbe popcnt tsc_deadline_timer aes xsave avx f16c rdrand lahf_lm abm 3dnowprefetch epb invpcid_single ssbd rsb_ctxsw ibrs ibpb stibp tpr_shadow vnmi flexpriority ept vpid fsgsbase tsc_adjust bmi1 hle avx2 smep bmi2 erms invpcid rtm mpx rdseed adx smap clflushopt intel_pt xsaveopt xsavec xgetbv1 dtherm ida arat pln pts hwp hwp_notify hwp_act_window hwp_epp md_clear spec_ctrl intel_stibp flush_l1d arch_capabilities

Online cpus: 0-5
Offline cpus: 
BIOS frequency limitation: <Not Available>
Frequency switch latency (ns): 4294967295
Available cpu frequencies: <Not Available>
Current governor: powersave
Core performance/turbo boost: <Not Available>

Memory: 4k page, physical 7800224k(142452k free), swap 7812092k(5579820k free)
Page Sizes: 4k

vm_info: OpenJDK 64-Bit Server VM (17.0.5+8) for linux-amd64 JRE (17.0.5+8), built on Oct 18 2022 00:00:00 by "temurin" with gcc 10.3.0

END.
